#
# There is insufficient memory for the Java Runtime Environment to continue.
# Native memory allocation (mmap) failed to map 60817408 bytes for G1 virtual space
# Possible reasons:
#   The system is out of physical RAM or swap space
#   The process is running with CompressedOops enabled, and the Java Heap may be blocking the growth of the native heap
# Possible solutions:
#   Reduce memory load on the system
#   Increase physical memory or swap space
#   Check if swap backing store is full
#   Decrease Java heap size (-Xmx/-Xms)
#   Decrease number of Java threads
#   Decrease Java thread stack sizes (-Xss)
#   Set larger code cache with -XX:ReservedCodeCacheSize=
#   JVM is running with Unscaled Compressed Oops mode in which the Java heap is
#     placed in the first 4GB address space. The Java Heap base address is the
#     maximum limit for the native heap growth. Please use -XX:HeapBaseMinAddress
#     to set the Java Heap base and to place the Java Heap above 4GB virtual address.
# This output file may be truncated or incomplete.
#
#  Out of Memory Error (os_windows.cpp:3535), pid=5492, tid=23940
#
# JRE version: OpenJDK Runtime Environment Temurin-17.0.3+7 (17.0.3+7) (build 17.0.3+7)
# Java VM: OpenJDK 64-Bit Server VM Temurin-17.0.3+7 (17.0.3+7, mixed mode, emulated-client, tiered, compressed oops, compressed class ptrs, g1 gc, windows-amd64)
# No core dump will be written. Minidumps are not enabled by default on client versions of Windows
#

---------------  S U M M A R Y ------------

Command Line: --add-modules=ALL-SYSTEM --add-exports=jdk.compiler/com.sun.tools.javac.file=ALL-UNNAMED --add-exports=jdk.compiler/com.sun.tools.javac.util=ALL-UNNAMED --add-exports=jdk.compiler/com.sun.tools.javac.comp=ALL-UNNAMED --add-exports=jdk.compiler/com.sun.tools.javac.main=ALL-UNNAMED --add-exports=jdk.compiler/com.sun.tools.javac.tree=ALL-UNNAMED --add-exports=jdk.compiler/com.sun.tools.javac.code=ALL-UNNAMED -Dsts.lsp.client=vscode -Dsts.log.file=/dev/null -XX:TieredStopAtLevel=1 -Dspring.config.location=file:c:\Users\Fadilou Sy\.vscode\extensions\pivotal.vscode-spring-boot-1.35.0\language-server\BOOT-INF\classes\application.properties org.springframework.ide.vscode.boot.app.BootLanguageServerBootApp

Host: Intel(R) Core(TM) i7-10510U CPU @ 1.80GHz, 8 cores, 7G,  Windows 10 , 64 bit Build 19041 (10.0.19041.1706)
Time: Thu Jun 16 15:30:42 2022 Temps universel coordonné elapsed time: 2.038094 seconds (0d 0h 0m 2s)

---------------  T H R E A D  ---------------

Current thread (0x00000273904bbf60):  VMThread "VM Thread" [stack: 0x000000d5a0200000,0x000000d5a0300000] [id=23940]

Stack: [0x000000d5a0200000,0x000000d5a0300000]
Native frames: (J=compiled Java code, j=interpreted, Vv=VM code, C=native code)
V  [jvm.dll+0x675efa]
V  [jvm.dll+0x830a24]
V  [jvm.dll+0x8321ce]
V  [jvm.dll+0x832833]
V  [jvm.dll+0x2454b5]
V  [jvm.dll+0x672de9]
V  [jvm.dll+0x667732]
V  [jvm.dll+0x3043ab]
V  [jvm.dll+0x30b8f6]
V  [jvm.dll+0x35b62e]
V  [jvm.dll+0x35b85f]
V  [jvm.dll+0x2db248]
V  [jvm.dll+0x2d94fc]
V  [jvm.dll+0x2d8acc]
V  [jvm.dll+0x31ca2b]
V  [jvm.dll+0x836cdb]
V  [jvm.dll+0x837a14]
V  [jvm.dll+0x837f2c]
V  [jvm.dll+0x838304]
V  [jvm.dll+0x8383d0]
V  [jvm.dll+0x7e0cfa]
V  [jvm.dll+0x674d85]
C  [ucrtbase.dll+0x21bb2]
C  [KERNEL32.DLL+0x17034]
C  [ntdll.dll+0x52651]

VM_Operation (0x000000d5a22fe8e0): G1CollectForAllocation, mode: safepoint, requested by thread 0x0000027392d4efc0


---------------  P R O C E S S  ---------------

Threads class SMR info:
_java_thread_list=0x0000027392ef43b0, length=39, elements={
0x000002739050b390, 0x000002739050c8b0, 0x0000027391016620, 0x0000027391017850,
0x000002739101b4f0, 0x000002739101cd60, 0x0000027391026bd0, 0x0000027391027880,
0x000002739106b850, 0x0000027391200a30, 0x0000027391271c10, 0x000002739191b940,
0x0000027391bcace0, 0x0000027392c40300, 0x0000027392b3b050, 0x0000027392cca840,
0x0000027383278ce0, 0x0000027392d4c010, 0x0000027392d4c4e0, 0x0000027392d50c50,
0x0000027392d51120, 0x0000027392d515f0, 0x0000027392d4f490, 0x0000027392d4efc0,
0x0000027392d4e620, 0x0000027392d4dc80, 0x0000027392d4eaf0, 0x0000027392d4e150,
0x0000027392d6f2f0, 0x0000027392d68910, 0x0000027392d6aac0, 0x0000027392d692b0,
0x0000027392d6af90, 0x0000027392d69780, 0x0000027392d67f70, 0x0000027392d6be00,
0x0000027392d6dfb0, 0x0000027392d6b930, 0x0000027392d6b460
}

Java Threads: ( => current thread )
  0x000002739050b390 JavaThread "Reference Handler" daemon [_thread_blocked, id=10188, stack(0x000000d5a0300000,0x000000d5a0400000)]
  0x000002739050c8b0 JavaThread "Finalizer" daemon [_thread_blocked, id=10316, stack(0x000000d5a0400000,0x000000d5a0500000)]
  0x0000027391016620 JavaThread "Signal Dispatcher" daemon [_thread_blocked, id=25136, stack(0x000000d5a0500000,0x000000d5a0600000)]
  0x0000027391017850 JavaThread "Attach Listener" daemon [_thread_blocked, id=23208, stack(0x000000d5a0600000,0x000000d5a0700000)]
  0x000002739101b4f0 JavaThread "Service Thread" daemon [_thread_blocked, id=13000, stack(0x000000d5a0700000,0x000000d5a0800000)]
  0x000002739101cd60 JavaThread "Monitor Deflation Thread" daemon [_thread_blocked, id=16240, stack(0x000000d5a0800000,0x000000d5a0900000)]
  0x0000027391026bd0 JavaThread "C1 CompilerThread0" daemon [_thread_blocked, id=7436, stack(0x000000d5a0900000,0x000000d5a0a00000)]
  0x0000027391027880 JavaThread "Sweeper thread" daemon [_thread_blocked, id=26604, stack(0x000000d5a0a00000,0x000000d5a0b00000)]
  0x000002739106b850 JavaThread "C1 CompilerThread1" daemon [_thread_blocked, id=4976, stack(0x000000d5a0b00000,0x000000d5a0c00000)]
  0x0000027391200a30 JavaThread "Common-Cleaner" daemon [_thread_blocked, id=27912, stack(0x000000d5a0c00000,0x000000d5a0d00000)]
  0x0000027391271c10 JavaThread "Notification Thread" daemon [_thread_blocked, id=16560, stack(0x000000d5a0d00000,0x000000d5a0e00000)]
  0x000002739191b940 JavaThread "C1 CompilerThread2" daemon [_thread_blocked, id=21556, stack(0x000000d5a0f00000,0x000000d5a1000000)]
  0x0000027391bcace0 JavaThread "C1 CompilerThread3" daemon [_thread_blocked, id=21132, stack(0x000000d5a1000000,0x000000d5a1100000)]
  0x0000027392c40300 JavaThread "ForkJoinPool.commonPool-worker-1" daemon [_thread_blocked, id=5784, stack(0x000000d5a1700000,0x000000d5a1800000)]
  0x0000027392b3b050 JavaThread "pool-7-thread-1" [_thread_blocked, id=21636, stack(0x000000d5a1a00000,0x000000d5a1b00000)]
  0x0000027392cca840 JavaThread "LanguageServerApp-lifecycle" [_thread_blocked, id=14344, stack(0x000000d5a1b00000,0x000000d5a1c00000)]
  0x0000027383278ce0 JavaThread "DestroyJavaVM" [_thread_blocked, id=19332, stack(0x000000d59fc00000,0x000000d59fd00000)]
  0x0000027392d4c010 JavaThread "ClassGraph-worker-0" daemon [_thread_blocked, id=13484, stack(0x000000d5a1c00000,0x000000d5a1d00000)]
  0x0000027392d4c4e0 JavaThread "ClassGraph-worker-1" daemon [_thread_blocked, id=28548, stack(0x000000d5a1d00000,0x000000d5a1e00000)]
  0x0000027392d50c50 JavaThread "ClassGraph-worker-2" daemon [_thread_blocked, id=24168, stack(0x000000d5a1e00000,0x000000d5a1f00000)]
  0x0000027392d51120 JavaThread "ClassGraph-worker-3" daemon [_thread_blocked, id=22832, stack(0x000000d5a1f00000,0x000000d5a2000000)]
  0x0000027392d515f0 JavaThread "ClassGraph-worker-4" daemon [_thread_blocked, id=27772, stack(0x000000d5a2000000,0x000000d5a2100000)]
  0x0000027392d4f490 JavaThread "ClassGraph-worker-5" daemon [_thread_blocked, id=3444, stack(0x000000d5a2100000,0x000000d5a2200000)]
  0x0000027392d4efc0 JavaThread "ClassGraph-worker-6" daemon [_thread_blocked, id=15832, stack(0x000000d5a2200000,0x000000d5a2300000)]
  0x0000027392d4e620 JavaThread "ClassGraph-worker-7" daemon [_thread_blocked, id=20108, stack(0x000000d5a2300000,0x000000d5a2400000)]
  0x0000027392d4dc80 JavaThread "ClassGraph-worker-8" daemon [_thread_blocked, id=22100, stack(0x000000d5a2400000,0x000000d5a2500000)]
  0x0000027392d4eaf0 JavaThread "ClassGraph-worker-9" daemon [_thread_blocked, id=19924, stack(0x000000d5a2500000,0x000000d5a2600000)]
  0x0000027392d4e150 JavaThread "ClassGraph-worker-10" daemon [_thread_blocked, id=20952, stack(0x000000d5a2600000,0x000000d5a2700000)]
  0x0000027392d6f2f0 JavaThread "ClassGraph-worker-11" daemon [_thread_blocked, id=6616, stack(0x000000d5a2700000,0x000000d5a2800000)]
  0x0000027392d68910 JavaThread "ClassGraph-worker-12" daemon [_thread_blocked, id=1088, stack(0x000000d5a2800000,0x000000d5a2900000)]
  0x0000027392d6aac0 JavaThread "ClassGraph-worker-13" daemon [_thread_blocked, id=7988, stack(0x000000d5a2900000,0x000000d5a2a00000)]
  0x0000027392d692b0 JavaThread "pool-8-thread-1" [_thread_in_native, id=13048, stack(0x000000d5a2a00000,0x000000d5a2b00000)]
  0x0000027392d6af90 JavaThread "Simple-Language-Server main thread" daemon [_thread_blocked, id=16252, stack(0x000000d5a2b00000,0x000000d5a2c00000)]
  0x0000027392d69780 JavaThread "pool-5-thread-1" [_thread_blocked, id=9428, stack(0x000000d5a2c00000,0x000000d5a2d00000)]
  0x0000027392d67f70 JavaThread "Reconciler-1" [_thread_blocked, id=22484, stack(0x000000d5a2d00000,0x000000d5a2e00000)]
  0x0000027392d6be00 JavaThread "pool-2-thread-1" [_thread_blocked, id=25464, stack(0x000000d5a2e00000,0x000000d5a2f00000)]
  0x0000027392d6dfb0 JavaThread "ForkJoinPool.commonPool-worker-2" daemon [_thread_blocked, id=19808, stack(0x000000d5a2f00000,0x000000d5a3000000)]
  0x0000027392d6b930 JavaThread "pool-2-thread-2" [_thread_blocked, id=28248, stack(0x000000d5a3000000,0x000000d5a3100000)]
  0x0000027392d6b460 JavaThread "parallel-1" daemon [_thread_blocked, id=16184, stack(0x000000d5a3100000,0x000000d5a3200000)]

Other Threads:
=>0x00000273904bbf60 VMThread "VM Thread" [stack: 0x000000d5a0200000,0x000000d5a0300000] [id=23940]
  0x00000273832ea9e0 WatcherThread [stack: 0x000000d5a0e00000,0x000000d5a0f00000] [id=25116]
  0x00000273832d21f0 GCTaskThread "GC Thread#0" [stack: 0x000000d59fd00000,0x000000d59fe00000] [id=22144]
  0x00000273924206e0 GCTaskThread "GC Thread#1" [stack: 0x000000d5a1100000,0x000000d5a1200000] [id=9768]
  0x0000027392420ef0 GCTaskThread "GC Thread#2" [stack: 0x000000d5a1200000,0x000000d5a1300000] [id=20656]
  0x0000027392420430 GCTaskThread "GC Thread#3" [stack: 0x000000d5a1300000,0x000000d5a1400000] [id=26480]
  0x0000027392421450 GCTaskThread "GC Thread#4" [stack: 0x000000d5a1400000,0x000000d5a1500000] [id=16220]
  0x0000027392421700 GCTaskThread "GC Thread#5" [stack: 0x000000d5a1500000,0x000000d5a1600000] [id=10776]
  0x00000273924219b0 GCTaskThread "GC Thread#6" [stack: 0x000000d5a1600000,0x000000d5a1700000] [id=26524]
  0x0000027392420990 GCTaskThread "GC Thread#7" [stack: 0x000000d5a1800000,0x000000d5a1900000] [id=18200]
  0x00000273832e2bc0 ConcurrentGCThread "G1 Main Marker" [stack: 0x000000d59fe00000,0x000000d59ff00000] [id=27296]
  0x00000273832e3c80 ConcurrentGCThread "G1 Conc#0" [stack: 0x000000d59ff00000,0x000000d5a0000000] [id=8456]
  0x0000027392420c40 ConcurrentGCThread "G1 Conc#1" [stack: 0x000000d5a1900000,0x000000d5a1a00000] [id=22380]
  0x00000273903620c0 ConcurrentGCThread "G1 Refine#0" [stack: 0x000000d5a0000000,0x000000d5a0100000] [id=17460]
  0x0000027393149120 ConcurrentGCThread "G1 Refine#1" [stack: 0x000000d5a3200000,0x000000d5a3300000] [id=3912]
  0x0000027392fd11c0 ConcurrentGCThread "G1 Refine#2" [stack: 0x000000d5a3300000,0x000000d5a3400000] [id=23564]
  0x00000273932a4fd0 ConcurrentGCThread "G1 Refine#3" [stack: 0x000000d5a3400000,0x000000d5a3500000] [id=28268]
  0x0000027393140810 ConcurrentGCThread "G1 Refine#4" [stack: 0x000000d5a3500000,0x000000d5a3600000] [id=15764]
  0x00000273903629f0 ConcurrentGCThread "G1 Service" [stack: 0x000000d5a0100000,0x000000d5a0200000] [id=24436]

Threads with active compile tasks:

VM state: at safepoint (normal execution)

VM Mutex/Monitor currently owned by a thread:  ([mutex/lock_event])
[0x00000273832740d0] Threads_lock - owner thread: 0x00000273904bbf60
[0x00000273832757e0] Heap_lock - owner thread: 0x0000027392d4efc0

Heap address: 0x0000000082400000, size: 2012 MB, Compressed Oops mode: 32-bit

CDS archive(s) not mapped
Compressed class space mapped at: 0x0000000100000000-0x0000000140000000, reserved size: 1073741824
Narrow klass base: 0x0000000000000000, Narrow klass shift: 3, Narrow klass range: 0x140000000

GC Precious Log:
 CPUs: 8 total, 8 available
 Memory: 8040M
 Large Page Support: Disabled
 NUMA Support: Disabled
 Compressed Oops: Enabled (32-bit)
 Heap Region Size: 1M
 Heap Min Capacity: 8M
 Heap Initial Capacity: 126M
 Heap Max Capacity: 2012M
 Pre-touch: Disabled
 Parallel Workers: 8
 Concurrent Workers: 2
 Concurrent Refinement Workers: 8
 Periodic GC: Disabled

Heap:
 garbage-first heap   total 129024K, used 45186K [0x0000000082400000, 0x0000000100000000)
  region size 1024K, 3 young (3072K), 3 survivors (3072K)
 Metaspace       used 34357K, committed 34624K, reserved 1081344K
  class space    used 4454K, committed 4608K, reserved 1048576K

Heap Regions: E=young(eden), S=young(survivor), O=old, HS=humongous(starts), HC=humongous(continues), CS=collection set, F=free, OA=open archive, CA=closed archive, TAMS=top-at-mark-start (previous, next)
|   0|0x0000000082400000, 0x0000000082500000, 0x0000000082500000|100%| O|  |TAMS 0x0000000082500000, 0x0000000082500000| Untracked 
|   1|0x0000000082500000, 0x0000000082600000, 0x0000000082600000|100%| O|  |TAMS 0x0000000082600000, 0x0000000082600000| Untracked 
|   2|0x0000000082600000, 0x0000000082700000, 0x0000000082700000|100%| O|  |TAMS 0x0000000082700000, 0x0000000082700000| Untracked 
|   3|0x0000000082700000, 0x0000000082800000, 0x0000000082800000|100%| O|  |TAMS 0x0000000082800000, 0x0000000082800000| Untracked 
|   4|0x0000000082800000, 0x0000000082900000, 0x0000000082900000|100%| O|  |TAMS 0x0000000082900000, 0x0000000082900000| Untracked 
|   5|0x0000000082900000, 0x0000000082a00000, 0x0000000082a00000|100%| O|  |TAMS 0x0000000082a00000, 0x0000000082a00000| Untracked 
|   6|0x0000000082a00000, 0x0000000082b00000, 0x0000000082b00000|100%| O|  |TAMS 0x0000000082b00000, 0x0000000082b00000| Untracked 
|   7|0x0000000082b00000, 0x0000000082c00000, 0x0000000082c00000|100%| O|  |TAMS 0x0000000082b00000, 0x0000000082c00000| Untracked 
|   8|0x0000000082c00000, 0x0000000082d00000, 0x0000000082d00000|100%| O|  |TAMS 0x0000000082c00000, 0x0000000082d00000| Untracked 
|   9|0x0000000082d00000, 0x0000000082e00000, 0x0000000082e00000|100%| O|  |TAMS 0x0000000082d00000, 0x0000000082e00000| Untracked 
|  10|0x0000000082e00000, 0x0000000082f00000, 0x0000000082f00000|100%| O|  |TAMS 0x0000000082e00000, 0x0000000082f00000| Untracked 
|  11|0x0000000082f00000, 0x0000000083000000, 0x0000000083000000|100%| O|  |TAMS 0x0000000082f00000, 0x0000000083000000| Untracked 
|  12|0x0000000083000000, 0x0000000083100000, 0x0000000083100000|100%| O|  |TAMS 0x0000000083000000, 0x0000000083100000| Untracked 
|  13|0x0000000083100000, 0x0000000083200000, 0x0000000083200000|100%| O|  |TAMS 0x0000000083100000, 0x0000000083200000| Untracked 
|  14|0x0000000083200000, 0x0000000083300000, 0x0000000083300000|100%| O|  |TAMS 0x0000000083200000, 0x0000000083300000| Untracked 
|  15|0x0000000083300000, 0x0000000083400000, 0x0000000083400000|100%| O|  |TAMS 0x0000000083300000, 0x0000000083400000| Untracked 
|  16|0x0000000083400000, 0x0000000083500000, 0x0000000083500000|100%| O|  |TAMS 0x0000000083400000, 0x0000000083500000| Untracked 
|  17|0x0000000083500000, 0x0000000083600000, 0x0000000083600000|100%| O|  |TAMS 0x0000000083500000, 0x0000000083600000| Untracked 
|  18|0x0000000083600000, 0x0000000083700000, 0x0000000083700000|100%| O|  |TAMS 0x0000000083600000, 0x0000000083700000| Untracked 
|  19|0x0000000083700000, 0x0000000083800000, 0x0000000083800000|100%| O|  |TAMS 0x0000000083700000, 0x0000000083800000| Untracked 
|  20|0x0000000083800000, 0x0000000083900000, 0x0000000083900000|100%| O|  |TAMS 0x0000000083800000, 0x0000000083900000| Untracked 
|  21|0x0000000083900000, 0x0000000083a00000, 0x0000000083a00000|100%| O|  |TAMS 0x0000000083900000, 0x0000000083a00000| Untracked 
|  22|0x0000000083a00000, 0x0000000083b00000, 0x0000000083b00000|100%| O|  |TAMS 0x0000000083a00000, 0x0000000083b00000| Untracked 
|  23|0x0000000083b00000, 0x0000000083c00000, 0x0000000083c00000|100%| O|  |TAMS 0x0000000083b00000, 0x0000000083c00000| Untracked 
|  24|0x0000000083c00000, 0x0000000083d00000, 0x0000000083d00000|100%| O|  |TAMS 0x0000000083c00000, 0x0000000083d00000| Untracked 
|  25|0x0000000083d00000, 0x0000000083e00000, 0x0000000083e00000|100%| O|  |TAMS 0x0000000083d00000, 0x0000000083e00000| Untracked 
|  26|0x0000000083e00000, 0x0000000083f00000, 0x0000000083f00000|100%| O|  |TAMS 0x0000000083e00000, 0x0000000083f00000| Untracked 
|  27|0x0000000083f00000, 0x0000000084000000, 0x0000000084000000|100%| O|  |TAMS 0x0000000083f00000, 0x0000000084000000| Untracked 
|  28|0x0000000084000000, 0x0000000084100000, 0x0000000084100000|100%| O|  |TAMS 0x0000000084000000, 0x0000000084100000| Untracked 
|  29|0x0000000084100000, 0x0000000084200000, 0x0000000084200000|100%| O|  |TAMS 0x0000000084100000, 0x0000000084200000| Untracked 
|  30|0x0000000084200000, 0x0000000084300000, 0x0000000084300000|100%| O|  |TAMS 0x0000000084200000, 0x0000000084300000| Untracked 
|  31|0x0000000084300000, 0x0000000084400000, 0x0000000084400000|100%| O|  |TAMS 0x0000000084300000, 0x0000000084400000| Untracked 
|  32|0x0000000084400000, 0x0000000084500000, 0x0000000084500000|100%| O|  |TAMS 0x0000000084400000, 0x0000000084500000| Untracked 
|  33|0x0000000084500000, 0x0000000084600000, 0x0000000084600000|100%| O|  |TAMS 0x0000000084500000, 0x0000000084600000| Untracked 
|  34|0x0000000084600000, 0x0000000084700000, 0x0000000084700000|100%| O|  |TAMS 0x0000000084600000, 0x0000000084700000| Untracked 
|  35|0x0000000084700000, 0x0000000084800000, 0x0000000084800000|100%| O|  |TAMS 0x0000000084700000, 0x0000000084800000| Untracked 
|  36|0x0000000084800000, 0x0000000084900000, 0x0000000084900000|100%| O|  |TAMS 0x0000000084800000, 0x0000000084900000| Untracked 
|  37|0x0000000084900000, 0x0000000084a00000, 0x0000000084a00000|100%| O|  |TAMS 0x0000000084900000, 0x0000000084a00000| Untracked 
|  38|0x0000000084a00000, 0x0000000084b00000, 0x0000000084b00000|100%| O|  |TAMS 0x0000000084a00000, 0x0000000084b00000| Untracked 
|  39|0x0000000084b00000, 0x0000000084c00000, 0x0000000084c00000|100%| O|  |TAMS 0x0000000084b00000, 0x0000000084c00000| Untracked 
|  40|0x0000000084c00000, 0x0000000084d00000, 0x0000000084d00000|100%| O|  |TAMS 0x0000000084c00000, 0x0000000084d00000| Untracked 
|  41|0x0000000084d00000, 0x0000000084dade00, 0x0000000084e00000| 67%| O|  |TAMS 0x0000000084d00000, 0x0000000084dade00| Untracked 
|  42|0x0000000084e00000, 0x0000000084e00000, 0x0000000084f00000|  0%| F|  |TAMS 0x0000000084e00000, 0x0000000084e00000| Untracked 
|  43|0x0000000084f00000, 0x0000000084f00000, 0x0000000085000000|  0%| F|  |TAMS 0x0000000084f00000, 0x0000000084f00000| Untracked 
|  44|0x0000000085000000, 0x0000000085000000, 0x0000000085100000|  0%| F|  |TAMS 0x0000000085000000, 0x0000000085000000| Untracked 
|  45|0x0000000085100000, 0x0000000085100000, 0x0000000085200000|  0%| F|  |TAMS 0x0000000085100000, 0x0000000085100000| Untracked 
|  46|0x0000000085200000, 0x0000000085200000, 0x0000000085300000|  0%| F|  |TAMS 0x0000000085200000, 0x0000000085200000| Untracked 
|  47|0x0000000085300000, 0x0000000085300000, 0x0000000085400000|  0%| F|  |TAMS 0x0000000085300000, 0x0000000085300000| Untracked 
|  48|0x0000000085400000, 0x0000000085400000, 0x0000000085500000|  0%| F|  |TAMS 0x0000000085400000, 0x0000000085400000| Untracked 
|  49|0x0000000085500000, 0x0000000085500000, 0x0000000085600000|  0%| F|  |TAMS 0x0000000085500000, 0x0000000085500000| Untracked 
|  50|0x0000000085600000, 0x0000000085600000, 0x0000000085700000|  0%| F|  |TAMS 0x0000000085600000, 0x0000000085600000| Untracked 
|  51|0x0000000085700000, 0x0000000085700000, 0x0000000085800000|  0%| F|  |TAMS 0x0000000085700000, 0x0000000085700000| Untracked 
|  52|0x0000000085800000, 0x0000000085800000, 0x0000000085900000|  0%| F|  |TAMS 0x0000000085800000, 0x0000000085800000| Untracked 
|  53|0x0000000085900000, 0x0000000085900000, 0x0000000085a00000|  0%| F|  |TAMS 0x0000000085900000, 0x0000000085900000| Untracked 
|  54|0x0000000085a00000, 0x0000000085a00000, 0x0000000085b00000|  0%| F|  |TAMS 0x0000000085a00000, 0x0000000085a00000| Untracked 
|  55|0x0000000085b00000, 0x0000000085b00000, 0x0000000085c00000|  0%| F|  |TAMS 0x0000000085b00000, 0x0000000085b00000| Untracked 
|  56|0x0000000085c00000, 0x0000000085c00000, 0x0000000085d00000|  0%| F|  |TAMS 0x0000000085c00000, 0x0000000085c00000| Untracked 
|  57|0x0000000085d00000, 0x0000000085d00000, 0x0000000085e00000|  0%| F|  |TAMS 0x0000000085d00000, 0x0000000085d00000| Untracked 
|  58|0x0000000085e00000, 0x0000000085e00000, 0x0000000085f00000|  0%| F|  |TAMS 0x0000000085e00000, 0x0000000085e00000| Untracked 
|  59|0x0000000085f00000, 0x0000000085f00000, 0x0000000086000000|  0%| F|  |TAMS 0x0000000085f00000, 0x0000000085f00000| Untracked 
|  60|0x0000000086000000, 0x0000000086000000, 0x0000000086100000|  0%| F|  |TAMS 0x0000000086000000, 0x0000000086000000| Untracked 
|  61|0x0000000086100000, 0x0000000086100000, 0x0000000086200000|  0%| F|  |TAMS 0x0000000086100000, 0x0000000086100000| Untracked 
|  62|0x0000000086200000, 0x0000000086200000, 0x0000000086300000|  0%| F|  |TAMS 0x0000000086200000, 0x0000000086200000| Untracked 
|  63|0x0000000086300000, 0x0000000086372ae0, 0x0000000086400000| 44%| S|CS|TAMS 0x0000000086300000, 0x0000000086300000| Complete 
|  64|0x0000000086400000, 0x0000000086500000, 0x0000000086500000|100%| S|CS|TAMS 0x0000000086400000, 0x0000000086400000| Complete 
|  65|0x0000000086500000, 0x0000000086600000, 0x0000000086600000|100%| S|CS|TAMS 0x0000000086500000, 0x0000000086500000| Complete 
|  66|0x0000000086600000, 0x0000000086600000, 0x0000000086700000|  0%| F|  |TAMS 0x0000000086600000, 0x0000000086600000| Untracked 
|  67|0x0000000086700000, 0x0000000086700000, 0x0000000086800000|  0%| F|  |TAMS 0x0000000086700000, 0x0000000086700000| Untracked 
|  68|0x0000000086800000, 0x0000000086800000, 0x0000000086900000|  0%| F|  |TAMS 0x0000000086800000, 0x0000000086800000| Untracked 
|  69|0x0000000086900000, 0x0000000086900000, 0x0000000086a00000|  0%| F|  |TAMS 0x0000000086900000, 0x0000000086900000| Untracked 
|  70|0x0000000086a00000, 0x0000000086a00000, 0x0000000086b00000|  0%| F|  |TAMS 0x0000000086a00000, 0x0000000086a00000| Untracked 
|  71|0x0000000086b00000, 0x0000000086b00000, 0x0000000086c00000|  0%| F|  |TAMS 0x0000000086b00000, 0x0000000086b00000| Untracked 
|  72|0x0000000086c00000, 0x0000000086c00000, 0x0000000086d00000|  0%| F|  |TAMS 0x0000000086c00000, 0x0000000086c00000| Untracked 
|  73|0x0000000086d00000, 0x0000000086d00000, 0x0000000086e00000|  0%| F|  |TAMS 0x0000000086d00000, 0x0000000086d00000| Untracked 
|  74|0x0000000086e00000, 0x0000000086e00000, 0x0000000086f00000|  0%| F|  |TAMS 0x0000000086e00000, 0x0000000086e00000| Untracked 
|  75|0x0000000086f00000, 0x0000000086f00000, 0x0000000087000000|  0%| F|  |TAMS 0x0000000086f00000, 0x0000000086f00000| Untracked 
|  76|0x0000000087000000, 0x0000000087000000, 0x0000000087100000|  0%| F|  |TAMS 0x0000000087000000, 0x0000000087000000| Untracked 
|  77|0x0000000087100000, 0x0000000087100000, 0x0000000087200000|  0%| F|  |TAMS 0x0000000087100000, 0x0000000087100000| Untracked 
|  78|0x0000000087200000, 0x0000000087200000, 0x0000000087300000|  0%| F|  |TAMS 0x0000000087200000, 0x0000000087200000| Untracked 
|  79|0x0000000087300000, 0x0000000087300000, 0x0000000087400000|  0%| F|  |TAMS 0x0000000087300000, 0x0000000087300000| Untracked 
|  80|0x0000000087400000, 0x0000000087400000, 0x0000000087500000|  0%| F|  |TAMS 0x0000000087400000, 0x0000000087400000| Untracked 
|  81|0x0000000087500000, 0x0000000087500000, 0x0000000087600000|  0%| F|  |TAMS 0x0000000087500000, 0x0000000087500000| Untracked 
|  82|0x0000000087600000, 0x0000000087600000, 0x0000000087700000|  0%| F|  |TAMS 0x0000000087600000, 0x0000000087600000| Untracked 
|  83|0x0000000087700000, 0x0000000087700000, 0x0000000087800000|  0%| F|  |TAMS 0x0000000087700000, 0x0000000087700000| Untracked 
|  84|0x0000000087800000, 0x0000000087800000, 0x0000000087900000|  0%| F|  |TAMS 0x0000000087800000, 0x0000000087800000| Untracked 
|  85|0x0000000087900000, 0x0000000087900000, 0x0000000087a00000|  0%| F|  |TAMS 0x0000000087900000, 0x0000000087900000| Untracked 
|  86|0x0000000087a00000, 0x0000000087a00000, 0x0000000087b00000|  0%| F|  |TAMS 0x0000000087a00000, 0x0000000087a00000| Untracked 
|  87|0x0000000087b00000, 0x0000000087b00000, 0x0000000087c00000|  0%| F|  |TAMS 0x0000000087b00000, 0x0000000087b00000| Untracked 
|  88|0x0000000087c00000, 0x0000000087c00000, 0x0000000087d00000|  0%| F|  |TAMS 0x0000000087c00000, 0x0000000087c00000| Untracked 
|  89|0x0000000087d00000, 0x0000000087d00000, 0x0000000087e00000|  0%| F|  |TAMS 0x0000000087d00000, 0x0000000087d00000| Untracked 
|  90|0x0000000087e00000, 0x0000000087e00000, 0x0000000087f00000|  0%| F|  |TAMS 0x0000000087e00000, 0x0000000087e00000| Untracked 
|  91|0x0000000087f00000, 0x0000000087f00000, 0x0000000088000000|  0%| F|  |TAMS 0x0000000087f00000, 0x0000000087f00000| Untracked 
|  92|0x0000000088000000, 0x0000000088000000, 0x0000000088100000|  0%| F|  |TAMS 0x0000000088000000, 0x0000000088000000| Untracked 
|  93|0x0000000088100000, 0x0000000088100000, 0x0000000088200000|  0%| F|  |TAMS 0x0000000088100000, 0x0000000088100000| Untracked 
|  94|0x0000000088200000, 0x0000000088200000, 0x0000000088300000|  0%| F|  |TAMS 0x0000000088200000, 0x0000000088200000| Untracked 
|  95|0x0000000088300000, 0x0000000088300000, 0x0000000088400000|  0%| F|  |TAMS 0x0000000088300000, 0x0000000088300000| Untracked 
|  96|0x0000000088400000, 0x0000000088400000, 0x0000000088500000|  0%| F|  |TAMS 0x0000000088400000, 0x0000000088400000| Untracked 
|  97|0x0000000088500000, 0x0000000088500000, 0x0000000088600000|  0%| F|  |TAMS 0x0000000088500000, 0x0000000088500000| Untracked 
|  98|0x0000000088600000, 0x0000000088600000, 0x0000000088700000|  0%| F|  |TAMS 0x0000000088600000, 0x0000000088600000| Untracked 
|  99|0x0000000088700000, 0x0000000088700000, 0x0000000088800000|  0%| F|  |TAMS 0x0000000088700000, 0x0000000088700000| Untracked 
| 100|0x0000000088800000, 0x0000000088800000, 0x0000000088900000|  0%| F|  |TAMS 0x0000000088800000, 0x0000000088800000| Untracked 
| 101|0x0000000088900000, 0x0000000088900000, 0x0000000088a00000|  0%| F|  |TAMS 0x0000000088900000, 0x0000000088900000| Untracked 
| 102|0x0000000088a00000, 0x0000000088a00000, 0x0000000088b00000|  0%| F|  |TAMS 0x0000000088a00000, 0x0000000088a00000| Untracked 
| 103|0x0000000088b00000, 0x0000000088b00000, 0x0000000088c00000|  0%| F|  |TAMS 0x0000000088b00000, 0x0000000088b00000| Untracked 
| 104|0x0000000088c00000, 0x0000000088c00000, 0x0000000088d00000|  0%| F|  |TAMS 0x0000000088c00000, 0x0000000088c00000| Untracked 
| 105|0x0000000088d00000, 0x0000000088d00000, 0x0000000088e00000|  0%| F|  |TAMS 0x0000000088d00000, 0x0000000088d00000| Untracked 
| 106|0x0000000088e00000, 0x0000000088e00000, 0x0000000088f00000|  0%| F|  |TAMS 0x0000000088e00000, 0x0000000088e00000| Untracked 
| 107|0x0000000088f00000, 0x0000000088f00000, 0x0000000089000000|  0%| F|  |TAMS 0x0000000088f00000, 0x0000000088f00000| Untracked 
| 108|0x0000000089000000, 0x0000000089000000, 0x0000000089100000|  0%| F|  |TAMS 0x0000000089000000, 0x0000000089000000| Untracked 
| 109|0x0000000089100000, 0x0000000089100000, 0x0000000089200000|  0%| F|  |TAMS 0x0000000089100000, 0x0000000089100000| Untracked 
| 110|0x0000000089200000, 0x0000000089200000, 0x0000000089300000|  0%| F|  |TAMS 0x0000000089200000, 0x0000000089200000| Untracked 
| 111|0x0000000089300000, 0x0000000089300000, 0x0000000089400000|  0%| F|  |TAMS 0x0000000089300000, 0x0000000089300000| Untracked 
| 112|0x0000000089400000, 0x0000000089400000, 0x0000000089500000|  0%| F|  |TAMS 0x0000000089400000, 0x0000000089400000| Untracked 
| 113|0x0000000089500000, 0x0000000089500000, 0x0000000089600000|  0%| F|  |TAMS 0x0000000089500000, 0x0000000089500000| Untracked 
| 114|0x0000000089600000, 0x0000000089600000, 0x0000000089700000|  0%| F|  |TAMS 0x0000000089600000, 0x0000000089600000| Untracked 
| 115|0x0000000089700000, 0x0000000089700000, 0x0000000089800000|  0%| F|  |TAMS 0x0000000089700000, 0x0000000089700000| Untracked 
| 116|0x0000000089800000, 0x0000000089800000, 0x0000000089900000|  0%| F|  |TAMS 0x0000000089800000, 0x0000000089800000| Untracked 
| 117|0x0000000089900000, 0x0000000089900000, 0x0000000089a00000|  0%| F|  |TAMS 0x0000000089900000, 0x0000000089900000| Untracked 
| 118|0x0000000089a00000, 0x0000000089a00000, 0x0000000089b00000|  0%| F|  |TAMS 0x0000000089a00000, 0x0000000089a00000| Untracked 
| 119|0x0000000089b00000, 0x0000000089b00000, 0x0000000089c00000|  0%| F|  |TAMS 0x0000000089b00000, 0x0000000089b00000| Untracked 
| 120|0x0000000089c00000, 0x0000000089c00000, 0x0000000089d00000|  0%| F|  |TAMS 0x0000000089c00000, 0x0000000089c00000| Untracked 
| 121|0x0000000089d00000, 0x0000000089d00000, 0x0000000089e00000|  0%| F|  |TAMS 0x0000000089d00000, 0x0000000089d00000| Untracked 
| 122|0x0000000089e00000, 0x0000000089e00000, 0x0000000089f00000|  0%| F|  |TAMS 0x0000000089e00000, 0x0000000089e00000| Untracked 
| 123|0x0000000089f00000, 0x0000000089f00000, 0x000000008a000000|  0%| F|  |TAMS 0x0000000089f00000, 0x0000000089f00000| Untracked 
| 124|0x000000008a000000, 0x000000008a000000, 0x000000008a100000|  0%| F|  |TAMS 0x000000008a000000, 0x000000008a000000| Untracked 
| 125|0x000000008a100000, 0x000000008a100000, 0x000000008a200000|  0%| F|  |TAMS 0x000000008a100000, 0x000000008a100000| Untracked 

Card table byte_map: [0x00000273893f0000,0x00000273897e0000] _byte_map_base: 0x0000027388fde000

Marking Bits (Prev, Next): (CMBitMap*) 0x00000273832d2750, (CMBitMap*) 0x00000273832d2710
 Prev Bits: [0x000002738bb40000, 0x000002738dab0000)
 Next Bits: [0x0000027389bd0000, 0x000002738bb40000)

Polling page: 0x00000273811f0000

Metaspace:

Usage:
  Non-class:     29.20 MB used.
      Class:      4.35 MB used.
       Both:     33.55 MB used.

Virtual space:
  Non-class space:       32.00 MB reserved,      29.31 MB ( 92%) committed,  4 nodes.
      Class space:        1.00 GB reserved,       4.50 MB ( <1%) committed,  1 nodes.
             Both:        1.03 GB reserved,      33.81 MB (  3%) committed. 

Chunk freelists:
   Non-Class:  1.75 MB
       Class:  3.53 MB
        Both:  5.28 MB

MaxMetaspaceSize: unlimited
CompressedClassSpaceSize: 1.00 GB
Initial GC threshold: 21.00 MB
Current GC threshold: 35.25 MB
CDS: off
MetaspaceReclaimPolicy: balanced
 - commit_granule_bytes: 65536.
 - commit_granule_words: 8192.
 - virtual_space_node_default_size: 1048576.
 - enlarge_chunks_in_place: 1.
 - new_chunks_are_fully_committed: 0.
 - uncommit_free_chunks: 1.
 - use_allocation_guard: 0.
 - handle_deallocations: 1.


Internal statistics:

num_allocs_failed_limit: 5.
num_arena_births: 304.
num_arena_deaths: 0.
num_vsnodes_births: 5.
num_vsnodes_deaths: 0.
num_space_committed: 541.
num_space_uncommitted: 0.
num_chunks_returned_to_freelist: 5.
num_chunks_taken_from_freelist: 1268.
num_chunk_merges: 5.
num_chunk_splits: 870.
num_chunks_enlarged: 689.
num_purges: 0.
num_inconsistent_stats: 0.

CodeCache: size=49152Kb used=8849Kb max_used=8849Kb free=40302Kb
 bounds [0x0000027385ef0000, 0x00000273867a0000, 0x0000027388ef0000]
 total_blobs=4083 nmethods=3561 adapters=446
 compilation: enabled
              stopped_count=0, restarted_count=0
 full_count=0

Compilation events (20 events):
Event: 1.996 Thread 0x0000027391026bd0 nmethod 3543 0x000002738678d090 code [0x000002738678d400, 0x000002738678e668]
Event: 1.996 Thread 0x000002739106b850 nmethod 3554 0x000002738678ee10 code [0x000002738678efc0, 0x000002738678f248]
Event: 1.996 Thread 0x0000027391026bd0 3552       1       nonapi.io.github.classgraph.fastzipfilereader.NestedJarHandler::openInflaterInputStream (10 bytes)
Event: 1.996 Thread 0x000002739191b940 nmethod 3553 0x000002738678f390 code [0x000002738678f560, 0x000002738678f9a8]
Event: 1.996 Thread 0x000002739106b850 3555   !   1       nonapi.io.github.classgraph.fileslice.Slice$1::close (28 bytes)
Event: 1.996 Thread 0x000002739191b940 3556       1       nonapi.io.github.classgraph.recycler.Recycler::recycle (67 bytes)
Event: 1.996 Thread 0x0000027391026bd0 nmethod 3552 0x000002738678fb10 code [0x000002738678fca0, 0x000002738678fde8]
Event: 1.996 Thread 0x0000027391026bd0 3558       1       io.github.classgraph.ClasspathElementZip$1::close (28 bytes)
Event: 1.996 Thread 0x000002739191b940 nmethod 3556 0x000002738678fe90 code [0x0000027386790080, 0x00000273867903e8]
Event: 1.996 Thread 0x0000027391bcace0 nmethod 3557 0x0000027386790590 code [0x0000027386790800, 0x0000027386791048]
Event: 1.996 Thread 0x000002739106b850 nmethod 3555 0x0000027386791710 code [0x00000273867918e0, 0x0000027386791bb8]
Event: 1.996 Thread 0x0000027391026bd0 nmethod 3558 0x0000027386791d90 code [0x0000027386791f60, 0x00000273867922d8]
Event: 1.999 Thread 0x0000027391026bd0 3559       1       io.github.classgraph.ClasspathElementZip$1::openClassfile (13 bytes)
Event: 1.999 Thread 0x000002739106b850 3560   !   1       io.github.classgraph.ClasspathElementZip$1::open (79 bytes)
Event: 1.999 Thread 0x0000027391026bd0 nmethod 3559 0x0000027386792510 code [0x00000273867926c0, 0x00000273867929c8]
Event: 1.999 Thread 0x0000027391bcace0 3561       1       nonapi.io.github.classgraph.fileslice.reader.ClassfileReader::<init> (29 bytes)
Event: 1.999 Thread 0x0000027391bcace0 nmethod 3561 0x0000027386792a90 code [0x0000027386792c20, 0x0000027386792e98]
Event: 2.000 Thread 0x000002739106b850 nmethod 3560 0x0000027386792f10 code [0x0000027386793160, 0x0000027386793a18]
Event: 2.000 Thread 0x0000027391bcace0 3562       1       java.lang.Throwable::<init> (34 bytes)
Event: 2.000 Thread 0x0000027391bcace0 nmethod 3562 0x0000027386793f90 code [0x0000027386794140, 0x00000273867943c8]

GC Heap History (20 events):
Event: 0.878 GC heap after
{Heap after GC invocations=3 (full 0):
 garbage-first heap   total 129024K, used 11192K [0x0000000082400000, 0x0000000100000000)
  region size 1024K, 3 young (3072K), 3 survivors (3072K)
 Metaspace       used 21298K, committed 21504K, reserved 1073152K
  class space    used 2591K, committed 2688K, reserved 1048576K
}
Event: 1.050 GC heap before
{Heap before GC invocations=4 (full 0):
 garbage-first heap   total 40960K, used 29624K [0x0000000082400000, 0x0000000100000000)
  region size 1024K, 22 young (22528K), 3 survivors (3072K)
 Metaspace       used 24053K, committed 24320K, reserved 1073152K
  class space    used 2937K, committed 3072K, reserved 1048576K
}
Event: 1.054 GC heap after
{Heap after GC invocations=5 (full 0):
 garbage-first heap   total 40960K, used 12617K [0x0000000082400000, 0x0000000100000000)
  region size 1024K, 5 young (5120K), 5 survivors (5120K)
 Metaspace       used 24053K, committed 24320K, reserved 1073152K
  class space    used 2937K, committed 3072K, reserved 1048576K
}
Event: 1.069 GC heap before
{Heap before GC invocations=5 (full 0):
 garbage-first heap   total 40960K, used 13641K [0x0000000082400000, 0x0000000100000000)
  region size 1024K, 6 young (6144K), 5 survivors (5120K)
 Metaspace       used 24181K, committed 24448K, reserved 1073152K
  class space    used 2956K, committed 3072K, reserved 1048576K
}
Event: 1.074 GC heap after
{Heap after GC invocations=6 (full 0):
 garbage-first heap   total 49152K, used 12796K [0x0000000082400000, 0x0000000100000000)
  region size 1024K, 1 young (1024K), 1 survivors (1024K)
 Metaspace       used 24181K, committed 24448K, reserved 1073152K
  class space    used 2956K, committed 3072K, reserved 1048576K
}
Event: 1.312 GC heap before
{Heap before GC invocations=6 (full 0):
 garbage-first heap   total 49152K, used 31228K [0x0000000082400000, 0x0000000100000000)
  region size 1024K, 20 young (20480K), 1 survivors (1024K)
 Metaspace       used 27256K, committed 27520K, reserved 1073152K
  class space    used 3405K, committed 3520K, reserved 1048576K
}
Event: 1.316 GC heap after
{Heap after GC invocations=7 (full 0):
 garbage-first heap   total 49152K, used 14292K [0x0000000082400000, 0x0000000100000000)
  region size 1024K, 3 young (3072K), 3 survivors (3072K)
 Metaspace       used 27256K, committed 27520K, reserved 1073152K
  class space    used 3405K, committed 3520K, reserved 1048576K
}
Event: 1.516 GC heap before
{Heap before GC invocations=7 (full 0):
 garbage-first heap   total 49152K, used 31700K [0x0000000082400000, 0x0000000100000000)
  region size 1024K, 21 young (21504K), 3 survivors (3072K)
 Metaspace       used 30953K, committed 31296K, reserved 1081344K
  class space    used 3900K, committed 4032K, reserved 1048576K
}
Event: 1.522 GC heap after
{Heap after GC invocations=8 (full 0):
 garbage-first heap   total 49152K, used 16126K [0x0000000082400000, 0x0000000100000000)
  region size 1024K, 2 young (2048K), 2 survivors (2048K)
 Metaspace       used 30953K, committed 31296K, reserved 1081344K
  class space    used 3900K, committed 4032K, reserved 1048576K
}
Event: 1.626 GC heap before
{Heap before GC invocations=8 (full 0):
 garbage-first heap   total 49152K, used 33534K [0x0000000082400000, 0x0000000100000000)
  region size 1024K, 20 young (20480K), 2 survivors (2048K)
 Metaspace       used 32054K, committed 32384K, reserved 1081344K
  class space    used 4056K, committed 4224K, reserved 1048576K
}
Event: 1.630 GC heap after
{Heap after GC invocations=9 (full 0):
 garbage-first heap   total 49152K, used 19260K [0x0000000082400000, 0x0000000100000000)
  region size 1024K, 3 young (3072K), 3 survivors (3072K)
 Metaspace       used 32054K, committed 32384K, reserved 1081344K
  class space    used 4056K, committed 4224K, reserved 1048576K
}
Event: 1.663 GC heap before
{Heap before GC invocations=9 (full 0):
 garbage-first heap   total 49152K, used 35644K [0x0000000082400000, 0x0000000100000000)
  region size 1024K, 19 young (19456K), 3 survivors (3072K)
 Metaspace       used 32199K, committed 32512K, reserved 1081344K
  class space    used 4078K, committed 4224K, reserved 1048576K
}
Event: 1.666 GC heap after
{Heap after GC invocations=10 (full 0):
 garbage-first heap   total 94208K, used 22528K [0x0000000082400000, 0x0000000100000000)
  region size 1024K, 3 young (3072K), 3 survivors (3072K)
 Metaspace       used 32199K, committed 32512K, reserved 1081344K
  class space    used 4078K, committed 4224K, reserved 1048576K
}
Event: 1.885 GC heap before
{Heap before GC invocations=10 (full 0):
 garbage-first heap   total 94208K, used 64512K [0x0000000082400000, 0x0000000100000000)
  region size 1024K, 45 young (46080K), 3 survivors (3072K)
 Metaspace       used 34027K, committed 34304K, reserved 1081344K
  class space    used 4421K, committed 4544K, reserved 1048576K
}
Event: 1.892 GC heap after
{Heap after GC invocations=11 (full 0):
 garbage-first heap   total 94208K, used 31368K [0x0000000082400000, 0x0000000100000000)
  region size 1024K, 6 young (6144K), 6 survivors (6144K)
 Metaspace       used 34027K, committed 34304K, reserved 1081344K
  class space    used 4421K, committed 4544K, reserved 1048576K
}
Event: 1.976 GC heap before
{Heap before GC invocations=11 (full 0):
 garbage-first heap   total 94208K, used 59016K [0x0000000082400000, 0x0000000100000000)
  region size 1024K, 34 young (34816K), 6 survivors (6144K)
 Metaspace       used 34119K, committed 34368K, reserved 1081344K
  class space    used 4432K, committed 4544K, reserved 1048576K
}
Event: 1.986 GC heap after
{Heap after GC invocations=12 (full 0):
 garbage-first heap   total 94208K, used 41678K [0x0000000082400000, 0x0000000100000000)
  region size 1024K, 5 young (5120K), 5 survivors (5120K)
 Metaspace       used 34119K, committed 34368K, reserved 1081344K
  class space    used 4432K, committed 4544K, reserved 1048576K
}
Event: 2.004 GC heap before
{Heap before GC invocations=12 (full 0):
 garbage-first heap   total 94208K, used 64206K [0x0000000082400000, 0x0000000100000000)
  region size 1024K, 28 young (28672K), 5 survivors (5120K)
 Metaspace       used 34357K, committed 34624K, reserved 1081344K
  class space    used 4454K, committed 4608K, reserved 1048576K
}
Event: 2.007 GC heap after
{Heap after GC invocations=13 (full 0):
 garbage-first heap   total 94208K, used 44280K [0x0000000082400000, 0x0000000100000000)
  region size 1024K, 2 young (2048K), 2 survivors (2048K)
 Metaspace       used 34357K, committed 34624K, reserved 1081344K
  class space    used 4454K, committed 4608K, reserved 1048576K
}
Event: 2.018 GC heap before
{Heap before GC invocations=13 (full 0):
 garbage-first heap   total 94208K, used 67832K [0x0000000082400000, 0x0000000100000000)
  region size 1024K, 26 young (26624K), 2 survivors (2048K)
 Metaspace       used 34357K, committed 34624K, reserved 1081344K
  class space    used 4454K, committed 4608K, reserved 1048576K
}

Deoptimization events (16 events):
Event: 0.501 Thread 0x0000027383278ce0 DEOPT PACKING pc=0x0000027386315af5 sp=0x000000d59fcfd9b0
Event: 0.501 Thread 0x0000027383278ce0 DEOPT UNPACKING pc=0x0000027385f42b43 sp=0x000000d59fcfce20 mode 3
Event: 0.894 Thread 0x0000027383278ce0 DEOPT PACKING pc=0x0000027386429819 sp=0x000000d59fcfd220
Event: 0.894 Thread 0x0000027383278ce0 DEOPT UNPACKING pc=0x0000027385f42b43 sp=0x000000d59fcfc700 mode 3
Event: 1.108 Thread 0x0000027383278ce0 DEOPT PACKING pc=0x00000273864f0675 sp=0x000000d59fcfccd0
Event: 1.108 Thread 0x0000027383278ce0 DEOPT UNPACKING pc=0x0000027385f42b43 sp=0x000000d59fcfc140 mode 3
Event: 1.464 Thread 0x0000027383278ce0 DEOPT PACKING pc=0x0000027386590b99 sp=0x000000d59fcfc790
Event: 1.464 Thread 0x0000027383278ce0 DEOPT UNPACKING pc=0x0000027385f42b43 sp=0x000000d59fcfbc70 mode 3
Event: 1.528 Thread 0x0000027392c40300 DEOPT PACKING pc=0x00000273865e6f2b sp=0x000000d5a17fe7d0
Event: 1.528 Thread 0x0000027392c40300 DEOPT UNPACKING pc=0x0000027385f42b43 sp=0x000000d5a17fdd18 mode 3
Event: 1.693 Thread 0x0000027392d4c010 DEOPT PACKING pc=0x0000027386425e81 sp=0x000000d5a1cfedd0
Event: 1.693 Thread 0x0000027392d4c010 DEOPT UNPACKING pc=0x0000027385f42b43 sp=0x000000d5a1cfe260 mode 3
Event: 1.748 Thread 0x0000027392d6af90 DEOPT PACKING pc=0x0000027386729bb5 sp=0x000000d5a2bfd7d0
Event: 1.748 Thread 0x0000027392d6af90 DEOPT UNPACKING pc=0x0000027385f42b43 sp=0x000000d5a2bfccf8 mode 3
Event: 1.774 Thread 0x0000027392d69780 DEOPT PACKING pc=0x0000027386423097 sp=0x000000d5a2cff230
Event: 1.774 Thread 0x0000027392d69780 DEOPT UNPACKING pc=0x0000027385f42b43 sp=0x000000d5a2cfe688 mode 3

Classes unloaded (0 events):
No events

Classes redefined (0 events):
No events

Internal exceptions (20 events):
Event: 1.998 Thread 0x0000027392d4eaf0 Exception <a 'sun/nio/fs/WindowsException'{0x000000008749a820}> (0x000000008749a820) 
thrown [e:\jenkins\tmp\workspace\build\src\src\hotspot\share\prims\jni.cpp, line 516]
Event: 1.998 Thread 0x0000027392d4eaf0 Exception <a 'sun/nio/fs/WindowsException'{0x000000008749ac10}> (0x000000008749ac10) 
thrown [e:\jenkins\tmp\workspace\build\src\src\hotspot\share\prims\jni.cpp, line 516]
Event: 2.000 Thread 0x0000027392d4f490 Exception <a 'sun/nio/fs/WindowsException'{0x00000000871fe790}> (0x00000000871fe790) 
thrown [e:\jenkins\tmp\workspace\build\src\src\hotspot\share\prims\jni.cpp, line 516]
Event: 2.000 Thread 0x0000027392d4e620 Exception <a 'sun/nio/fs/WindowsException'{0x00000000871e3d60}> (0x00000000871e3d60) 
thrown [e:\jenkins\tmp\workspace\build\src\src\hotspot\share\prims\jni.cpp, line 516]
Event: 2.000 Thread 0x0000027392d4f490 Exception <a 'sun/nio/fs/WindowsException'{0x00000000871febe0}> (0x00000000871febe0) 
thrown [e:\jenkins\tmp\workspace\build\src\src\hotspot\share\prims\jni.cpp, line 516]
Event: 2.000 Thread 0x0000027392d4e620 Exception <a 'sun/nio/fs/WindowsException'{0x00000000871e4198}> (0x00000000871e4198) 
thrown [e:\jenkins\tmp\workspace\build\src\src\hotspot\share\prims\jni.cpp, line 516]
Event: 2.007 Thread 0x0000027392d51120 Exception <a 'sun/nio/fs/WindowsException'{0x000000008a116798}> (0x000000008a116798) 
thrown [e:\jenkins\tmp\workspace\build\src\src\hotspot\share\prims\jni.cpp, line 516]
Event: 2.007 Thread 0x0000027392d51120 Exception <a 'sun/nio/fs/WindowsException'{0x000000008a116c18}> (0x000000008a116c18) 
thrown [e:\jenkins\tmp\workspace\build\src\src\hotspot\share\prims\jni.cpp, line 516]
Event: 2.007 Thread 0x0000027392d4c4e0 Exception <a 'sun/nio/fs/WindowsException'{0x000000008a1f0248}> (0x000000008a1f0248) 
thrown [e:\jenkins\tmp\workspace\build\src\src\hotspot\share\prims\jni.cpp, line 516]
Event: 2.007 Thread 0x0000027392d4c4e0 Exception <a 'sun/nio/fs/WindowsException'{0x000000008900c188}> (0x000000008900c188) 
thrown [e:\jenkins\tmp\workspace\build\src\src\hotspot\share\prims\jni.cpp, line 516]
Event: 2.009 Thread 0x0000027392d4e620 Exception <a 'sun/nio/fs/WindowsException'{0x0000000087b57540}> (0x0000000087b57540) 
thrown [e:\jenkins\tmp\workspace\build\src\src\hotspot\share\prims\jni.cpp, line 516]
Event: 2.009 Thread 0x0000027392d4e620 Exception <a 'sun/nio/fs/WindowsException'{0x0000000087b57980}> (0x0000000087b57980) 
thrown [e:\jenkins\tmp\workspace\build\src\src\hotspot\share\prims\jni.cpp, line 516]
Event: 2.009 Thread 0x0000027392d4efc0 Exception <a 'sun/nio/fs/WindowsException'{0x0000000087b96f90}> (0x0000000087b96f90) 
thrown [e:\jenkins\tmp\workspace\build\src\src\hotspot\share\prims\jni.cpp, line 516]
Event: 2.009 Thread 0x0000027392d4efc0 Exception <a 'sun/nio/fs/WindowsException'{0x0000000087b973f0}> (0x0000000087b973f0) 
thrown [e:\jenkins\tmp\workspace\build\src\src\hotspot\share\prims\jni.cpp, line 516]
Event: 2.011 Thread 0x0000027392d4eaf0 Exception <a 'sun/nio/fs/WindowsException'{0x000000008762f868}> (0x000000008762f868) 
thrown [e:\jenkins\tmp\workspace\build\src\src\hotspot\share\prims\jni.cpp, line 516]
Event: 2.011 Thread 0x0000027392d4eaf0 Exception <a 'sun/nio/fs/WindowsException'{0x000000008762fce8}> (0x000000008762fce8) 
thrown [e:\jenkins\tmp\workspace\build\src\src\hotspot\share\prims\jni.cpp, line 516]
Event: 2.013 Thread 0x0000027392d6aac0 Exception <a 'sun/nio/fs/WindowsException'{0x0000000087122478}> (0x0000000087122478) 
thrown [e:\jenkins\tmp\workspace\build\src\src\hotspot\share\prims\jni.cpp, line 516]
Event: 2.013 Thread 0x0000027392d6aac0 Exception <a 'sun/nio/fs/WindowsException'{0x00000000871228e0}> (0x00000000871228e0) 
thrown [e:\jenkins\tmp\workspace\build\src\src\hotspot\share\prims\jni.cpp, line 516]
Event: 2.018 Thread 0x0000027392d50c50 Exception <a 'sun/nio/fs/WindowsException'{0x0000000086626700}> (0x0000000086626700) 
thrown [e:\jenkins\tmp\workspace\build\src\src\hotspot\share\prims\jni.cpp, line 516]
Event: 2.018 Thread 0x0000027392d50c50 Exception <a 'sun/nio/fs/WindowsException'{0x0000000086626b40}> (0x0000000086626b40) 
thrown [e:\jenkins\tmp\workspace\build\src\src\hotspot\share\prims\jni.cpp, line 516]

VM Operations (20 events):
Event: 1.988 Executing VM operation: ICBufferFull done
Event: 1.988 Executing VM operation: ICBufferFull
Event: 1.988 Executing VM operation: ICBufferFull done
Event: 1.988 Executing VM operation: ICBufferFull
Event: 1.989 Executing VM operation: ICBufferFull done
Event: 1.989 Executing VM operation: ICBufferFull
Event: 1.989 Executing VM operation: ICBufferFull done
Event: 1.989 Executing VM operation: ICBufferFull
Event: 1.989 Executing VM operation: ICBufferFull done
Event: 1.989 Executing VM operation: ICBufferFull
Event: 1.989 Executing VM operation: ICBufferFull done
Event: 1.991 Executing VM operation: HandshakeAllThreads
Event: 1.991 Executing VM operation: HandshakeAllThreads done
Event: 1.991 Executing VM operation: HandshakeAllThreads
Event: 1.991 Executing VM operation: HandshakeAllThreads done
Event: 2.004 Executing VM operation: G1CollectForAllocation
Event: 2.007 Executing VM operation: G1CollectForAllocation done
Event: 2.018 Executing VM operation: G1CollectForAllocation
Event: 2.018 Executing VM operation: G1CollectForAllocation done
Event: 2.018 Executing VM operation: G1CollectForAllocation

Events (20 events):
Event: 1.779 loading class java/util/concurrent/CompletableFuture$UniCompose done
Event: 1.779 Thread 0x0000027392d6dfb0 Thread added: 0x0000027392d6dfb0
Event: 1.779 Thread 0x0000027392d6b930 Thread added: 0x0000027392d6b930
Event: 1.779 loading class java/util/concurrent/CompletableFuture$UniRelay
Event: 1.779 loading class java/util/concurrent/CompletableFuture$UniRelay done
Event: 1.814 Thread 0x0000027392d6b460 Thread added: 0x0000027392d6b460
Event: 1.816 loading class java/util/concurrent/CompletionException
Event: 1.816 loading class java/util/concurrent/CompletionException done
Event: 1.820 loading class java/io/PrintWriter
Event: 1.820 loading class java/io/PrintWriter done
Event: 1.822 loading class sun/nio/cs/StringUTF16
Event: 1.822 loading class sun/nio/cs/StringUTF16 done
Event: 1.822 loading class java/util/WeakHashMap$EntrySet
Event: 1.822 loading class java/util/WeakHashMap$EntrySet done
Event: 1.822 loading class java/util/WeakHashMap$EntryIterator
Event: 1.822 loading class java/util/WeakHashMap$HashIterator
Event: 1.823 loading class java/util/WeakHashMap$HashIterator done
Event: 1.823 loading class java/util/WeakHashMap$EntryIterator done
Event: 1.953 loading class sun/nio/fs/WindowsChannelFactory$2
Event: 1.953 loading class sun/nio/fs/WindowsChannelFactory$2 done


Dynamic libraries:
0x00007ff6e3260000 - 0x00007ff6e326e000 	c:\Users\Fadilou Sy\.vscode\extensions\redhat.java-1.7.0-win32-x64\jre\17.0.3-win32-x86_64\bin\java.exe
0x00007ff9cc7b0000 - 0x00007ff9cc9a5000 	C:\WINDOWS\SYSTEM32\ntdll.dll
0x00007ff9cacf0000 - 0x00007ff9cadad000 	C:\WINDOWS\System32\KERNEL32.DLL
0x00007ff9c9f20000 - 0x00007ff9ca1ed000 	C:\WINDOWS\System32\KERNELBASE.dll
0x00007ff9c73a0000 - 0x00007ff9c7430000 	C:\WINDOWS\SYSTEM32\apphelp.dll
0x00007ff9ca300000 - 0x00007ff9ca400000 	C:\WINDOWS\System32\ucrtbase.dll
0x00007ff9a7f00000 - 0x00007ff9a7f18000 	c:\Users\Fadilou Sy\.vscode\extensions\redhat.java-1.7.0-win32-x64\jre\17.0.3-win32-x86_64\bin\jli.dll
0x00007ff9a7ea0000 - 0x00007ff9a7eb9000 	c:\Users\Fadilou Sy\.vscode\extensions\redhat.java-1.7.0-win32-x64\jre\17.0.3-win32-x86_64\bin\VCRUNTIME140.dll
0x00007ff9cadb0000 - 0x00007ff9caf50000 	C:\WINDOWS\System32\USER32.dll
0x00007ff9ca550000 - 0x00007ff9ca572000 	C:\WINDOWS\System32\win32u.dll
0x00007ff9b6a70000 - 0x00007ff9b6d0a000 	C:\WINDOWS\WinSxS\amd64_microsoft.windows.common-controls_6595b64144ccf1df_6.0.19041.1110_none_60b5254171f9507e\COMCTL32.dll
0x00007ff9cb0a0000 - 0x00007ff9cb0ca000 	C:\WINDOWS\System32\GDI32.dll
0x00007ff9cb0d0000 - 0x00007ff9cb16e000 	C:\WINDOWS\System32\msvcrt.dll
0x00007ff9ca1f0000 - 0x00007ff9ca2fb000 	C:\WINDOWS\System32\gdi32full.dll
0x00007ff9ca580000 - 0x00007ff9ca61d000 	C:\WINDOWS\System32\msvcp_win.dll
0x00007ff9caf50000 - 0x00007ff9caf80000 	C:\WINDOWS\System32\IMM32.DLL
0x00007ff9a7ef0000 - 0x00007ff9a7efc000 	c:\Users\Fadilou Sy\.vscode\extensions\redhat.java-1.7.0-win32-x64\jre\17.0.3-win32-x86_64\bin\vcruntime140_1.dll
0x00007ff9a11e0000 - 0x00007ff9a1271000 	c:\Users\Fadilou Sy\.vscode\extensions\redhat.java-1.7.0-win32-x64\jre\17.0.3-win32-x86_64\bin\msvcp140.dll
0x00007ff967df0000 - 0x00007ff968a38000 	c:\Users\Fadilou Sy\.vscode\extensions\redhat.java-1.7.0-win32-x64\jre\17.0.3-win32-x86_64\bin\server\jvm.dll
0x00007ff9cbe90000 - 0x00007ff9cbf3e000 	C:\WINDOWS\System32\ADVAPI32.dll
0x00007ff9cc6d0000 - 0x00007ff9cc76c000 	C:\WINDOWS\System32\sechost.dll
0x00007ff9ca860000 - 0x00007ff9ca985000 	C:\WINDOWS\System32\RPCRT4.dll
0x00007ff9cb530000 - 0x00007ff9cb538000 	C:\WINDOWS\System32\PSAPI.DLL
0x00007ff9c3970000 - 0x00007ff9c397a000 	C:\WINDOWS\SYSTEM32\VERSION.dll
0x00007ff9b1a00000 - 0x00007ff9b1a09000 	C:\WINDOWS\SYSTEM32\WSOCK32.dll
0x00007ff9b3bd0000 - 0x00007ff9b3bf7000 	C:\WINDOWS\SYSTEM32\WINMM.dll
0x00007ff9cbfa0000 - 0x00007ff9cc00b000 	C:\WINDOWS\System32\WS2_32.dll
0x00007ff9c8800000 - 0x00007ff9c8812000 	C:\WINDOWS\SYSTEM32\kernel.appcore.dll
0x00007ff9a7e90000 - 0x00007ff9a7e9a000 	c:\Users\Fadilou Sy\.vscode\extensions\redhat.java-1.7.0-win32-x64\jre\17.0.3-win32-x86_64\bin\jimage.dll
0x00007ff9c7b70000 - 0x00007ff9c7d54000 	C:\WINDOWS\SYSTEM32\DBGHELP.DLL
0x00007ff9afb60000 - 0x00007ff9afb8c000 	C:\WINDOWS\SYSTEM32\dbgcore.DLL
0x00007ff9ca670000 - 0x00007ff9ca6f2000 	C:\WINDOWS\System32\bcryptPrimitives.dll
0x00007ff9a50c0000 - 0x00007ff9a50e5000 	c:\Users\Fadilou Sy\.vscode\extensions\redhat.java-1.7.0-win32-x64\jre\17.0.3-win32-x86_64\bin\java.dll
0x00007ff9a7e50000 - 0x00007ff9a7e68000 	c:\Users\Fadilou Sy\.vscode\extensions\redhat.java-1.7.0-win32-x64\jre\17.0.3-win32-x86_64\bin\zip.dll
0x00007ff9cb740000 - 0x00007ff9cbe84000 	C:\WINDOWS\System32\SHELL32.dll
0x00007ff9c8000000 - 0x00007ff9c8794000 	C:\WINDOWS\SYSTEM32\windows.storage.dll
0x00007ff9cb170000 - 0x00007ff9cb4c4000 	C:\WINDOWS\System32\combase.dll
0x00007ff9c9980000 - 0x00007ff9c99ac000 	C:\WINDOWS\SYSTEM32\Wldp.dll
0x00007ff9cabd0000 - 0x00007ff9cac7d000 	C:\WINDOWS\System32\SHCORE.dll
0x00007ff9cb4d0000 - 0x00007ff9cb525000 	C:\WINDOWS\System32\shlwapi.dll
0x00007ff9c9e60000 - 0x00007ff9c9e7f000 	C:\WINDOWS\SYSTEM32\profapi.dll
0x00007ff9a59d0000 - 0x00007ff9a59e9000 	C:\Users\Fadilou Sy\.vscode\extensions\redhat.java-1.7.0-win32-x64\jre\17.0.3-win32-x86_64\bin\net.dll
0x00007ff9b70d0000 - 0x00007ff9b71da000 	C:\WINDOWS\SYSTEM32\WINHTTP.dll
0x00007ff9c96e0000 - 0x00007ff9c974a000 	C:\WINDOWS\system32\mswsock.dll
0x00007ff9a5020000 - 0x00007ff9a5035000 	C:\Users\Fadilou Sy\.vscode\extensions\redhat.java-1.7.0-win32-x64\jre\17.0.3-win32-x86_64\bin\nio.dll
0x00007ff9a7e40000 - 0x00007ff9a7e50000 	c:\Users\Fadilou Sy\.vscode\extensions\redhat.java-1.7.0-win32-x64\jre\17.0.3-win32-x86_64\bin\verify.dll
0x00007ff9c4cf0000 - 0x00007ff9c4cf9000 	C:\Users\Fadilou Sy\.vscode\extensions\redhat.java-1.7.0-win32-x64\jre\17.0.3-win32-x86_64\bin\management.dll
0x00007ff9c4ce0000 - 0x00007ff9c4ceb000 	C:\Users\Fadilou Sy\.vscode\extensions\redhat.java-1.7.0-win32-x64\jre\17.0.3-win32-x86_64\bin\management_ext.dll
0x00007ff98aae0000 - 0x00007ff98aaf7000 	C:\WINDOWS\system32\napinsp.dll
0x00007ff97e740000 - 0x00007ff97e75b000 	C:\WINDOWS\system32\pnrpnsp.dll
0x00007ff9c5080000 - 0x00007ff9c5095000 	C:\WINDOWS\system32\wshbth.dll
0x00007ff9c4c90000 - 0x00007ff9c4cad000 	C:\WINDOWS\system32\NLAapi.dll
0x00007ff9c9380000 - 0x00007ff9c93bb000 	C:\WINDOWS\SYSTEM32\IPHLPAPI.DLL
0x00007ff9c93d0000 - 0x00007ff9c949b000 	C:\WINDOWS\SYSTEM32\DNSAPI.dll
0x00007ff9cace0000 - 0x00007ff9cace8000 	C:\WINDOWS\System32\NSI.dll
0x00007ff97e720000 - 0x00007ff97e732000 	C:\WINDOWS\System32\winrnr.dll
0x000000006a180000 - 0x000000006a1a6000 	C:\Program Files\Bonjour\mdnsNSP.dll
0x00007ff9b6e80000 - 0x00007ff9b6e8a000 	C:\Windows\System32\rasadhlp.dll
0x00007ff9b6f40000 - 0x00007ff9b6fc0000 	C:\WINDOWS\System32\fwpuclnt.dll
0x00007ff9ca400000 - 0x00007ff9ca427000 	C:\WINDOWS\System32\bcrypt.dll
0x00007ff9c98d0000 - 0x00007ff9c98e8000 	C:\WINDOWS\SYSTEM32\CRYPTSP.dll
0x00007ff9c8ff0000 - 0x00007ff9c9024000 	C:\WINDOWS\system32\rsaenh.dll
0x00007ff9c9e20000 - 0x00007ff9c9e4e000 	C:\WINDOWS\SYSTEM32\USERENV.dll
0x00007ff9c98f0000 - 0x00007ff9c98fc000 	C:\WINDOWS\SYSTEM32\CRYPTBASE.dll
0x00007ff9c16d0000 - 0x00007ff9c16e7000 	C:\WINDOWS\SYSTEM32\dhcpcsvc6.DLL
0x00007ff9c1920000 - 0x00007ff9c193d000 	C:\WINDOWS\SYSTEM32\dhcpcsvc.DLL

dbghelp: loaded successfully - version: 4.0.5 - missing functions: none
symbol engine: initialized successfully - sym options: 0x614 - pdb path: .;c:\Users\Fadilou Sy\.vscode\extensions\redhat.java-1.7.0-win32-x64\jre\17.0.3-win32-x86_64\bin;C:\WINDOWS\SYSTEM32;C:\WINDOWS\WinSxS\amd64_microsoft.windows.common-controls_6595b64144ccf1df_6.0.19041.1110_none_60b5254171f9507e;c:\Users\Fadilou Sy\.vscode\extensions\redhat.java-1.7.0-win32-x64\jre\17.0.3-win32-x86_64\bin\server;C:\Program Files\Bonjour

VM Arguments:
jvm_args: --add-modules=ALL-SYSTEM --add-exports=jdk.compiler/com.sun.tools.javac.file=ALL-UNNAMED --add-exports=jdk.compiler/com.sun.tools.javac.util=ALL-UNNAMED --add-exports=jdk.compiler/com.sun.tools.javac.comp=ALL-UNNAMED --add-exports=jdk.compiler/com.sun.tools.javac.main=ALL-UNNAMED --add-exports=jdk.compiler/com.sun.tools.javac.tree=ALL-UNNAMED --add-exports=jdk.compiler/com.sun.tools.javac.code=ALL-UNNAMED -Dsts.lsp.client=vscode -Dsts.log.file=/dev/null -XX:TieredStopAtLevel=1 -Dspring.config.location=file:c:\Users\Fadilou Sy\.vscode\extensions\pivotal.vscode-spring-boot-1.35.0\language-server\BOOT-INF\classes\application.properties 
java_command: org.springframework.ide.vscode.boot.app.BootLanguageServerBootApp
java_class_path (initial): c:\Users\Fadilou Sy\.vscode\extensions\pivotal.vscode-spring-boot-1.35.0\language-server\BOOT-INF\classes;c:\Users\Fadilou Sy\.vscode\extensions\pivotal.vscode-spring-boot-1.35.0\language-server\BOOT-INF\lib\annotations-23.0.0.jar;c:\Users\Fadilou Sy\.vscode\extensions\pivotal.vscode-spring-boot-1.35.0\language-server\BOOT-INF\lib\antlr-runtime-3.5.2.jar;c:\Users\Fadilou Sy\.vscode\extensions\pivotal.vscode-spring-boot-1.35.0\language-server\BOOT-INF\lib\antlr4-4.9.3.jar;c:\Users\Fadilou Sy\.vscode\extensions\pivotal.vscode-spring-boot-1.35.0\language-server\BOOT-INF\lib\antlr4-runtime-4.9.3.jar;c:\Users\Fadilou Sy\.vscode\extensions\pivotal.vscode-spring-boot-1.35.0\language-server\BOOT-INF\lib\asm-9.3.jar;c:\Users\Fadilou Sy\.vscode\extensions\pivotal.vscode-spring-boot-1.35.0\language-server\BOOT-INF\lib\asm-analysis-9.3.jar;c:\Users\Fadilou Sy\.vscode\extensions\pivotal.vscode-spring-boot-1.35.0\language-server\BOOT-INF\lib\asm-tree-9.3.jar;c:\Users\Fadilou Sy\.vscode\extensions\pivotal.vscode-spring-boot-1.35.0\language-server\BOOT-INF\lib\asm-util-9.3.jar;c:\Users\Fadilou Sy\.vscode\extensions\pivotal.vscode-spring-boot-1.35.0\language-server\BOOT-INF\lib\byte-buddy-1.10.18.jar;c:\Users\Fadilou Sy\.vscode\extensions\pivotal.vscode-spring-boot-1.35.0\language-server\BOOT-INF\lib\caffeine-2.8.6.jar;c:\Users\Fadilou Sy\.vscode\extensions\pivotal.vscode-spring-boot-1.35.0\language-server\BOOT-INF\lib\checker-qual-3.12.0.jar;c:\Users\Fadilou Sy\.vscode\extensions\pivotal.vscode-spring-boot-1.35.0\language-server\BOOT-INF\lib\classgraph-4.8.146.jar;c:\Users\Fadilou Sy\.vscode\extensions\pivotal.vscode-spring-boot-1.35.0\language-server\BOOT-INF\lib\commons-codec-1.14.jar;c:\Users\Fadilou Sy\.vscode\extensions\pivotal.vscode-spring-boot-1.35.0\language-server\BOOT-INF\lib\commons-compress-1.21.jar;c:\Users\Fadilou Sy\.vscode\extensions\pivotal.vscode-spring-boot-1.35.0\language-server\BOOT-INF\lib\commons-exec-1.3.jar;c:\Users\Fadilou Sy\
Launcher Type: SUN_STANDARD

[Global flags]
     intx CICompilerCount                          = 4                                         {product} {ergonomic}
     uint ConcGCThreads                            = 2                                         {product} {ergonomic}
     uint G1ConcRefinementThreads                  = 8                                         {product} {ergonomic}
   size_t G1HeapRegionSize                         = 1048576                                   {product} {ergonomic}
    uintx GCDrainStackTargetSize                   = 64                                        {product} {ergonomic}
   size_t InitialHeapSize                          = 132120576                                 {product} {ergonomic}
   size_t MarkStackSize                            = 4194304                                   {product} {ergonomic}
   size_t MaxHeapSize                              = 2109734912                                {product} {ergonomic}
   size_t MaxNewSize                               = 1265631232                                {product} {ergonomic}
   size_t MinHeapDeltaBytes                        = 1048576                                   {product} {ergonomic}
   size_t MinHeapSize                              = 8388608                                   {product} {ergonomic}
    uintx NonProfiledCodeHeapSize                  = 0                                      {pd product} {ergonomic}
     bool ProfileInterpreter                       = false                                  {pd product} {command line}
    uintx ProfiledCodeHeapSize                     = 0                                      {pd product} {ergonomic}
   size_t SoftMaxHeapSize                          = 2109734912                             {manageable} {ergonomic}
     intx TieredStopAtLevel                        = 1                                         {product} {command line}
     bool UseCompressedClassPointers               = true                           {product lp64_product} {ergonomic}
     bool UseCompressedOops                        = true                           {product lp64_product} {ergonomic}
     bool UseG1GC                                  = true                                      {product} {ergonomic}
     bool UseLargePagesIndividualAllocation        = false                                  {pd product} {ergonomic}

Logging:
Log output configuration:
 #0: stdout all=warning uptime,level,tags
 #1: stderr all=off uptime,level,tags

Environment Variables:
PATH=C:\Program Files (x86)\Common Files\Oracle\Java\javapath;C:\ProgramData\Oracle\Java\javapath;C:\WINDOWS\system32;C:\WINDOWS;C:\WINDOWS\System32\Wbem;C:\WINDOWS\System32\WindowsPowerShell\v1.0\;C:\WINDOWS\System32\OpenSSH\;C:\Program Files\Git\cmd;C:\Users\Fadilou Sy\AppData\Local\Microsoft\WindowsApps;;C:\Users\Fadilou Sy\AppData\Local\Programs\Microsoft VS Code\bin
USERNAME=Fadilou Sy
OS=Windows_NT
PROCESSOR_IDENTIFIER=Intel64 Family 6 Model 142 Stepping 12, GenuineIntel



---------------  S Y S T E M  ---------------

OS:
 Windows 10 , 64 bit Build 19041 (10.0.19041.1706)
OS uptime: 2 days 7:29 hours

CPU: total 8 (initial active 8) (4 cores per cpu, 2 threads per core) family 6 model 142 stepping 12 microcode 0xf0, cx8, cmov, fxsr, ht, mmx, 3dnowpref, sse, sse2, sse3, ssse3, sse4.1, sse4.2, popcnt, lzcnt, tsc, tscinvbit, avx, avx2, aes, erms, clmul, bmi1, bmi2, adx, fma, vzeroupper, clflush, clflushopt

Memory: 4k page, system-wide physical 8040M (610M free)
TotalPageFile size 24907M (AvailPageFile size 51M)
current process WorkingSet (physical memory assigned to process): 190M, peak: 190M
current process commit charge ("private bytes"): 263M, peak: 321M

vm_info: OpenJDK 64-Bit Server VM (17.0.3+7) for windows-amd64 JRE (17.0.3+7), built on Apr 19 2022 16:55:35 by "" with MS VC++ 16.7 (VS2019)

END.
