#
# There is insufficient memory for the Java Runtime Environment to continue.
# Native memory allocation (mmap) failed to map 27262976 bytes for G1 virtual space
# Possible reasons:
#   The system is out of physical RAM or swap space
#   The process is running with CompressedOops enabled, and the Java Heap may be blocking the growth of the native heap
# Possible solutions:
#   Reduce memory load on the system
#   Increase physical memory or swap space
#   Check if swap backing store is full
#   Decrease Java heap size (-Xmx/-Xms)
#   Decrease number of Java threads
#   Decrease Java thread stack sizes (-Xss)
#   Set larger code cache with -XX:ReservedCodeCacheSize=
#   JVM is running with Unscaled Compressed Oops mode in which the Java heap is
#     placed in the first 4GB address space. The Java Heap base address is the
#     maximum limit for the native heap growth. Please use -XX:HeapBaseMinAddress
#     to set the Java Heap base and to place the Java Heap above 4GB virtual address.
# This output file may be truncated or incomplete.
#
#  Out of Memory Error (os_windows.cpp:3535), pid=6004, tid=16688
#
# JRE version: OpenJDK Runtime Environment Temurin-17.0.3+7 (17.0.3+7) (build 17.0.3+7)
# Java VM: OpenJDK 64-Bit Server VM Temurin-17.0.3+7 (17.0.3+7, mixed mode, emulated-client, tiered, compressed oops, compressed class ptrs, g1 gc, windows-amd64)
# No core dump will be written. Minidumps are not enabled by default on client versions of Windows
#

---------------  S U M M A R Y ------------

Command Line: --add-modules=ALL-SYSTEM --add-exports=jdk.compiler/com.sun.tools.javac.file=ALL-UNNAMED --add-exports=jdk.compiler/com.sun.tools.javac.util=ALL-UNNAMED --add-exports=jdk.compiler/com.sun.tools.javac.comp=ALL-UNNAMED --add-exports=jdk.compiler/com.sun.tools.javac.main=ALL-UNNAMED --add-exports=jdk.compiler/com.sun.tools.javac.tree=ALL-UNNAMED --add-exports=jdk.compiler/com.sun.tools.javac.code=ALL-UNNAMED -Dsts.lsp.client=vscode -Dsts.log.file=/dev/null -XX:TieredStopAtLevel=1 -Dspring.config.location=file:c:\Users\Fadilou Sy\.vscode\extensions\pivotal.vscode-spring-boot-1.35.0\language-server\BOOT-INF\classes\application.properties org.springframework.ide.vscode.boot.app.BootLanguageServerBootApp

Host: Intel(R) Core(TM) i7-10510U CPU @ 1.80GHz, 8 cores, 7G,  Windows 10 , 64 bit Build 19041 (10.0.19041.1706)
Time: Thu Jun 16 15:30:37 2022 Temps universel coordonné elapsed time: 1.978741 seconds (0d 0h 0m 1s)

---------------  T H R E A D  ---------------

Current thread (0x000002367cee8090):  VMThread "VM Thread" [stack: 0x0000007ae0200000,0x0000007ae0300000] [id=16688]

Stack: [0x0000007ae0200000,0x0000007ae0300000]
Native frames: (J=compiled Java code, j=interpreted, Vv=VM code, C=native code)
V  [jvm.dll+0x675efa]
V  [jvm.dll+0x830a24]
V  [jvm.dll+0x8321ce]
V  [jvm.dll+0x832833]
V  [jvm.dll+0x2454b5]
V  [jvm.dll+0x672de9]
V  [jvm.dll+0x667732]
V  [jvm.dll+0x3043ab]
V  [jvm.dll+0x30b8f6]
V  [jvm.dll+0x35b62e]
V  [jvm.dll+0x35b85f]
V  [jvm.dll+0x2db248]
V  [jvm.dll+0x2d94fc]
V  [jvm.dll+0x2d8acc]
V  [jvm.dll+0x31ca2b]
V  [jvm.dll+0x836cdb]
V  [jvm.dll+0x837a14]
V  [jvm.dll+0x837f2c]
V  [jvm.dll+0x838304]
V  [jvm.dll+0x8383d0]
V  [jvm.dll+0x7e0cfa]
V  [jvm.dll+0x674d85]
C  [ucrtbase.dll+0x21bb2]
C  [KERNEL32.DLL+0x17034]
C  [ntdll.dll+0x52651]

VM_Operation (0x0000007ae25fe9b0): G1CollectForAllocation, mode: safepoint, requested by thread 0x000002367efeea30


---------------  P R O C E S S  ---------------

Threads class SMR info:
_java_thread_list=0x000002360221fb00, length=39, elements={
0x000002367cf267b0, 0x000002367cf27530, 0x000002367cf2e4d0, 0x000002367d8403a0,
0x000002367d842c70, 0x000002367d843530, 0x000002367d843df0, 0x000002367d84fc00,
0x000002367d92b150, 0x000002367cec5b60, 0x000002367da90340, 0x000002367e4528f0,
0x000002367e4b2a50, 0x000002367eebfd60, 0x000002367ef256e0, 0x000002367ed71540,
0x000002366fbeaf00, 0x000002367eebe540, 0x000002367e1d14f0, 0x000002367efc0df0,
0x000002367e1d19c0, 0x000002367e1d1e90, 0x000002367e1d2360, 0x000002367e1d2830,
0x000002367efedbc0, 0x000002367efefd70, 0x000002367efeea30, 0x000002367efeef00,
0x000002367eff0710, 0x000002367efee090, 0x000002367efee560, 0x000002367efed6f0,
0x000002367eff0240, 0x000002367efef3d0, 0x000002367efef8a0, 0x000002367eff0be0,
0x000002367eff10b0, 0x00000236021e8d10, 0x00000236021e5350
}

Java Threads: ( => current thread )
  0x000002367cf267b0 JavaThread "Reference Handler" daemon [_thread_blocked, id=20944, stack(0x0000007ae0300000,0x0000007ae0400000)]
  0x000002367cf27530 JavaThread "Finalizer" daemon [_thread_blocked, id=21728, stack(0x0000007ae0400000,0x0000007ae0500000)]
  0x000002367cf2e4d0 JavaThread "Signal Dispatcher" daemon [_thread_blocked, id=22636, stack(0x0000007ae0500000,0x0000007ae0600000)]
  0x000002367d8403a0 JavaThread "Attach Listener" daemon [_thread_blocked, id=16300, stack(0x0000007ae0600000,0x0000007ae0700000)]
  0x000002367d842c70 JavaThread "Service Thread" daemon [_thread_blocked, id=17300, stack(0x0000007ae0700000,0x0000007ae0800000)]
  0x000002367d843530 JavaThread "Monitor Deflation Thread" daemon [_thread_blocked, id=13324, stack(0x0000007ae0800000,0x0000007ae0900000)]
  0x000002367d843df0 JavaThread "C1 CompilerThread0" daemon [_thread_blocked, id=27120, stack(0x0000007ae0900000,0x0000007ae0a00000)]
  0x000002367d84fc00 JavaThread "Sweeper thread" daemon [_thread_blocked, id=17704, stack(0x0000007ae0a00000,0x0000007ae0b00000)]
  0x000002367d92b150 JavaThread "C1 CompilerThread1" daemon [_thread_blocked, id=22648, stack(0x0000007ae0b00000,0x0000007ae0c00000)]
  0x000002367cec5b60 JavaThread "Common-Cleaner" daemon [_thread_blocked, id=25624, stack(0x0000007ae0c00000,0x0000007ae0d00000)]
  0x000002367da90340 JavaThread "Notification Thread" daemon [_thread_blocked, id=1748, stack(0x0000007ae0d00000,0x0000007ae0e00000)]
  0x000002367e4528f0 JavaThread "C1 CompilerThread2" daemon [_thread_blocked, id=15092, stack(0x0000007ae0f00000,0x0000007ae1000000)]
  0x000002367e4b2a50 JavaThread "C1 CompilerThread3" daemon [_thread_blocked, id=27312, stack(0x0000007ae1000000,0x0000007ae1100000)]
  0x000002367eebfd60 JavaThread "ForkJoinPool.commonPool-worker-1" daemon [_thread_blocked, id=25044, stack(0x0000007ae1700000,0x0000007ae1800000)]
  0x000002367ef256e0 JavaThread "pool-7-thread-1" [_thread_blocked, id=21284, stack(0x0000007ae1a00000,0x0000007ae1b00000)]
  0x000002367ed71540 JavaThread "LanguageServerApp-lifecycle" [_thread_blocked, id=28404, stack(0x0000007ae1b00000,0x0000007ae1c00000)]
  0x000002366fbeaf00 JavaThread "DestroyJavaVM" [_thread_blocked, id=14320, stack(0x0000007adfc00000,0x0000007adfd00000)]
  0x000002367eebe540 JavaThread "ClassGraph-worker-0" daemon [_thread_blocked, id=24572, stack(0x0000007ae1c00000,0x0000007ae1d00000)]
  0x000002367e1d14f0 JavaThread "ClassGraph-worker-1" daemon [_thread_blocked, id=18228, stack(0x0000007ae1d00000,0x0000007ae1e00000)]
  0x000002367efc0df0 JavaThread "ClassGraph-worker-2" daemon [_thread_blocked, id=8484, stack(0x0000007ae1e00000,0x0000007ae1f00000)]
  0x000002367e1d19c0 JavaThread "ClassGraph-worker-3" daemon [_thread_blocked, id=18592, stack(0x0000007ae1f00000,0x0000007ae2000000)]
  0x000002367e1d1e90 JavaThread "ClassGraph-worker-4" daemon [_thread_blocked, id=25616, stack(0x0000007ae2000000,0x0000007ae2100000)]
  0x000002367e1d2360 JavaThread "ClassGraph-worker-5" daemon [_thread_blocked, id=24312, stack(0x0000007ae2100000,0x0000007ae2200000)]
  0x000002367e1d2830 JavaThread "ClassGraph-worker-6" daemon [_thread_blocked, id=20824, stack(0x0000007ae2200000,0x0000007ae2300000)]
  0x000002367efedbc0 JavaThread "ClassGraph-worker-7" daemon [_thread_blocked, id=23788, stack(0x0000007ae2300000,0x0000007ae2400000)]
  0x000002367efefd70 JavaThread "ClassGraph-worker-8" daemon [_thread_blocked, id=6500, stack(0x0000007ae2400000,0x0000007ae2500000)]
  0x000002367efeea30 JavaThread "ClassGraph-worker-9" daemon [_thread_blocked, id=11032, stack(0x0000007ae2500000,0x0000007ae2600000)]
  0x000002367efeef00 JavaThread "ClassGraph-worker-10" daemon [_thread_blocked, id=17656, stack(0x0000007ae2600000,0x0000007ae2700000)]
  0x000002367eff0710 JavaThread "ClassGraph-worker-11" daemon [_thread_blocked, id=8200, stack(0x0000007ae2700000,0x0000007ae2800000)]
  0x000002367efee090 JavaThread "ClassGraph-worker-12" daemon [_thread_blocked, id=23252, stack(0x0000007ae2800000,0x0000007ae2900000)]
  0x000002367efee560 JavaThread "ClassGraph-worker-13" daemon [_thread_blocked, id=17752, stack(0x0000007ae2900000,0x0000007ae2a00000)]
  0x000002367efed6f0 JavaThread "pool-8-thread-1" [_thread_in_native, id=28512, stack(0x0000007ae2a00000,0x0000007ae2b00000)]
  0x000002367eff0240 JavaThread "Simple-Language-Server main thread" daemon [_thread_blocked, id=22892, stack(0x0000007ae2b00000,0x0000007ae2c00000)]
  0x000002367efef3d0 JavaThread "pool-5-thread-1" [_thread_blocked, id=27960, stack(0x0000007ae2c00000,0x0000007ae2d00000)]
  0x000002367efef8a0 JavaThread "Reconciler-1" [_thread_blocked, id=26136, stack(0x0000007ae2d00000,0x0000007ae2e00000)]
  0x000002367eff0be0 JavaThread "pool-2-thread-1" [_thread_blocked, id=19696, stack(0x0000007ae2e00000,0x0000007ae2f00000)]
  0x000002367eff10b0 JavaThread "ForkJoinPool.commonPool-worker-2" daemon [_thread_blocked, id=19784, stack(0x0000007ae2f00000,0x0000007ae3000000)]
  0x00000236021e8d10 JavaThread "pool-2-thread-2" [_thread_blocked, id=21816, stack(0x0000007ae3000000,0x0000007ae3100000)]
  0x00000236021e5350 JavaThread "parallel-1" daemon [_thread_blocked, id=28452, stack(0x0000007ae3100000,0x0000007ae3200000)]

Other Threads:
=>0x000002367cee8090 VMThread "VM Thread" [stack: 0x0000007ae0200000,0x0000007ae0300000] [id=16688]
  0x000002366fc5e860 WatcherThread [stack: 0x0000007ae0e00000,0x0000007ae0f00000] [id=19392]
  0x000002366fc45bd0 GCTaskThread "GC Thread#0" [stack: 0x0000007adfd00000,0x0000007adfe00000] [id=15208]
  0x000002367e728150 GCTaskThread "GC Thread#1" [stack: 0x0000007ae1100000,0x0000007ae1200000] [id=12972]
  0x000002367e728400 GCTaskThread "GC Thread#2" [stack: 0x0000007ae1200000,0x0000007ae1300000] [id=27164]
  0x000002367e747c60 GCTaskThread "GC Thread#3" [stack: 0x0000007ae1300000,0x0000007ae1400000] [id=4188]
  0x000002367e748320 GCTaskThread "GC Thread#4" [stack: 0x0000007ae1400000,0x0000007ae1500000] [id=24184]
  0x000002367e74a5e0 GCTaskThread "GC Thread#5" [stack: 0x0000007ae1500000,0x0000007ae1600000] [id=4924]
  0x000002367e74a890 GCTaskThread "GC Thread#6" [stack: 0x0000007ae1600000,0x0000007ae1700000] [id=1124]
  0x000002367e9a6840 GCTaskThread "GC Thread#7" [stack: 0x0000007ae1800000,0x0000007ae1900000] [id=27144]
  0x000002366fc565a0 ConcurrentGCThread "G1 Main Marker" [stack: 0x0000007adfe00000,0x0000007adff00000] [id=1204]
  0x000002366fc57660 ConcurrentGCThread "G1 Conc#0" [stack: 0x0000007adff00000,0x0000007ae0000000] [id=21124]
  0x000002367ea580c0 ConcurrentGCThread "G1 Conc#1" [stack: 0x0000007ae1900000,0x0000007ae1a00000] [id=4520]
  0x000002366fcaecd0 ConcurrentGCThread "G1 Refine#0" [stack: 0x0000007ae0000000,0x0000007ae0100000] [id=11628]
  0x000002367cd8c000 ConcurrentGCThread "G1 Service" [stack: 0x0000007ae0100000,0x0000007ae0200000] [id=6372]

Threads with active compile tasks:

VM state: at safepoint (normal execution)

VM Mutex/Monitor currently owned by a thread:  ([mutex/lock_event])
[0x000002366d9d7940] Threads_lock - owner thread: 0x000002367cee8090
[0x000002366fbe7b30] Heap_lock - owner thread: 0x000002367efeea30

Heap address: 0x0000000082400000, size: 2012 MB, Compressed Oops mode: 32-bit

CDS archive(s) not mapped
Compressed class space mapped at: 0x0000000100000000-0x0000000140000000, reserved size: 1073741824
Narrow klass base: 0x0000000000000000, Narrow klass shift: 3, Narrow klass range: 0x140000000

GC Precious Log:
 CPUs: 8 total, 8 available
 Memory: 8040M
 Large Page Support: Disabled
 NUMA Support: Disabled
 Compressed Oops: Enabled (32-bit)
 Heap Region Size: 1M
 Heap Min Capacity: 8M
 Heap Initial Capacity: 126M
 Heap Max Capacity: 2012M
 Pre-touch: Disabled
 Parallel Workers: 8
 Concurrent Workers: 2
 Concurrent Refinement Workers: 8
 Periodic GC: Disabled

Heap:
 garbage-first heap   total 129024K, used 45906K [0x0000000082400000, 0x0000000100000000)
  region size 1024K, 2 young (2048K), 2 survivors (2048K)
 Metaspace       used 34358K, committed 34624K, reserved 1081344K
  class space    used 4455K, committed 4608K, reserved 1048576K

Heap Regions: E=young(eden), S=young(survivor), O=old, HS=humongous(starts), HC=humongous(continues), CS=collection set, F=free, OA=open archive, CA=closed archive, TAMS=top-at-mark-start (previous, next)
|   0|0x0000000082400000, 0x0000000082500000, 0x0000000082500000|100%| O|  |TAMS 0x0000000082500000, 0x0000000082500000| Untracked 
|   1|0x0000000082500000, 0x0000000082600000, 0x0000000082600000|100%| O|  |TAMS 0x0000000082600000, 0x0000000082600000| Untracked 
|   2|0x0000000082600000, 0x0000000082700000, 0x0000000082700000|100%| O|  |TAMS 0x0000000082700000, 0x0000000082700000| Untracked 
|   3|0x0000000082700000, 0x0000000082800000, 0x0000000082800000|100%| O|  |TAMS 0x0000000082800000, 0x0000000082800000| Untracked 
|   4|0x0000000082800000, 0x0000000082900000, 0x0000000082900000|100%| O|  |TAMS 0x0000000082900000, 0x0000000082900000| Untracked 
|   5|0x0000000082900000, 0x0000000082a00000, 0x0000000082a00000|100%| O|  |TAMS 0x0000000082a00000, 0x0000000082a00000| Untracked 
|   6|0x0000000082a00000, 0x0000000082b00000, 0x0000000082b00000|100%| O|  |TAMS 0x0000000082b00000, 0x0000000082b00000| Untracked 
|   7|0x0000000082b00000, 0x0000000082c00000, 0x0000000082c00000|100%| O|  |TAMS 0x0000000082c00000, 0x0000000082c00000| Untracked 
|   8|0x0000000082c00000, 0x0000000082c0ee00, 0x0000000082d00000|  5%| O|  |TAMS 0x0000000082c0ee00, 0x0000000082c0ee00| Untracked 
|   9|0x0000000082d00000, 0x0000000082e00000, 0x0000000082e00000|100%| O|  |TAMS 0x0000000082d00000, 0x0000000082e00000| Untracked 
|  10|0x0000000082e00000, 0x0000000082f00000, 0x0000000082f00000|100%| O|  |TAMS 0x0000000082e00000, 0x0000000082f00000| Untracked 
|  11|0x0000000082f00000, 0x0000000083000000, 0x0000000083000000|100%| O|  |TAMS 0x0000000082f00000, 0x0000000083000000| Untracked 
|  12|0x0000000083000000, 0x0000000083100000, 0x0000000083100000|100%| O|  |TAMS 0x0000000083000000, 0x0000000083100000| Untracked 
|  13|0x0000000083100000, 0x0000000083200000, 0x0000000083200000|100%| O|  |TAMS 0x0000000083100000, 0x0000000083200000| Untracked 
|  14|0x0000000083200000, 0x0000000083300000, 0x0000000083300000|100%| O|  |TAMS 0x0000000083200000, 0x0000000083300000| Untracked 
|  15|0x0000000083300000, 0x0000000083400000, 0x0000000083400000|100%| O|  |TAMS 0x0000000083300000, 0x0000000083400000| Untracked 
|  16|0x0000000083400000, 0x0000000083500000, 0x0000000083500000|100%| O|  |TAMS 0x0000000083400000, 0x0000000083500000| Untracked 
|  17|0x0000000083500000, 0x0000000083600000, 0x0000000083600000|100%| O|  |TAMS 0x0000000083500000, 0x0000000083600000| Untracked 
|  18|0x0000000083600000, 0x0000000083700000, 0x0000000083700000|100%| O|  |TAMS 0x0000000083600000, 0x0000000083700000| Untracked 
|  19|0x0000000083700000, 0x0000000083800000, 0x0000000083800000|100%| O|  |TAMS 0x0000000083700000, 0x0000000083800000| Untracked 
|  20|0x0000000083800000, 0x0000000083900000, 0x0000000083900000|100%| O|  |TAMS 0x0000000083800000, 0x0000000083900000| Untracked 
|  21|0x0000000083900000, 0x0000000083a00000, 0x0000000083a00000|100%| O|  |TAMS 0x0000000083900000, 0x0000000083a00000| Untracked 
|  22|0x0000000083a00000, 0x0000000083b00000, 0x0000000083b00000|100%| O|  |TAMS 0x0000000083a00000, 0x0000000083b00000| Untracked 
|  23|0x0000000083b00000, 0x0000000083c00000, 0x0000000083c00000|100%| O|  |TAMS 0x0000000083b00000, 0x0000000083c00000| Untracked 
|  24|0x0000000083c00000, 0x0000000083d00000, 0x0000000083d00000|100%| O|  |TAMS 0x0000000083c00000, 0x0000000083d00000| Untracked 
|  25|0x0000000083d00000, 0x0000000083e00000, 0x0000000083e00000|100%| O|  |TAMS 0x0000000083d00000, 0x0000000083e00000| Untracked 
|  26|0x0000000083e00000, 0x0000000083f00000, 0x0000000083f00000|100%| O|  |TAMS 0x0000000083e00000, 0x0000000083f00000| Untracked 
|  27|0x0000000083f00000, 0x0000000084000000, 0x0000000084000000|100%| O|  |TAMS 0x0000000083f00000, 0x0000000084000000| Untracked 
|  28|0x0000000084000000, 0x0000000084100000, 0x0000000084100000|100%| O|  |TAMS 0x0000000084000000, 0x0000000084100000| Untracked 
|  29|0x0000000084100000, 0x0000000084200000, 0x0000000084200000|100%| O|  |TAMS 0x0000000084100000, 0x0000000084200000| Untracked 
|  30|0x0000000084200000, 0x0000000084300000, 0x0000000084300000|100%| O|  |TAMS 0x0000000084200000, 0x0000000084300000| Untracked 
|  31|0x0000000084300000, 0x0000000084400000, 0x0000000084400000|100%| O|  |TAMS 0x0000000084300000, 0x0000000084400000| Untracked 
|  32|0x0000000084400000, 0x0000000084500000, 0x0000000084500000|100%| O|  |TAMS 0x0000000084400000, 0x0000000084500000| Untracked 
|  33|0x0000000084500000, 0x0000000084600000, 0x0000000084600000|100%| O|  |TAMS 0x0000000084500000, 0x0000000084600000| Untracked 
|  34|0x0000000084600000, 0x0000000084700000, 0x0000000084700000|100%| O|  |TAMS 0x0000000084600000, 0x0000000084700000| Untracked 
|  35|0x0000000084700000, 0x0000000084800000, 0x0000000084800000|100%| O|  |TAMS 0x0000000084700000, 0x0000000084800000| Untracked 
|  36|0x0000000084800000, 0x0000000084900000, 0x0000000084900000|100%| O|  |TAMS 0x0000000084800000, 0x0000000084900000| Untracked 
|  37|0x0000000084900000, 0x0000000084a00000, 0x0000000084a00000|100%| O|  |TAMS 0x0000000084900000, 0x0000000084a00000| Untracked 
|  38|0x0000000084a00000, 0x0000000084b00000, 0x0000000084b00000|100%| O|  |TAMS 0x0000000084a00000, 0x0000000084b00000| Untracked 
|  39|0x0000000084b00000, 0x0000000084c00000, 0x0000000084c00000|100%| O|  |TAMS 0x0000000084b00000, 0x0000000084b1b808| Untracked 
|  40|0x0000000084c00000, 0x0000000084d00000, 0x0000000084d00000|100%| O|  |TAMS 0x0000000084c00000, 0x0000000084c00000| Untracked 
|  41|0x0000000084d00000, 0x0000000084e00000, 0x0000000084e00000|100%| O|  |TAMS 0x0000000084d00000, 0x0000000084d00000| Untracked 
|  42|0x0000000084e00000, 0x0000000084f00000, 0x0000000084f00000|100%| O|  |TAMS 0x0000000084e00000, 0x0000000084e00000| Untracked 
|  43|0x0000000084f00000, 0x0000000084ffae00, 0x0000000085000000| 97%| O|  |TAMS 0x0000000084f00000, 0x0000000084f00000| Untracked 
|  44|0x0000000085000000, 0x0000000085000000, 0x0000000085100000|  0%| F|  |TAMS 0x0000000085000000, 0x0000000085000000| Untracked 
|  45|0x0000000085100000, 0x0000000085100000, 0x0000000085200000|  0%| F|  |TAMS 0x0000000085100000, 0x0000000085100000| Untracked 
|  46|0x0000000085200000, 0x0000000085200000, 0x0000000085300000|  0%| F|  |TAMS 0x0000000085200000, 0x0000000085200000| Untracked 
|  47|0x0000000085300000, 0x0000000085300000, 0x0000000085400000|  0%| F|  |TAMS 0x0000000085300000, 0x0000000085300000| Untracked 
|  48|0x0000000085400000, 0x0000000085400000, 0x0000000085500000|  0%| F|  |TAMS 0x0000000085400000, 0x0000000085400000| Untracked 
|  49|0x0000000085500000, 0x0000000085500000, 0x0000000085600000|  0%| F|  |TAMS 0x0000000085500000, 0x0000000085500000| Untracked 
|  50|0x0000000085600000, 0x0000000085600000, 0x0000000085700000|  0%| F|  |TAMS 0x0000000085600000, 0x0000000085600000| Untracked 
|  51|0x0000000085700000, 0x0000000085700000, 0x0000000085800000|  0%| F|  |TAMS 0x0000000085700000, 0x0000000085700000| Untracked 
|  52|0x0000000085800000, 0x0000000085800000, 0x0000000085900000|  0%| F|  |TAMS 0x0000000085800000, 0x0000000085800000| Untracked 
|  53|0x0000000085900000, 0x0000000085900000, 0x0000000085a00000|  0%| F|  |TAMS 0x0000000085900000, 0x0000000085900000| Untracked 
|  54|0x0000000085a00000, 0x0000000085a00000, 0x0000000085b00000|  0%| F|  |TAMS 0x0000000085a00000, 0x0000000085a00000| Untracked 
|  55|0x0000000085b00000, 0x0000000085b00000, 0x0000000085c00000|  0%| F|  |TAMS 0x0000000085b00000, 0x0000000085b00000| Untracked 
|  56|0x0000000085c00000, 0x0000000085c00000, 0x0000000085d00000|  0%| F|  |TAMS 0x0000000085c00000, 0x0000000085c00000| Untracked 
|  57|0x0000000085d00000, 0x0000000085d00000, 0x0000000085e00000|  0%| F|  |TAMS 0x0000000085d00000, 0x0000000085d00000| Untracked 
|  58|0x0000000085e00000, 0x0000000085ecaf20, 0x0000000085f00000| 79%| S|CS|TAMS 0x0000000085e00000, 0x0000000085e00000| Complete 
|  59|0x0000000085f00000, 0x0000000086000000, 0x0000000086000000|100%| S|CS|TAMS 0x0000000085f00000, 0x0000000085f00000| Complete 
|  60|0x0000000086000000, 0x0000000086000000, 0x0000000086100000|  0%| F|  |TAMS 0x0000000086000000, 0x0000000086000000| Untracked 
|  61|0x0000000086100000, 0x0000000086100000, 0x0000000086200000|  0%| F|  |TAMS 0x0000000086100000, 0x0000000086100000| Untracked 
|  62|0x0000000086200000, 0x0000000086200000, 0x0000000086300000|  0%| F|  |TAMS 0x0000000086200000, 0x0000000086200000| Untracked 
|  63|0x0000000086300000, 0x0000000086300000, 0x0000000086400000|  0%| F|  |TAMS 0x0000000086300000, 0x0000000086300000| Untracked 
|  64|0x0000000086400000, 0x0000000086400000, 0x0000000086500000|  0%| F|  |TAMS 0x0000000086400000, 0x0000000086400000| Untracked 
|  65|0x0000000086500000, 0x0000000086500000, 0x0000000086600000|  0%| F|  |TAMS 0x0000000086500000, 0x0000000086500000| Untracked 
|  66|0x0000000086600000, 0x0000000086600000, 0x0000000086700000|  0%| F|  |TAMS 0x0000000086600000, 0x0000000086600000| Untracked 
|  67|0x0000000086700000, 0x0000000086700000, 0x0000000086800000|  0%| F|  |TAMS 0x0000000086700000, 0x0000000086700000| Untracked 
|  68|0x0000000086800000, 0x0000000086800000, 0x0000000086900000|  0%| F|  |TAMS 0x0000000086800000, 0x0000000086800000| Untracked 
|  69|0x0000000086900000, 0x0000000086900000, 0x0000000086a00000|  0%| F|  |TAMS 0x0000000086900000, 0x0000000086900000| Untracked 
|  70|0x0000000086a00000, 0x0000000086a00000, 0x0000000086b00000|  0%| F|  |TAMS 0x0000000086a00000, 0x0000000086a00000| Untracked 
|  71|0x0000000086b00000, 0x0000000086b00000, 0x0000000086c00000|  0%| F|  |TAMS 0x0000000086b00000, 0x0000000086b00000| Untracked 
|  72|0x0000000086c00000, 0x0000000086c00000, 0x0000000086d00000|  0%| F|  |TAMS 0x0000000086c00000, 0x0000000086c00000| Untracked 
|  73|0x0000000086d00000, 0x0000000086d00000, 0x0000000086e00000|  0%| F|  |TAMS 0x0000000086d00000, 0x0000000086d00000| Untracked 
|  74|0x0000000086e00000, 0x0000000086e00000, 0x0000000086f00000|  0%| F|  |TAMS 0x0000000086e00000, 0x0000000086e00000| Untracked 
|  75|0x0000000086f00000, 0x0000000086f00000, 0x0000000087000000|  0%| F|  |TAMS 0x0000000086f00000, 0x0000000086f00000| Untracked 
|  76|0x0000000087000000, 0x0000000087000000, 0x0000000087100000|  0%| F|  |TAMS 0x0000000087000000, 0x0000000087000000| Untracked 
|  77|0x0000000087100000, 0x0000000087100000, 0x0000000087200000|  0%| F|  |TAMS 0x0000000087100000, 0x0000000087100000| Untracked 
|  78|0x0000000087200000, 0x0000000087200000, 0x0000000087300000|  0%| F|  |TAMS 0x0000000087200000, 0x0000000087200000| Untracked 
|  79|0x0000000087300000, 0x0000000087300000, 0x0000000087400000|  0%| F|  |TAMS 0x0000000087300000, 0x0000000087300000| Untracked 
|  80|0x0000000087400000, 0x0000000087400000, 0x0000000087500000|  0%| F|  |TAMS 0x0000000087400000, 0x0000000087400000| Untracked 
|  81|0x0000000087500000, 0x0000000087500000, 0x0000000087600000|  0%| F|  |TAMS 0x0000000087500000, 0x0000000087500000| Untracked 
|  82|0x0000000087600000, 0x0000000087600000, 0x0000000087700000|  0%| F|  |TAMS 0x0000000087600000, 0x0000000087600000| Untracked 
|  83|0x0000000087700000, 0x0000000087700000, 0x0000000087800000|  0%| F|  |TAMS 0x0000000087700000, 0x0000000087700000| Untracked 
|  84|0x0000000087800000, 0x0000000087800000, 0x0000000087900000|  0%| F|  |TAMS 0x0000000087800000, 0x0000000087800000| Untracked 
|  85|0x0000000087900000, 0x0000000087900000, 0x0000000087a00000|  0%| F|  |TAMS 0x0000000087900000, 0x0000000087900000| Untracked 
|  86|0x0000000087a00000, 0x0000000087a00000, 0x0000000087b00000|  0%| F|  |TAMS 0x0000000087a00000, 0x0000000087a00000| Untracked 
|  87|0x0000000087b00000, 0x0000000087b00000, 0x0000000087c00000|  0%| F|  |TAMS 0x0000000087b00000, 0x0000000087b00000| Untracked 
|  88|0x0000000087c00000, 0x0000000087c00000, 0x0000000087d00000|  0%| F|  |TAMS 0x0000000087c00000, 0x0000000087c00000| Untracked 
|  89|0x0000000087d00000, 0x0000000087d00000, 0x0000000087e00000|  0%| F|  |TAMS 0x0000000087d00000, 0x0000000087d00000| Untracked 
|  90|0x0000000087e00000, 0x0000000087e00000, 0x0000000087f00000|  0%| F|  |TAMS 0x0000000087e00000, 0x0000000087e00000| Untracked 
|  91|0x0000000087f00000, 0x0000000087f00000, 0x0000000088000000|  0%| F|  |TAMS 0x0000000087f00000, 0x0000000087f00000| Untracked 
|  92|0x0000000088000000, 0x0000000088000000, 0x0000000088100000|  0%| F|  |TAMS 0x0000000088000000, 0x0000000088000000| Untracked 
|  93|0x0000000088100000, 0x0000000088100000, 0x0000000088200000|  0%| F|  |TAMS 0x0000000088100000, 0x0000000088100000| Untracked 
|  94|0x0000000088200000, 0x0000000088200000, 0x0000000088300000|  0%| F|  |TAMS 0x0000000088200000, 0x0000000088200000| Untracked 
|  95|0x0000000088300000, 0x0000000088300000, 0x0000000088400000|  0%| F|  |TAMS 0x0000000088300000, 0x0000000088300000| Untracked 
|  96|0x0000000088400000, 0x0000000088400000, 0x0000000088500000|  0%| F|  |TAMS 0x0000000088400000, 0x0000000088400000| Untracked 
|  97|0x0000000088500000, 0x0000000088500000, 0x0000000088600000|  0%| F|  |TAMS 0x0000000088500000, 0x0000000088500000| Untracked 
|  98|0x0000000088600000, 0x0000000088600000, 0x0000000088700000|  0%| F|  |TAMS 0x0000000088600000, 0x0000000088600000| Untracked 
|  99|0x0000000088700000, 0x0000000088700000, 0x0000000088800000|  0%| F|  |TAMS 0x0000000088700000, 0x0000000088700000| Untracked 
| 100|0x0000000088800000, 0x0000000088800000, 0x0000000088900000|  0%| F|  |TAMS 0x0000000088800000, 0x0000000088800000| Untracked 
| 101|0x0000000088900000, 0x0000000088900000, 0x0000000088a00000|  0%| F|  |TAMS 0x0000000088900000, 0x0000000088900000| Untracked 
| 102|0x0000000088a00000, 0x0000000088a00000, 0x0000000088b00000|  0%| F|  |TAMS 0x0000000088a00000, 0x0000000088a00000| Untracked 
| 103|0x0000000088b00000, 0x0000000088b00000, 0x0000000088c00000|  0%| F|  |TAMS 0x0000000088b00000, 0x0000000088b00000| Untracked 
| 104|0x0000000088c00000, 0x0000000088c00000, 0x0000000088d00000|  0%| F|  |TAMS 0x0000000088c00000, 0x0000000088c00000| Untracked 
| 105|0x0000000088d00000, 0x0000000088d00000, 0x0000000088e00000|  0%| F|  |TAMS 0x0000000088d00000, 0x0000000088d00000| Untracked 
| 106|0x0000000088e00000, 0x0000000088e00000, 0x0000000088f00000|  0%| F|  |TAMS 0x0000000088e00000, 0x0000000088e00000| Untracked 
| 107|0x0000000088f00000, 0x0000000088f00000, 0x0000000089000000|  0%| F|  |TAMS 0x0000000088f00000, 0x0000000088f00000| Untracked 
| 108|0x0000000089000000, 0x0000000089000000, 0x0000000089100000|  0%| F|  |TAMS 0x0000000089000000, 0x0000000089000000| Untracked 
| 109|0x0000000089100000, 0x0000000089100000, 0x0000000089200000|  0%| F|  |TAMS 0x0000000089100000, 0x0000000089100000| Untracked 
| 110|0x0000000089200000, 0x0000000089200000, 0x0000000089300000|  0%| F|  |TAMS 0x0000000089200000, 0x0000000089200000| Untracked 
| 111|0x0000000089300000, 0x0000000089300000, 0x0000000089400000|  0%| F|  |TAMS 0x0000000089300000, 0x0000000089300000| Untracked 
| 112|0x0000000089400000, 0x0000000089400000, 0x0000000089500000|  0%| F|  |TAMS 0x0000000089400000, 0x0000000089400000| Untracked 
| 113|0x0000000089500000, 0x0000000089500000, 0x0000000089600000|  0%| F|  |TAMS 0x0000000089500000, 0x0000000089500000| Untracked 
| 114|0x0000000089600000, 0x0000000089600000, 0x0000000089700000|  0%| F|  |TAMS 0x0000000089600000, 0x0000000089600000| Untracked 
| 115|0x0000000089700000, 0x0000000089700000, 0x0000000089800000|  0%| F|  |TAMS 0x0000000089700000, 0x0000000089700000| Untracked 
| 116|0x0000000089800000, 0x0000000089800000, 0x0000000089900000|  0%| F|  |TAMS 0x0000000089800000, 0x0000000089800000| Untracked 
| 117|0x0000000089900000, 0x0000000089900000, 0x0000000089a00000|  0%| F|  |TAMS 0x0000000089900000, 0x0000000089900000| Untracked 
| 118|0x0000000089a00000, 0x0000000089a00000, 0x0000000089b00000|  0%| F|  |TAMS 0x0000000089a00000, 0x0000000089a00000| Untracked 
| 119|0x0000000089b00000, 0x0000000089b00000, 0x0000000089c00000|  0%| F|  |TAMS 0x0000000089b00000, 0x0000000089b00000| Untracked 
| 120|0x0000000089c00000, 0x0000000089c00000, 0x0000000089d00000|  0%| F|  |TAMS 0x0000000089c00000, 0x0000000089c00000| Untracked 
| 121|0x0000000089d00000, 0x0000000089d00000, 0x0000000089e00000|  0%| F|  |TAMS 0x0000000089d00000, 0x0000000089d00000| Untracked 
| 122|0x0000000089e00000, 0x0000000089e00000, 0x0000000089f00000|  0%| F|  |TAMS 0x0000000089e00000, 0x0000000089e00000| Untracked 
| 123|0x0000000089f00000, 0x0000000089f00000, 0x000000008a000000|  0%| F|  |TAMS 0x0000000089f00000, 0x0000000089f00000| Untracked 
| 124|0x000000008a000000, 0x000000008a000000, 0x000000008a100000|  0%| F|  |TAMS 0x000000008a000000, 0x000000008a000000| Untracked 
| 125|0x000000008a100000, 0x000000008a100000, 0x000000008a200000|  0%| F|  |TAMS 0x000000008a100000, 0x000000008a100000| Untracked 

Card table byte_map: [0x0000023675d60000,0x0000023676150000] _byte_map_base: 0x000002367594e000

Marking Bits (Prev, Next): (CMBitMap*) 0x000002366fc46130, (CMBitMap*) 0x000002366fc460f0
 Prev Bits: [0x00000236784b0000, 0x000002367a420000)
 Next Bits: [0x0000023676540000, 0x00000236784b0000)

Polling page: 0x000002366f3b0000

Metaspace:

Usage:
  Non-class:     29.20 MB used.
      Class:      4.35 MB used.
       Both:     33.55 MB used.

Virtual space:
  Non-class space:       32.00 MB reserved,      29.31 MB ( 92%) committed,  4 nodes.
      Class space:        1.00 GB reserved,       4.50 MB ( <1%) committed,  1 nodes.
             Both:        1.03 GB reserved,      33.81 MB (  3%) committed. 

Chunk freelists:
   Non-Class:  2.50 MB
       Class:  3.53 MB
        Both:  6.03 MB

MaxMetaspaceSize: unlimited
CompressedClassSpaceSize: 1.00 GB
Initial GC threshold: 21.00 MB
Current GC threshold: 35.25 MB
CDS: off
MetaspaceReclaimPolicy: balanced
 - commit_granule_bytes: 65536.
 - commit_granule_words: 8192.
 - virtual_space_node_default_size: 1048576.
 - enlarge_chunks_in_place: 1.
 - new_chunks_are_fully_committed: 0.
 - uncommit_free_chunks: 1.
 - use_allocation_guard: 0.
 - handle_deallocations: 1.


Internal statistics:

num_allocs_failed_limit: 3.
num_arena_births: 304.
num_arena_deaths: 0.
num_vsnodes_births: 5.
num_vsnodes_deaths: 0.
num_space_committed: 541.
num_space_uncommitted: 0.
num_chunks_returned_to_freelist: 3.
num_chunks_taken_from_freelist: 1257.
num_chunk_merges: 3.
num_chunk_splits: 869.
num_chunks_enlarged: 690.
num_purges: 0.
num_inconsistent_stats: 0.

CodeCache: size=49152Kb used=8840Kb max_used=8840Kb free=40311Kb
 bounds [0x0000023672860000, 0x0000023673110000, 0x0000023675860000]
 total_blobs=4072 nmethods=3550 adapters=446
 compilation: enabled
              stopped_count=0, restarted_count=0
 full_count=0

Compilation events (20 events):
Event: 1.968 Thread 0x000002367d843df0 3542       1       nonapi.io.github.classgraph.recycler.Recycler::acquire (53 bytes)
Event: 1.968 Thread 0x000002367d92b150 3543   !   1       nonapi.io.github.classgraph.fileslice.Slice$1::close (28 bytes)
Event: 1.968 Thread 0x000002367e4528f0 nmethod 3540 0x00000236730fcb10 code [0x00000236730fcca0, 0x00000236730fcde8]
Event: 1.968 Thread 0x000002367e4528f0 3544       1       nonapi.io.github.classgraph.recycler.Recycler::recycle (67 bytes)
Event: 1.968 Thread 0x000002367e4b2a50 nmethod 3541 0x00000236730fce90 code [0x00000236730fd060, 0x00000236730fd4a8]
Event: 1.968 Thread 0x000002367d843df0 nmethod 3542 0x00000236730fd610 code [0x00000236730fd7c0, 0x00000236730fda48]
Event: 1.968 Thread 0x000002367e4528f0 nmethod 3544 0x00000236730fdb90 code [0x00000236730fdd80, 0x00000236730fe0e8]
Event: 1.968 Thread 0x000002367e4b2a50 3545   !   1       nonapi.io.github.classgraph.fastzipfilereader.NestedJarHandler$8::read (225 bytes)
Event: 1.968 Thread 0x000002367d92b150 nmethod 3543 0x00000236730fe290 code [0x00000236730fe460, 0x00000236730fe738]
Event: 1.968 Thread 0x000002367d92b150 3546       1       io.github.classgraph.ClasspathElementZip$1::close (28 bytes)
Event: 1.969 Thread 0x000002367e4b2a50 nmethod 3545 0x00000236730fe910 code [0x00000236730feb80, 0x00000236730ff3c8]
Event: 1.969 Thread 0x000002367d92b150 nmethod 3546 0x00000236730ffa90 code [0x00000236730ffc60, 0x00000236730fffd8]
Event: 1.972 Thread 0x000002367d92b150 3548       1       io.github.classgraph.ClasspathElementZip$1::openClassfile (13 bytes)
Event: 1.972 Thread 0x000002367d843df0 3547   !   1       io.github.classgraph.ClasspathElementZip$1::open (79 bytes)
Event: 1.973 Thread 0x000002367e4528f0 3549       1       nonapi.io.github.classgraph.fileslice.reader.ClassfileReader::<init> (29 bytes)
Event: 1.973 Thread 0x000002367d92b150 nmethod 3548 0x0000023673100210 code [0x00000236731003c0, 0x00000236731006c8]
Event: 1.973 Thread 0x000002367e4528f0 nmethod 3549 0x0000023673100790 code [0x0000023673100920, 0x0000023673100b98]
Event: 1.973 Thread 0x000002367d843df0 nmethod 3547 0x0000023673100c10 code [0x0000023673100e60, 0x0000023673101718]
Event: 1.974 Thread 0x000002367d843df0 3550       1       java.lang.Throwable::<init> (34 bytes)
Event: 1.974 Thread 0x000002367d843df0 nmethod 3550 0x0000023673101c90 code [0x0000023673101e40, 0x00000236731020c8]

GC Heap History (20 events):
Event: 0.872 GC heap after
{Heap after GC invocations=3 (full 0):
 garbage-first heap   total 129024K, used 11323K [0x0000000082400000, 0x0000000100000000)
  region size 1024K, 3 young (3072K), 3 survivors (3072K)
 Metaspace       used 21294K, committed 21504K, reserved 1073152K
  class space    used 2587K, committed 2688K, reserved 1048576K
}
Event: 1.050 GC heap before
{Heap before GC invocations=4 (full 0):
 garbage-first heap   total 45056K, used 31803K [0x0000000082400000, 0x0000000100000000)
  region size 1024K, 24 young (24576K), 3 survivors (3072K)
 Metaspace       used 24232K, committed 24448K, reserved 1073152K
  class space    used 2963K, committed 3072K, reserved 1048576K
}
Event: 1.054 GC heap after
{Heap after GC invocations=5 (full 0):
 garbage-first heap   total 45056K, used 12526K [0x0000000082400000, 0x0000000100000000)
  region size 1024K, 5 young (5120K), 5 survivors (5120K)
 Metaspace       used 24232K, committed 24448K, reserved 1073152K
  class space    used 2963K, committed 3072K, reserved 1048576K
}
Event: 1.249 GC heap before
{Heap before GC invocations=5 (full 0):
 garbage-first heap   total 45056K, used 27886K [0x0000000082400000, 0x0000000100000000)
  region size 1024K, 21 young (21504K), 5 survivors (5120K)
 Metaspace       used 27099K, committed 27392K, reserved 1073152K
  class space    used 3384K, committed 3520K, reserved 1048576K
}
Event: 1.256 GC heap after
{Heap after GC invocations=6 (full 0):
 garbage-first heap   total 54272K, used 15085K [0x0000000082400000, 0x0000000100000000)
  region size 1024K, 3 young (3072K), 3 survivors (3072K)
 Metaspace       used 27099K, committed 27392K, reserved 1073152K
  class space    used 3384K, committed 3520K, reserved 1048576K
}
Event: 1.475 GC heap before
{Heap before GC invocations=6 (full 0):
 garbage-first heap   total 54272K, used 35565K [0x0000000082400000, 0x0000000100000000)
  region size 1024K, 23 young (23552K), 3 survivors (3072K)
 Metaspace       used 30779K, committed 31040K, reserved 1081344K
  class space    used 3874K, committed 3968K, reserved 1048576K
}
Event: 1.481 GC heap after
{Heap after GC invocations=7 (full 0):
 garbage-first heap   total 54272K, used 17531K [0x0000000082400000, 0x0000000100000000)
  region size 1024K, 3 young (3072K), 3 survivors (3072K)
 Metaspace       used 30779K, committed 31040K, reserved 1081344K
  class space    used 3874K, committed 3968K, reserved 1048576K
}
Event: 1.596 GC heap before
{Heap before GC invocations=7 (full 0):
 garbage-first heap   total 54272K, used 34939K [0x0000000082400000, 0x0000000100000000)
  region size 1024K, 21 young (21504K), 3 survivors (3072K)
 Metaspace       used 32032K, committed 32384K, reserved 1081344K
  class space    used 4055K, committed 4224K, reserved 1048576K
}
Event: 1.600 GC heap after
{Heap after GC invocations=8 (full 0):
 garbage-first heap   total 54272K, used 20520K [0x0000000082400000, 0x0000000100000000)
  region size 1024K, 3 young (3072K), 3 survivors (3072K)
 Metaspace       used 32032K, committed 32384K, reserved 1081344K
  class space    used 4055K, committed 4224K, reserved 1048576K
}
Event: 1.636 GC heap before
{Heap before GC invocations=8 (full 0):
 garbage-first heap   total 54272K, used 36904K [0x0000000082400000, 0x0000000100000000)
  region size 1024K, 20 young (20480K), 3 survivors (3072K)
 Metaspace       used 32180K, committed 32512K, reserved 1081344K
  class space    used 4076K, committed 4224K, reserved 1048576K
}
Event: 1.639 GC heap after
{Heap after GC invocations=9 (full 0):
 garbage-first heap   total 54272K, used 23867K [0x0000000082400000, 0x0000000100000000)
  region size 1024K, 3 young (3072K), 3 survivors (3072K)
 Metaspace       used 32180K, committed 32512K, reserved 1081344K
  class space    used 4076K, committed 4224K, reserved 1048576K
}
Event: 1.665 GC heap before
{Heap before GC invocations=9 (full 0):
 garbage-first heap   total 54272K, used 37179K [0x0000000082400000, 0x0000000100000000)
  region size 1024K, 17 young (17408K), 3 survivors (3072K)
 Metaspace       used 32306K, committed 32576K, reserved 1081344K
  class space    used 4096K, committed 4224K, reserved 1048576K
}
Event: 1.668 GC heap after
{Heap after GC invocations=10 (full 0):
 garbage-first heap   total 77824K, used 27041K [0x0000000082400000, 0x0000000100000000)
  region size 1024K, 3 young (3072K), 3 survivors (3072K)
 Metaspace       used 32306K, committed 32576K, reserved 1081344K
  class space    used 4096K, committed 4224K, reserved 1048576K
}
Event: 1.847 GC heap before
{Heap before GC invocations=10 (full 0):
 garbage-first heap   total 77824K, used 54689K [0x0000000082400000, 0x0000000100000000)
  region size 1024K, 30 young (30720K), 3 survivors (3072K)
 Metaspace       used 34027K, committed 34304K, reserved 1081344K
  class space    used 4422K, committed 4544K, reserved 1048576K
}
Event: 1.852 GC heap after
{Heap after GC invocations=11 (full 0):
 garbage-first heap   total 77824K, used 33327K [0x0000000082400000, 0x0000000100000000)
  region size 1024K, 4 young (4096K), 4 survivors (4096K)
 Metaspace       used 34027K, committed 34304K, reserved 1081344K
  class space    used 4422K, committed 4544K, reserved 1048576K
}
Event: 1.929 GC heap before
{Heap before GC invocations=11 (full 0):
 garbage-first heap   total 77824K, used 54831K [0x0000000082400000, 0x0000000100000000)
  region size 1024K, 26 young (26624K), 4 survivors (4096K)
 Metaspace       used 34119K, committed 34368K, reserved 1081344K
  class space    used 4433K, committed 4544K, reserved 1048576K
}
Event: 1.941 GC heap after
{Heap after GC invocations=12 (full 0):
 garbage-first heap   total 77824K, used 43177K [0x0000000082400000, 0x0000000100000000)
  region size 1024K, 4 young (4096K), 4 survivors (4096K)
 Metaspace       used 34119K, committed 34368K, reserved 1081344K
  class space    used 4433K, committed 4544K, reserved 1048576K
}
Event: 1.964 GC heap before
{Heap before GC invocations=12 (full 0):
 garbage-first heap   total 77824K, used 55465K [0x0000000082400000, 0x0000000100000000)
  region size 1024K, 17 young (17408K), 4 survivors (4096K)
 Metaspace       used 34248K, committed 34560K, reserved 1081344K
  class space    used 4448K, committed 4608K, reserved 1048576K
}
Event: 1.966 GC heap after
{Heap after GC invocations=13 (full 0):
 garbage-first heap   total 77824K, used 45416K [0x0000000082400000, 0x0000000100000000)
  region size 1024K, 2 young (2048K), 2 survivors (2048K)
 Metaspace       used 34248K, committed 34560K, reserved 1081344K
  class space    used 4448K, committed 4608K, reserved 1048576K
}
Event: 1.976 GC heap before
{Heap before GC invocations=13 (full 0):
 garbage-first heap   total 77824K, used 57704K [0x0000000082400000, 0x0000000100000000)
  region size 1024K, 16 young (16384K), 2 survivors (2048K)
 Metaspace       used 34358K, committed 34624K, reserved 1081344K
  class space    used 4455K, committed 4608K, reserved 1048576K
}

Deoptimization events (16 events):
Event: 0.491 Thread 0x000002366fbeaf00 DEOPT PACKING pc=0x0000023672c87ff5 sp=0x0000007adfcfdb50
Event: 0.491 Thread 0x000002366fbeaf00 DEOPT UNPACKING pc=0x00000236728b2b43 sp=0x0000007adfcfcfc0 mode 3
Event: 0.887 Thread 0x000002366fbeaf00 DEOPT PACKING pc=0x0000023672d99219 sp=0x0000007adfcfd3c0
Event: 0.887 Thread 0x000002366fbeaf00 DEOPT UNPACKING pc=0x00000236728b2b43 sp=0x0000007adfcfc8a0 mode 3
Event: 1.081 Thread 0x000002366fbeaf00 DEOPT PACKING pc=0x0000023672e5fef5 sp=0x0000007adfcfd090
Event: 1.081 Thread 0x000002366fbeaf00 DEOPT UNPACKING pc=0x00000236728b2b43 sp=0x0000007adfcfc500 mode 3
Event: 1.429 Thread 0x000002366fbeaf00 DEOPT PACKING pc=0x0000023672f00b19 sp=0x0000007adfcfc930
Event: 1.429 Thread 0x000002366fbeaf00 DEOPT UNPACKING pc=0x00000236728b2b43 sp=0x0000007adfcfbe10 mode 3
Event: 1.497 Thread 0x000002367eebfd60 DEOPT PACKING pc=0x0000023672f5842b sp=0x0000007ae17fe2e0
Event: 1.497 Thread 0x000002367eebfd60 DEOPT UNPACKING pc=0x00000236728b2b43 sp=0x0000007ae17fd828 mode 3
Event: 1.662 Thread 0x000002367e1d14f0 DEOPT PACKING pc=0x0000023672d95881 sp=0x0000007ae1dfeef0
Event: 1.662 Thread 0x000002367e1d14f0 DEOPT UNPACKING pc=0x00000236728b2b43 sp=0x0000007ae1dfe380 mode 3
Event: 1.726 Thread 0x000002367eff0240 DEOPT PACKING pc=0x0000023673098135 sp=0x0000007ae2bfdcd0
Event: 1.726 Thread 0x000002367eff0240 DEOPT UNPACKING pc=0x00000236728b2b43 sp=0x0000007ae2bfd1f8 mode 3
Event: 1.749 Thread 0x000002367efef3d0 DEOPT PACKING pc=0x0000023672d90897 sp=0x0000007ae2cff230
Event: 1.749 Thread 0x000002367efef3d0 DEOPT UNPACKING pc=0x00000236728b2b43 sp=0x0000007ae2cfe688 mode 3

Classes unloaded (0 events):
No events

Classes redefined (0 events):
No events

Internal exceptions (20 events):
Event: 1.920 Thread 0x000002367e1d19c0 Exception <a 'sun/nio/fs/WindowsException'{0x0000000085d09b18}> (0x0000000085d09b18) 
thrown [e:\jenkins\tmp\workspace\build\src\src\hotspot\share\prims\jni.cpp, line 516]
Event: 1.920 Thread 0x000002367e1d19c0 Exception <a 'sun/nio/fs/WindowsException'{0x0000000085d09f60}> (0x0000000085d09f60) 
thrown [e:\jenkins\tmp\workspace\build\src\src\hotspot\share\prims\jni.cpp, line 516]
Event: 1.924 Thread 0x000002367efefd70 Exception <a 'sun/nio/fs/WindowsException'{0x0000000085d63480}> (0x0000000085d63480) 
thrown [e:\jenkins\tmp\workspace\build\src\src\hotspot\share\prims\jni.cpp, line 516]
Event: 1.924 Thread 0x000002367efefd70 Exception <a 'sun/nio/fs/WindowsException'{0x0000000085d638f8}> (0x0000000085d638f8) 
thrown [e:\jenkins\tmp\workspace\build\src\src\hotspot\share\prims\jni.cpp, line 516]
Event: 1.943 Thread 0x000002367efefd70 Exception <a 'sun/nio/fs/WindowsException'{0x0000000089037300}> (0x0000000089037300) 
thrown [e:\jenkins\tmp\workspace\build\src\src\hotspot\share\prims\jni.cpp, line 516]
Event: 1.943 Thread 0x000002367efefd70 Exception <a 'sun/nio/fs/WindowsException'{0x00000000890377b0}> (0x00000000890377b0) 
thrown [e:\jenkins\tmp\workspace\build\src\src\hotspot\share\prims\jni.cpp, line 516]
Event: 1.957 Thread 0x000002367efeea30 Exception <a 'sun/nio/fs/WindowsException'{0x000000008672f8a8}> (0x000000008672f8a8) 
thrown [e:\jenkins\tmp\workspace\build\src\src\hotspot\share\prims\jni.cpp, line 516]
Event: 1.958 Thread 0x000002367efeea30 Exception <a 'sun/nio/fs/WindowsException'{0x000000008672fd38}> (0x000000008672fd38) 
thrown [e:\jenkins\tmp\workspace\build\src\src\hotspot\share\prims\jni.cpp, line 516]
Event: 1.967 Thread 0x000002367efee090 Exception <a 'sun/nio/fs/WindowsException'{0x000000008a1b3f80}> (0x000000008a1b3f80) 
thrown [e:\jenkins\tmp\workspace\build\src\src\hotspot\share\prims\jni.cpp, line 516]
Event: 1.967 Thread 0x000002367efee090 Exception <a 'sun/nio/fs/WindowsException'{0x000000008a1b43c8}> (0x000000008a1b43c8) 
thrown [e:\jenkins\tmp\workspace\build\src\src\hotspot\share\prims\jni.cpp, line 516]
Event: 1.969 Thread 0x000002367e1d2360 Exception <a 'sun/nio/fs/WindowsException'{0x000000008a1e4d70}> (0x000000008a1e4d70) 
thrown [e:\jenkins\tmp\workspace\build\src\src\hotspot\share\prims\jni.cpp, line 516]
Event: 1.969 Thread 0x000002367e1d2360 Exception <a 'sun/nio/fs/WindowsException'{0x00000000890febf0}> (0x00000000890febf0) 
thrown [e:\jenkins\tmp\workspace\build\src\src\hotspot\share\prims\jni.cpp, line 516]
Event: 1.969 Thread 0x000002367efc0df0 Exception <a 'sun/nio/fs/WindowsException'{0x0000000089009400}> (0x0000000089009400) 
thrown [e:\jenkins\tmp\workspace\build\src\src\hotspot\share\prims\jni.cpp, line 516]
Event: 1.969 Thread 0x000002367efc0df0 Exception <a 'sun/nio/fs/WindowsException'{0x0000000089009840}> (0x0000000089009840) 
thrown [e:\jenkins\tmp\workspace\build\src\src\hotspot\share\prims\jni.cpp, line 516]
Event: 1.970 Thread 0x000002367efeef00 Exception <a 'sun/nio/fs/WindowsException'{0x0000000088e1d4e8}> (0x0000000088e1d4e8) 
thrown [e:\jenkins\tmp\workspace\build\src\src\hotspot\share\prims\jni.cpp, line 516]
Event: 1.970 Thread 0x000002367efeef00 Exception <a 'sun/nio/fs/WindowsException'{0x0000000088eb3e40}> (0x0000000088eb3e40) 
thrown [e:\jenkins\tmp\workspace\build\src\src\hotspot\share\prims\jni.cpp, line 516]
Event: 1.974 Thread 0x000002367e1d2830 Exception <a 'sun/nio/fs/WindowsException'{0x000000008673de08}> (0x000000008673de08) 
thrown [e:\jenkins\tmp\workspace\build\src\src\hotspot\share\prims\jni.cpp, line 516]
Event: 1.974 Thread 0x000002367e1d2830 Exception <a 'sun/nio/fs/WindowsException'{0x000000008673e240}> (0x000000008673e240) 
thrown [e:\jenkins\tmp\workspace\build\src\src\hotspot\share\prims\jni.cpp, line 516]
Event: 1.974 Thread 0x000002367efeea30 Exception <a 'sun/nio/fs/WindowsException'{0x0000000086628970}> (0x0000000086628970) 
thrown [e:\jenkins\tmp\workspace\build\src\src\hotspot\share\prims\jni.cpp, line 516]
Event: 1.974 Thread 0x000002367efeea30 Exception <a 'sun/nio/fs/WindowsException'{0x0000000086628dc0}> (0x0000000086628dc0) 
thrown [e:\jenkins\tmp\workspace\build\src\src\hotspot\share\prims\jni.cpp, line 516]

VM Operations (20 events):
Event: 1.958 Executing VM operation: ICBufferFull done
Event: 1.958 Executing VM operation: ICBufferFull
Event: 1.958 Executing VM operation: ICBufferFull done
Event: 1.958 Executing VM operation: ICBufferFull
Event: 1.958 Executing VM operation: ICBufferFull done
Event: 1.958 Executing VM operation: ICBufferFull
Event: 1.958 Executing VM operation: ICBufferFull done
Event: 1.958 Executing VM operation: ICBufferFull
Event: 1.958 Executing VM operation: ICBufferFull done
Event: 1.959 Executing VM operation: HandshakeAllThreads
Event: 1.959 Executing VM operation: HandshakeAllThreads done
Event: 1.960 Executing VM operation: HandshakeAllThreads
Event: 1.960 Executing VM operation: HandshakeAllThreads done
Event: 1.963 Executing VM operation: G1CollectForAllocation
Event: 1.963 Executing VM operation: G1CollectForAllocation done
Event: 1.963 Executing VM operation: G1CollectForAllocation
Event: 1.966 Executing VM operation: G1CollectForAllocation done
Event: 1.976 Executing VM operation: G1CollectForAllocation
Event: 1.976 Executing VM operation: G1CollectForAllocation done
Event: 1.976 Executing VM operation: G1CollectForAllocation

Events (20 events):
Event: 1.753 loading class java/util/concurrent/CompletableFuture$UniCompose done
Event: 1.753 Thread 0x000002367eff10b0 Thread added: 0x000002367eff10b0
Event: 1.753 Thread 0x00000236021e8d10 Thread added: 0x00000236021e8d10
Event: 1.753 loading class java/util/concurrent/CompletableFuture$UniRelay
Event: 1.754 loading class java/util/concurrent/CompletableFuture$UniRelay done
Event: 1.787 Thread 0x00000236021e5350 Thread added: 0x00000236021e5350
Event: 1.790 loading class java/util/concurrent/CompletionException
Event: 1.790 loading class java/util/concurrent/CompletionException done
Event: 1.794 loading class java/io/PrintWriter
Event: 1.794 loading class java/io/PrintWriter done
Event: 1.795 loading class sun/nio/cs/StringUTF16
Event: 1.795 loading class sun/nio/cs/StringUTF16 done
Event: 1.796 loading class java/util/WeakHashMap$EntrySet
Event: 1.796 loading class java/util/WeakHashMap$EntrySet done
Event: 1.796 loading class java/util/WeakHashMap$EntryIterator
Event: 1.796 loading class java/util/WeakHashMap$HashIterator
Event: 1.796 loading class java/util/WeakHashMap$HashIterator done
Event: 1.796 loading class java/util/WeakHashMap$EntryIterator done
Event: 1.915 loading class sun/nio/fs/WindowsChannelFactory$2
Event: 1.915 loading class sun/nio/fs/WindowsChannelFactory$2 done


Dynamic libraries:
0x00007ff6e3260000 - 0x00007ff6e326e000 	c:\Users\Fadilou Sy\.vscode\extensions\redhat.java-1.7.0-win32-x64\jre\17.0.3-win32-x86_64\bin\java.exe
0x00007ff9cc7b0000 - 0x00007ff9cc9a5000 	C:\WINDOWS\SYSTEM32\ntdll.dll
0x00007ff9cacf0000 - 0x00007ff9cadad000 	C:\WINDOWS\System32\KERNEL32.DLL
0x00007ff9c9f20000 - 0x00007ff9ca1ed000 	C:\WINDOWS\System32\KERNELBASE.dll
0x00007ff9c73a0000 - 0x00007ff9c7430000 	C:\WINDOWS\SYSTEM32\apphelp.dll
0x00007ff9ca300000 - 0x00007ff9ca400000 	C:\WINDOWS\System32\ucrtbase.dll
0x00007ff9a7f00000 - 0x00007ff9a7f18000 	c:\Users\Fadilou Sy\.vscode\extensions\redhat.java-1.7.0-win32-x64\jre\17.0.3-win32-x86_64\bin\jli.dll
0x00007ff9a7ea0000 - 0x00007ff9a7eb9000 	c:\Users\Fadilou Sy\.vscode\extensions\redhat.java-1.7.0-win32-x64\jre\17.0.3-win32-x86_64\bin\VCRUNTIME140.dll
0x00007ff9cadb0000 - 0x00007ff9caf50000 	C:\WINDOWS\System32\USER32.dll
0x00007ff9ca550000 - 0x00007ff9ca572000 	C:\WINDOWS\System32\win32u.dll
0x00007ff9b6a70000 - 0x00007ff9b6d0a000 	C:\WINDOWS\WinSxS\amd64_microsoft.windows.common-controls_6595b64144ccf1df_6.0.19041.1110_none_60b5254171f9507e\COMCTL32.dll
0x00007ff9cb0d0000 - 0x00007ff9cb16e000 	C:\WINDOWS\System32\msvcrt.dll
0x00007ff9cb0a0000 - 0x00007ff9cb0ca000 	C:\WINDOWS\System32\GDI32.dll
0x00007ff9ca1f0000 - 0x00007ff9ca2fb000 	C:\WINDOWS\System32\gdi32full.dll
0x00007ff9ca580000 - 0x00007ff9ca61d000 	C:\WINDOWS\System32\msvcp_win.dll
0x00007ff9caf50000 - 0x00007ff9caf80000 	C:\WINDOWS\System32\IMM32.DLL
0x00007ff9a7ef0000 - 0x00007ff9a7efc000 	c:\Users\Fadilou Sy\.vscode\extensions\redhat.java-1.7.0-win32-x64\jre\17.0.3-win32-x86_64\bin\vcruntime140_1.dll
0x00007ff9a11e0000 - 0x00007ff9a1271000 	c:\Users\Fadilou Sy\.vscode\extensions\redhat.java-1.7.0-win32-x64\jre\17.0.3-win32-x86_64\bin\msvcp140.dll
0x00007ff967df0000 - 0x00007ff968a38000 	c:\Users\Fadilou Sy\.vscode\extensions\redhat.java-1.7.0-win32-x64\jre\17.0.3-win32-x86_64\bin\server\jvm.dll
0x00007ff9cbe90000 - 0x00007ff9cbf3e000 	C:\WINDOWS\System32\ADVAPI32.dll
0x00007ff9cc6d0000 - 0x00007ff9cc76c000 	C:\WINDOWS\System32\sechost.dll
0x00007ff9ca860000 - 0x00007ff9ca985000 	C:\WINDOWS\System32\RPCRT4.dll
0x00007ff9cb530000 - 0x00007ff9cb538000 	C:\WINDOWS\System32\PSAPI.DLL
0x00007ff9b1a00000 - 0x00007ff9b1a09000 	C:\WINDOWS\SYSTEM32\WSOCK32.dll
0x00007ff9c3970000 - 0x00007ff9c397a000 	C:\WINDOWS\SYSTEM32\VERSION.dll
0x00007ff9b3bd0000 - 0x00007ff9b3bf7000 	C:\WINDOWS\SYSTEM32\WINMM.dll
0x00007ff9cbfa0000 - 0x00007ff9cc00b000 	C:\WINDOWS\System32\WS2_32.dll
0x00007ff9c8800000 - 0x00007ff9c8812000 	C:\WINDOWS\SYSTEM32\kernel.appcore.dll
0x00007ff9a7e90000 - 0x00007ff9a7e9a000 	c:\Users\Fadilou Sy\.vscode\extensions\redhat.java-1.7.0-win32-x64\jre\17.0.3-win32-x86_64\bin\jimage.dll
0x00007ff9c7b70000 - 0x00007ff9c7d54000 	C:\WINDOWS\SYSTEM32\DBGHELP.DLL
0x00007ff9afb60000 - 0x00007ff9afb8c000 	C:\WINDOWS\SYSTEM32\dbgcore.DLL
0x00007ff9ca670000 - 0x00007ff9ca6f2000 	C:\WINDOWS\System32\bcryptPrimitives.dll
0x00007ff9a50c0000 - 0x00007ff9a50e5000 	c:\Users\Fadilou Sy\.vscode\extensions\redhat.java-1.7.0-win32-x64\jre\17.0.3-win32-x86_64\bin\java.dll
0x00007ff9a7e50000 - 0x00007ff9a7e68000 	c:\Users\Fadilou Sy\.vscode\extensions\redhat.java-1.7.0-win32-x64\jre\17.0.3-win32-x86_64\bin\zip.dll
0x00007ff9cb740000 - 0x00007ff9cbe84000 	C:\WINDOWS\System32\SHELL32.dll
0x00007ff9c8000000 - 0x00007ff9c8794000 	C:\WINDOWS\SYSTEM32\windows.storage.dll
0x00007ff9cb170000 - 0x00007ff9cb4c4000 	C:\WINDOWS\System32\combase.dll
0x00007ff9c9980000 - 0x00007ff9c99ac000 	C:\WINDOWS\SYSTEM32\Wldp.dll
0x00007ff9cabd0000 - 0x00007ff9cac7d000 	C:\WINDOWS\System32\SHCORE.dll
0x00007ff9cb4d0000 - 0x00007ff9cb525000 	C:\WINDOWS\System32\shlwapi.dll
0x00007ff9c9e60000 - 0x00007ff9c9e7f000 	C:\WINDOWS\SYSTEM32\profapi.dll
0x00007ff9a59d0000 - 0x00007ff9a59e9000 	C:\Users\Fadilou Sy\.vscode\extensions\redhat.java-1.7.0-win32-x64\jre\17.0.3-win32-x86_64\bin\net.dll
0x00007ff9b70d0000 - 0x00007ff9b71da000 	C:\WINDOWS\SYSTEM32\WINHTTP.dll
0x00007ff9c96e0000 - 0x00007ff9c974a000 	C:\WINDOWS\system32\mswsock.dll
0x00007ff9a5020000 - 0x00007ff9a5035000 	C:\Users\Fadilou Sy\.vscode\extensions\redhat.java-1.7.0-win32-x64\jre\17.0.3-win32-x86_64\bin\nio.dll
0x00007ff9a7e40000 - 0x00007ff9a7e50000 	c:\Users\Fadilou Sy\.vscode\extensions\redhat.java-1.7.0-win32-x64\jre\17.0.3-win32-x86_64\bin\verify.dll
0x00007ff9c4cf0000 - 0x00007ff9c4cf9000 	C:\Users\Fadilou Sy\.vscode\extensions\redhat.java-1.7.0-win32-x64\jre\17.0.3-win32-x86_64\bin\management.dll
0x00007ff9c4ce0000 - 0x00007ff9c4ceb000 	C:\Users\Fadilou Sy\.vscode\extensions\redhat.java-1.7.0-win32-x64\jre\17.0.3-win32-x86_64\bin\management_ext.dll
0x00007ff98aae0000 - 0x00007ff98aaf7000 	C:\WINDOWS\system32\napinsp.dll
0x00007ff97e740000 - 0x00007ff97e75b000 	C:\WINDOWS\system32\pnrpnsp.dll
0x00007ff9c5080000 - 0x00007ff9c5095000 	C:\WINDOWS\system32\wshbth.dll
0x00007ff9c4c90000 - 0x00007ff9c4cad000 	C:\WINDOWS\system32\NLAapi.dll
0x00007ff9c9380000 - 0x00007ff9c93bb000 	C:\WINDOWS\SYSTEM32\IPHLPAPI.DLL
0x00007ff9c93d0000 - 0x00007ff9c949b000 	C:\WINDOWS\SYSTEM32\DNSAPI.dll
0x00007ff9cace0000 - 0x00007ff9cace8000 	C:\WINDOWS\System32\NSI.dll
0x00007ff97e720000 - 0x00007ff97e732000 	C:\WINDOWS\System32\winrnr.dll
0x000000006a180000 - 0x000000006a1a6000 	C:\Program Files\Bonjour\mdnsNSP.dll
0x00007ff9b6e80000 - 0x00007ff9b6e8a000 	C:\Windows\System32\rasadhlp.dll
0x00007ff9b6f40000 - 0x00007ff9b6fc0000 	C:\WINDOWS\System32\fwpuclnt.dll
0x00007ff9ca400000 - 0x00007ff9ca427000 	C:\WINDOWS\System32\bcrypt.dll
0x00007ff9c98d0000 - 0x00007ff9c98e8000 	C:\WINDOWS\SYSTEM32\CRYPTSP.dll
0x00007ff9c8ff0000 - 0x00007ff9c9024000 	C:\WINDOWS\system32\rsaenh.dll
0x00007ff9c9e20000 - 0x00007ff9c9e4e000 	C:\WINDOWS\SYSTEM32\USERENV.dll
0x00007ff9c98f0000 - 0x00007ff9c98fc000 	C:\WINDOWS\SYSTEM32\CRYPTBASE.dll
0x00007ff9c16d0000 - 0x00007ff9c16e7000 	C:\WINDOWS\SYSTEM32\dhcpcsvc6.DLL
0x00007ff9c1920000 - 0x00007ff9c193d000 	C:\WINDOWS\SYSTEM32\dhcpcsvc.DLL

dbghelp: loaded successfully - version: 4.0.5 - missing functions: none
symbol engine: initialized successfully - sym options: 0x614 - pdb path: .;c:\Users\Fadilou Sy\.vscode\extensions\redhat.java-1.7.0-win32-x64\jre\17.0.3-win32-x86_64\bin;C:\WINDOWS\SYSTEM32;C:\WINDOWS\WinSxS\amd64_microsoft.windows.common-controls_6595b64144ccf1df_6.0.19041.1110_none_60b5254171f9507e;c:\Users\Fadilou Sy\.vscode\extensions\redhat.java-1.7.0-win32-x64\jre\17.0.3-win32-x86_64\bin\server;C:\Program Files\Bonjour

VM Arguments:
jvm_args: --add-modules=ALL-SYSTEM --add-exports=jdk.compiler/com.sun.tools.javac.file=ALL-UNNAMED --add-exports=jdk.compiler/com.sun.tools.javac.util=ALL-UNNAMED --add-exports=jdk.compiler/com.sun.tools.javac.comp=ALL-UNNAMED --add-exports=jdk.compiler/com.sun.tools.javac.main=ALL-UNNAMED --add-exports=jdk.compiler/com.sun.tools.javac.tree=ALL-UNNAMED --add-exports=jdk.compiler/com.sun.tools.javac.code=ALL-UNNAMED -Dsts.lsp.client=vscode -Dsts.log.file=/dev/null -XX:TieredStopAtLevel=1 -Dspring.config.location=file:c:\Users\Fadilou Sy\.vscode\extensions\pivotal.vscode-spring-boot-1.35.0\language-server\BOOT-INF\classes\application.properties 
java_command: org.springframework.ide.vscode.boot.app.BootLanguageServerBootApp
java_class_path (initial): c:\Users\Fadilou Sy\.vscode\extensions\pivotal.vscode-spring-boot-1.35.0\language-server\BOOT-INF\classes;c:\Users\Fadilou Sy\.vscode\extensions\pivotal.vscode-spring-boot-1.35.0\language-server\BOOT-INF\lib\annotations-23.0.0.jar;c:\Users\Fadilou Sy\.vscode\extensions\pivotal.vscode-spring-boot-1.35.0\language-server\BOOT-INF\lib\antlr-runtime-3.5.2.jar;c:\Users\Fadilou Sy\.vscode\extensions\pivotal.vscode-spring-boot-1.35.0\language-server\BOOT-INF\lib\antlr4-4.9.3.jar;c:\Users\Fadilou Sy\.vscode\extensions\pivotal.vscode-spring-boot-1.35.0\language-server\BOOT-INF\lib\antlr4-runtime-4.9.3.jar;c:\Users\Fadilou Sy\.vscode\extensions\pivotal.vscode-spring-boot-1.35.0\language-server\BOOT-INF\lib\asm-9.3.jar;c:\Users\Fadilou Sy\.vscode\extensions\pivotal.vscode-spring-boot-1.35.0\language-server\BOOT-INF\lib\asm-analysis-9.3.jar;c:\Users\Fadilou Sy\.vscode\extensions\pivotal.vscode-spring-boot-1.35.0\language-server\BOOT-INF\lib\asm-tree-9.3.jar;c:\Users\Fadilou Sy\.vscode\extensions\pivotal.vscode-spring-boot-1.35.0\language-server\BOOT-INF\lib\asm-util-9.3.jar;c:\Users\Fadilou Sy\.vscode\extensions\pivotal.vscode-spring-boot-1.35.0\language-server\BOOT-INF\lib\byte-buddy-1.10.18.jar;c:\Users\Fadilou Sy\.vscode\extensions\pivotal.vscode-spring-boot-1.35.0\language-server\BOOT-INF\lib\caffeine-2.8.6.jar;c:\Users\Fadilou Sy\.vscode\extensions\pivotal.vscode-spring-boot-1.35.0\language-server\BOOT-INF\lib\checker-qual-3.12.0.jar;c:\Users\Fadilou Sy\.vscode\extensions\pivotal.vscode-spring-boot-1.35.0\language-server\BOOT-INF\lib\classgraph-4.8.146.jar;c:\Users\Fadilou Sy\.vscode\extensions\pivotal.vscode-spring-boot-1.35.0\language-server\BOOT-INF\lib\commons-codec-1.14.jar;c:\Users\Fadilou Sy\.vscode\extensions\pivotal.vscode-spring-boot-1.35.0\language-server\BOOT-INF\lib\commons-compress-1.21.jar;c:\Users\Fadilou Sy\.vscode\extensions\pivotal.vscode-spring-boot-1.35.0\language-server\BOOT-INF\lib\commons-exec-1.3.jar;c:\Users\Fadilou Sy\
Launcher Type: SUN_STANDARD

[Global flags]
     intx CICompilerCount                          = 4                                         {product} {ergonomic}
     uint ConcGCThreads                            = 2                                         {product} {ergonomic}
     uint G1ConcRefinementThreads                  = 8                                         {product} {ergonomic}
   size_t G1HeapRegionSize                         = 1048576                                   {product} {ergonomic}
    uintx GCDrainStackTargetSize                   = 64                                        {product} {ergonomic}
   size_t InitialHeapSize                          = 132120576                                 {product} {ergonomic}
   size_t MarkStackSize                            = 4194304                                   {product} {ergonomic}
   size_t MaxHeapSize                              = 2109734912                                {product} {ergonomic}
   size_t MaxNewSize                               = 1265631232                                {product} {ergonomic}
   size_t MinHeapDeltaBytes                        = 1048576                                   {product} {ergonomic}
   size_t MinHeapSize                              = 8388608                                   {product} {ergonomic}
    uintx NonProfiledCodeHeapSize                  = 0                                      {pd product} {ergonomic}
     bool ProfileInterpreter                       = false                                  {pd product} {command line}
    uintx ProfiledCodeHeapSize                     = 0                                      {pd product} {ergonomic}
   size_t SoftMaxHeapSize                          = 2109734912                             {manageable} {ergonomic}
     intx TieredStopAtLevel                        = 1                                         {product} {command line}
     bool UseCompressedClassPointers               = true                           {product lp64_product} {ergonomic}
     bool UseCompressedOops                        = true                           {product lp64_product} {ergonomic}
     bool UseG1GC                                  = true                                      {product} {ergonomic}
     bool UseLargePagesIndividualAllocation        = false                                  {pd product} {ergonomic}

Logging:
Log output configuration:
 #0: stdout all=warning uptime,level,tags
 #1: stderr all=off uptime,level,tags

Environment Variables:
PATH=C:\Program Files (x86)\Common Files\Oracle\Java\javapath;C:\ProgramData\Oracle\Java\javapath;C:\WINDOWS\system32;C:\WINDOWS;C:\WINDOWS\System32\Wbem;C:\WINDOWS\System32\WindowsPowerShell\v1.0\;C:\WINDOWS\System32\OpenSSH\;C:\Program Files\Git\cmd;C:\Users\Fadilou Sy\AppData\Local\Microsoft\WindowsApps;;C:\Users\Fadilou Sy\AppData\Local\Programs\Microsoft VS Code\bin
USERNAME=Fadilou Sy
OS=Windows_NT
PROCESSOR_IDENTIFIER=Intel64 Family 6 Model 142 Stepping 12, GenuineIntel



---------------  S Y S T E M  ---------------

OS:
 Windows 10 , 64 bit Build 19041 (10.0.19041.1706)
OS uptime: 2 days 7:29 hours

CPU: total 8 (initial active 8) (4 cores per cpu, 2 threads per core) family 6 model 142 stepping 12 microcode 0xf0, cx8, cmov, fxsr, ht, mmx, 3dnowpref, sse, sse2, sse3, ssse3, sse4.1, sse4.2, popcnt, lzcnt, tsc, tscinvbit, avx, avx2, aes, erms, clmul, bmi1, bmi2, adx, fma, vzeroupper, clflush, clflushopt

Memory: 4k page, system-wide physical 8040M (620M free)
TotalPageFile size 24907M (AvailPageFile size 19M)
current process WorkingSet (physical memory assigned to process): 172M, peak: 172M
current process commit charge ("private bytes"): 263M, peak: 289M

vm_info: OpenJDK 64-Bit Server VM (17.0.3+7) for windows-amd64 JRE (17.0.3+7), built on Apr 19 2022 16:55:35 by "" with MS VC++ 16.7 (VS2019)

END.
