#
# There is insufficient memory for the Java Runtime Environment to continue.
# Native memory allocation (mmap) failed to map 58720256 bytes for G1 virtual space
# Possible reasons:
#   The system is out of physical RAM or swap space
#   The process is running with CompressedOops enabled, and the Java Heap may be blocking the growth of the native heap
# Possible solutions:
#   Reduce memory load on the system
#   Increase physical memory or swap space
#   Check if swap backing store is full
#   Decrease Java heap size (-Xmx/-Xms)
#   Decrease number of Java threads
#   Decrease Java thread stack sizes (-Xss)
#   Set larger code cache with -XX:ReservedCodeCacheSize=
#   JVM is running with Unscaled Compressed Oops mode in which the Java heap is
#     placed in the first 4GB address space. The Java Heap base address is the
#     maximum limit for the native heap growth. Please use -XX:HeapBaseMinAddress
#     to set the Java Heap base and to place the Java Heap above 4GB virtual address.
# This output file may be truncated or incomplete.
#
#  Out of Memory Error (os_windows.cpp:3535), pid=20452, tid=26600
#
# JRE version: OpenJDK Runtime Environment Temurin-17.0.3+7 (17.0.3+7) (build 17.0.3+7)
# Java VM: OpenJDK 64-Bit Server VM Temurin-17.0.3+7 (17.0.3+7, mixed mode, emulated-client, tiered, compressed oops, compressed class ptrs, g1 gc, windows-amd64)
# No core dump will be written. Minidumps are not enabled by default on client versions of Windows
#

---------------  S U M M A R Y ------------

Command Line: --add-modules=ALL-SYSTEM --add-exports=jdk.compiler/com.sun.tools.javac.file=ALL-UNNAMED --add-exports=jdk.compiler/com.sun.tools.javac.util=ALL-UNNAMED --add-exports=jdk.compiler/com.sun.tools.javac.comp=ALL-UNNAMED --add-exports=jdk.compiler/com.sun.tools.javac.main=ALL-UNNAMED --add-exports=jdk.compiler/com.sun.tools.javac.tree=ALL-UNNAMED --add-exports=jdk.compiler/com.sun.tools.javac.code=ALL-UNNAMED -Dsts.lsp.client=vscode -Dsts.log.file=/dev/null -XX:TieredStopAtLevel=1 -Dspring.config.location=file:c:\Users\Fadilou Sy\.vscode\extensions\pivotal.vscode-spring-boot-1.35.0\language-server\BOOT-INF\classes\application.properties org.springframework.ide.vscode.boot.app.BootLanguageServerBootApp

Host: Intel(R) Core(TM) i7-10510U CPU @ 1.80GHz, 8 cores, 7G,  Windows 10 , 64 bit Build 19041 (10.0.19041.1706)
Time: Thu Jun 16 15:30:39 2022 Temps universel coordonné elapsed time: 1.976803 seconds (0d 0h 0m 1s)

---------------  T H R E A D  ---------------

Current thread (0x000001cf1fb923e0):  VMThread "VM Thread" [stack: 0x000000446c400000,0x000000446c500000] [id=26600]

Stack: [0x000000446c400000,0x000000446c500000]
Native frames: (J=compiled Java code, j=interpreted, Vv=VM code, C=native code)
V  [jvm.dll+0x675efa]
V  [jvm.dll+0x830a24]
V  [jvm.dll+0x8321ce]
V  [jvm.dll+0x832833]
V  [jvm.dll+0x2454b5]
V  [jvm.dll+0x672de9]
V  [jvm.dll+0x667732]
V  [jvm.dll+0x3043ab]
V  [jvm.dll+0x30b8f6]
V  [jvm.dll+0x35b62e]
V  [jvm.dll+0x35b85f]
V  [jvm.dll+0x2db248]
V  [jvm.dll+0x2d94fc]
V  [jvm.dll+0x2d8acc]
V  [jvm.dll+0x31ca2b]
V  [jvm.dll+0x836cdb]
V  [jvm.dll+0x837a14]
V  [jvm.dll+0x837f2c]
V  [jvm.dll+0x838304]
V  [jvm.dll+0x8383d0]
V  [jvm.dll+0x7e0cfa]
V  [jvm.dll+0x674d85]
C  [ucrtbase.dll+0x21bb2]
C  [KERNEL32.DLL+0x17034]
C  [ntdll.dll+0x52651]

VM_Operation (0x000000446e3fe2c0): G1CollectForAllocation, mode: safepoint, requested by thread 0x000001cf2227ba50


---------------  P R O C E S S  ---------------

Threads class SMR info:
_java_thread_list=0x000001cf224d2130, length=39, elements={
0x000001cf1fbec5e0, 0x000001cf1fbd7310, 0x000001cf2054d880, 0x000001cf2054f3a0,
0x000001cf2054fd50, 0x000001cf20550700, 0x000001cf2055a400, 0x000001cf20565280,
0x000001cf1fb6de20, 0x000001cf207676f0, 0x000001cf207b2ec0, 0x000001cf210a6ab0,
0x000001cf210a6fc0, 0x000001cf224010e0, 0x000001cf224ddf60, 0x000001cf22528060,
0x000001cf128b9bb0, 0x000001cf225529b0, 0x000001cf22554760, 0x000001cf22528530,
0x000001cf22564670, 0x000001cf22564b40, 0x000001cf2227ba50, 0x000001cf2227b0b0,
0x000001cf2227b580, 0x000001cf2227abe0, 0x000001cf22278560, 0x000001cf222798a0,
0x000001cf22278a30, 0x000001cf22278f00, 0x000001cf2227a710, 0x000001cf222793d0,
0x000001cf22279d70, 0x000001cf2227a240, 0x000001cf22924df0, 0x000001cf22923f80,
0x000001cf22920f60, 0x000001cf22924920, 0x000001cf22925c60
}

Java Threads: ( => current thread )
  0x000001cf1fbec5e0 JavaThread "Reference Handler" daemon [_thread_blocked, id=21068, stack(0x000000446c500000,0x000000446c600000)]
  0x000001cf1fbd7310 JavaThread "Finalizer" daemon [_thread_blocked, id=24908, stack(0x000000446c600000,0x000000446c700000)]
  0x000001cf2054d880 JavaThread "Signal Dispatcher" daemon [_thread_blocked, id=2808, stack(0x000000446c700000,0x000000446c800000)]
  0x000001cf2054f3a0 JavaThread "Attach Listener" daemon [_thread_blocked, id=24980, stack(0x000000446c800000,0x000000446c900000)]
  0x000001cf2054fd50 JavaThread "Service Thread" daemon [_thread_blocked, id=20584, stack(0x000000446c900000,0x000000446ca00000)]
  0x000001cf20550700 JavaThread "Monitor Deflation Thread" daemon [_thread_blocked, id=26380, stack(0x000000446ca00000,0x000000446cb00000)]
  0x000001cf2055a400 JavaThread "C1 CompilerThread0" daemon [_thread_blocked, id=16628, stack(0x000000446cb00000,0x000000446cc00000)]
  0x000001cf20565280 JavaThread "Sweeper thread" daemon [_thread_blocked, id=19108, stack(0x000000446cc00000,0x000000446cd00000)]
  0x000001cf1fb6de20 JavaThread "Common-Cleaner" daemon [_thread_blocked, id=2124, stack(0x000000446cd00000,0x000000446ce00000)]
  0x000001cf207676f0 JavaThread "C1 CompilerThread1" daemon [_thread_blocked, id=13764, stack(0x000000446ce00000,0x000000446cf00000)]
  0x000001cf207b2ec0 JavaThread "Notification Thread" daemon [_thread_blocked, id=22728, stack(0x000000446cf00000,0x000000446d000000)]
  0x000001cf210a6ab0 JavaThread "C1 CompilerThread2" daemon [_thread_blocked, id=24888, stack(0x000000446d100000,0x000000446d200000)]
  0x000001cf210a6fc0 JavaThread "C1 CompilerThread3" daemon [_thread_blocked, id=21200, stack(0x000000446d200000,0x000000446d300000)]
  0x000001cf224010e0 JavaThread "ForkJoinPool.commonPool-worker-1" daemon [_thread_blocked, id=26120, stack(0x000000446d900000,0x000000446da00000)]
  0x000001cf224ddf60 JavaThread "pool-7-thread-1" [_thread_blocked, id=5896, stack(0x000000446dc00000,0x000000446dd00000)]
  0x000001cf22528060 JavaThread "LanguageServerApp-lifecycle" [_thread_blocked, id=20384, stack(0x000000446dd00000,0x000000446de00000)]
  0x000001cf128b9bb0 JavaThread "DestroyJavaVM" [_thread_blocked, id=22544, stack(0x000000446be00000,0x000000446bf00000)]
  0x000001cf225529b0 JavaThread "ClassGraph-worker-0" daemon [_thread_blocked, id=11588, stack(0x000000446de00000,0x000000446df00000)]
  0x000001cf22554760 JavaThread "ClassGraph-worker-1" daemon [_thread_blocked, id=7400, stack(0x000000446df00000,0x000000446e000000)]
  0x000001cf22528530 JavaThread "ClassGraph-worker-2" daemon [_thread_blocked, id=5624, stack(0x000000446e000000,0x000000446e100000)]
  0x000001cf22564670 JavaThread "ClassGraph-worker-3" daemon [_thread_blocked, id=19584, stack(0x000000446e100000,0x000000446e200000)]
  0x000001cf22564b40 JavaThread "ClassGraph-worker-4" daemon [_thread_blocked, id=10472, stack(0x000000446e200000,0x000000446e300000)]
  0x000001cf2227ba50 JavaThread "ClassGraph-worker-5" daemon [_thread_blocked, id=26152, stack(0x000000446e300000,0x000000446e400000)]
  0x000001cf2227b0b0 JavaThread "ClassGraph-worker-6" daemon [_thread_blocked, id=19844, stack(0x000000446e400000,0x000000446e500000)]
  0x000001cf2227b580 JavaThread "ClassGraph-worker-7" daemon [_thread_blocked, id=6316, stack(0x000000446e500000,0x000000446e600000)]
  0x000001cf2227abe0 JavaThread "ClassGraph-worker-8" daemon [_thread_blocked, id=25984, stack(0x000000446e600000,0x000000446e700000)]
  0x000001cf22278560 JavaThread "ClassGraph-worker-9" daemon [_thread_blocked, id=14104, stack(0x000000446e700000,0x000000446e800000)]
  0x000001cf222798a0 JavaThread "ClassGraph-worker-10" daemon [_thread_blocked, id=26936, stack(0x000000446e800000,0x000000446e900000)]
  0x000001cf22278a30 JavaThread "ClassGraph-worker-11" daemon [_thread_blocked, id=25900, stack(0x000000446e900000,0x000000446ea00000)]
  0x000001cf22278f00 JavaThread "ClassGraph-worker-12" daemon [_thread_blocked, id=23336, stack(0x000000446ea00000,0x000000446eb00000)]
  0x000001cf2227a710 JavaThread "ClassGraph-worker-13" daemon [_thread_blocked, id=14428, stack(0x000000446eb00000,0x000000446ec00000)]
  0x000001cf222793d0 JavaThread "pool-8-thread-1" [_thread_in_native, id=22348, stack(0x000000446ec00000,0x000000446ed00000)]
  0x000001cf22279d70 JavaThread "Simple-Language-Server main thread" daemon [_thread_blocked, id=21428, stack(0x000000446ed00000,0x000000446ee00000)]
  0x000001cf2227a240 JavaThread "pool-5-thread-1" [_thread_blocked, id=13400, stack(0x000000446ee00000,0x000000446ef00000)]
  0x000001cf22924df0 JavaThread "Reconciler-1" [_thread_blocked, id=3332, stack(0x000000446ef00000,0x000000446f000000)]
  0x000001cf22923f80 JavaThread "pool-2-thread-1" [_thread_blocked, id=1548, stack(0x000000446f000000,0x000000446f100000)]
  0x000001cf22920f60 JavaThread "ForkJoinPool.commonPool-worker-2" daemon [_thread_blocked, id=11000, stack(0x000000446f100000,0x000000446f200000)]
  0x000001cf22924920 JavaThread "pool-2-thread-2" [_thread_blocked, id=28400, stack(0x000000446f200000,0x000000446f300000)]
  0x000001cf22925c60 JavaThread "parallel-1" daemon [_thread_blocked, id=9984, stack(0x000000446f300000,0x000000446f400000)]

Other Threads:
=>0x000001cf1fb923e0 VMThread "VM Thread" [stack: 0x000000446c400000,0x000000446c500000] [id=26600]
  0x000001cf12947c20 WatcherThread [stack: 0x000000446d000000,0x000000446d100000] [id=12896]
  0x000001cf12914370 GCTaskThread "GC Thread#0" [stack: 0x000000446bf00000,0x000000446c000000] [id=3388]
  0x000001cf2110d1d0 GCTaskThread "GC Thread#1" [stack: 0x000000446d300000,0x000000446d400000] [id=23916]
  0x000001cf2110d480 GCTaskThread "GC Thread#2" [stack: 0x000000446d400000,0x000000446d500000] [id=23852]
  0x000001cf21123fe0 GCTaskThread "GC Thread#3" [stack: 0x000000446d500000,0x000000446d600000] [id=5296]
  0x000001cf21c1fd40 GCTaskThread "GC Thread#4" [stack: 0x000000446d600000,0x000000446d700000] [id=24060]
  0x000001cf21c1fff0 GCTaskThread "GC Thread#5" [stack: 0x000000446d700000,0x000000446d800000] [id=21016]
  0x000001cf21c222b0 GCTaskThread "GC Thread#6" [stack: 0x000000446d800000,0x000000446d900000] [id=22356]
  0x000001cf21e40840 GCTaskThread "GC Thread#7" [stack: 0x000000446da00000,0x000000446db00000] [id=20668]
  0x000001cf12924e30 ConcurrentGCThread "G1 Main Marker" [stack: 0x000000446c000000,0x000000446c100000] [id=17780]
  0x000001cf12925840 ConcurrentGCThread "G1 Conc#0" [stack: 0x000000446c100000,0x000000446c200000] [id=14120]
  0x000001cf21f9be90 ConcurrentGCThread "G1 Conc#1" [stack: 0x000000446db00000,0x000000446dc00000] [id=23380]
  0x000001cf1297dfa0 ConcurrentGCThread "G1 Refine#0" [stack: 0x000000446c200000,0x000000446c300000] [id=19248]
  0x000001cf22920750 ConcurrentGCThread "G1 Refine#1" [stack: 0x000000446f400000,0x000000446f500000] [id=14968]
  0x000001cf225ed150 ConcurrentGCThread "G1 Refine#2" [stack: 0x000000446f500000,0x000000446f600000] [id=18676]
  0x000001cf1297e9c0 ConcurrentGCThread "G1 Service" [stack: 0x000000446c300000,0x000000446c400000] [id=20224]

Threads with active compile tasks:

VM state: at safepoint (normal execution)

VM Mutex/Monitor currently owned by a thread:  ([mutex/lock_event])
[0x000001cf128b5260] Threads_lock - owner thread: 0x000001cf1fb923e0
[0x000001cf128b4570] Heap_lock - owner thread: 0x000001cf2227ba50

Heap address: 0x0000000082400000, size: 2012 MB, Compressed Oops mode: 32-bit

CDS archive(s) not mapped
Compressed class space mapped at: 0x0000000100000000-0x0000000140000000, reserved size: 1073741824
Narrow klass base: 0x0000000000000000, Narrow klass shift: 3, Narrow klass range: 0x140000000

GC Precious Log:
 CPUs: 8 total, 8 available
 Memory: 8040M
 Large Page Support: Disabled
 NUMA Support: Disabled
 Compressed Oops: Enabled (32-bit)
 Heap Region Size: 1M
 Heap Min Capacity: 8M
 Heap Initial Capacity: 126M
 Heap Max Capacity: 2012M
 Pre-touch: Disabled
 Parallel Workers: 8
 Concurrent Workers: 2
 Concurrent Refinement Workers: 8
 Periodic GC: Disabled

Heap:
 garbage-first heap   total 129024K, used 45515K [0x0000000082400000, 0x0000000100000000)
  region size 1024K, 3 young (3072K), 3 survivors (3072K)
 Metaspace       used 34360K, committed 34624K, reserved 1081344K
  class space    used 4457K, committed 4608K, reserved 1048576K

Heap Regions: E=young(eden), S=young(survivor), O=old, HS=humongous(starts), HC=humongous(continues), CS=collection set, F=free, OA=open archive, CA=closed archive, TAMS=top-at-mark-start (previous, next)
|   0|0x0000000082400000, 0x00000000824ffff8, 0x0000000082500000| 99%| O|  |TAMS 0x00000000824ffff8, 0x0000000082400000| Untracked 
|   1|0x0000000082500000, 0x0000000082600000, 0x0000000082600000|100%| O|  |TAMS 0x0000000082600000, 0x0000000082500000| Untracked 
|   2|0x0000000082600000, 0x0000000082700000, 0x0000000082700000|100%| O|  |TAMS 0x0000000082700000, 0x0000000082600000| Untracked 
|   3|0x0000000082700000, 0x0000000082800000, 0x0000000082800000|100%| O|  |TAMS 0x0000000082800000, 0x0000000082700000| Untracked 
|   4|0x0000000082800000, 0x0000000082900000, 0x0000000082900000|100%| O|  |TAMS 0x0000000082900000, 0x0000000082800000| Untracked 
|   5|0x0000000082900000, 0x0000000082a00000, 0x0000000082a00000|100%| O|  |TAMS 0x0000000082a00000, 0x0000000082900000| Untracked 
|   6|0x0000000082a00000, 0x0000000082b00000, 0x0000000082b00000|100%| O|  |TAMS 0x0000000082b00000, 0x0000000082a00000| Untracked 
|   7|0x0000000082b00000, 0x0000000082c00000, 0x0000000082c00000|100%| O|  |TAMS 0x0000000082b00000, 0x0000000082b00000| Untracked 
|   8|0x0000000082c00000, 0x0000000082d00000, 0x0000000082d00000|100%| O|  |TAMS 0x0000000082c00000, 0x0000000082c00000| Untracked 
|   9|0x0000000082d00000, 0x0000000082e00000, 0x0000000082e00000|100%| O|  |TAMS 0x0000000082d00000, 0x0000000082d00000| Untracked 
|  10|0x0000000082e00000, 0x0000000082f00000, 0x0000000082f00000|100%| O|  |TAMS 0x0000000082e00000, 0x0000000082e00000| Untracked 
|  11|0x0000000082f00000, 0x0000000083000000, 0x0000000083000000|100%| O|  |TAMS 0x0000000082f00000, 0x0000000082f00000| Untracked 
|  12|0x0000000083000000, 0x0000000083100000, 0x0000000083100000|100%| O|  |TAMS 0x0000000083000000, 0x0000000083000000| Untracked 
|  13|0x0000000083100000, 0x0000000083200000, 0x0000000083200000|100%| O|  |TAMS 0x0000000083100000, 0x0000000083100000| Untracked 
|  14|0x0000000083200000, 0x0000000083300000, 0x0000000083300000|100%| O|  |TAMS 0x0000000083200000, 0x0000000083200000| Untracked 
|  15|0x0000000083300000, 0x0000000083400000, 0x0000000083400000|100%| O|  |TAMS 0x0000000083300000, 0x0000000083300000| Untracked 
|  16|0x0000000083400000, 0x0000000083500000, 0x0000000083500000|100%| O|  |TAMS 0x0000000083400000, 0x0000000083400000| Untracked 
|  17|0x0000000083500000, 0x0000000083600000, 0x0000000083600000|100%| O|  |TAMS 0x0000000083500000, 0x0000000083500000| Untracked 
|  18|0x0000000083600000, 0x0000000083700000, 0x0000000083700000|100%| O|  |TAMS 0x0000000083600000, 0x0000000083600000| Untracked 
|  19|0x0000000083700000, 0x0000000083800000, 0x0000000083800000|100%| O|  |TAMS 0x0000000083700000, 0x0000000083700000| Untracked 
|  20|0x0000000083800000, 0x0000000083900000, 0x0000000083900000|100%| O|  |TAMS 0x0000000083800000, 0x0000000083800000| Untracked 
|  21|0x0000000083900000, 0x0000000083a00000, 0x0000000083a00000|100%| O|  |TAMS 0x0000000083900000, 0x0000000083900000| Untracked 
|  22|0x0000000083a00000, 0x0000000083b00000, 0x0000000083b00000|100%| O|  |TAMS 0x0000000083a00000, 0x0000000083a00000| Untracked 
|  23|0x0000000083b00000, 0x0000000083c00000, 0x0000000083c00000|100%| O|  |TAMS 0x0000000083b00000, 0x0000000083b00000| Untracked 
|  24|0x0000000083c00000, 0x0000000083d00000, 0x0000000083d00000|100%| O|  |TAMS 0x0000000083c00000, 0x0000000083c00000| Untracked 
|  25|0x0000000083d00000, 0x0000000083e00000, 0x0000000083e00000|100%| O|  |TAMS 0x0000000083d00000, 0x0000000083d00000| Untracked 
|  26|0x0000000083e00000, 0x0000000083f00000, 0x0000000083f00000|100%| O|  |TAMS 0x0000000083e00000, 0x0000000083e00000| Untracked 
|  27|0x0000000083f00000, 0x0000000084000000, 0x0000000084000000|100%| O|  |TAMS 0x0000000083f00000, 0x0000000083f00000| Untracked 
|  28|0x0000000084000000, 0x0000000084100000, 0x0000000084100000|100%| O|  |TAMS 0x0000000084000000, 0x0000000084000000| Untracked 
|  29|0x0000000084100000, 0x0000000084200000, 0x0000000084200000|100%| O|  |TAMS 0x0000000084100000, 0x0000000084100000| Untracked 
|  30|0x0000000084200000, 0x0000000084300000, 0x0000000084300000|100%| O|  |TAMS 0x0000000084200000, 0x0000000084200000| Untracked 
|  31|0x0000000084300000, 0x0000000084400000, 0x0000000084400000|100%| O|  |TAMS 0x0000000084300000, 0x0000000084300000| Untracked 
|  32|0x0000000084400000, 0x0000000084500000, 0x0000000084500000|100%| O|  |TAMS 0x0000000084400000, 0x0000000084400000| Untracked 
|  33|0x0000000084500000, 0x0000000084600000, 0x0000000084600000|100%| O|  |TAMS 0x0000000084500000, 0x0000000084500000| Untracked 
|  34|0x0000000084600000, 0x0000000084700000, 0x0000000084700000|100%| O|  |TAMS 0x0000000084600000, 0x0000000084600000| Untracked 
|  35|0x0000000084700000, 0x0000000084800000, 0x0000000084800000|100%| O|  |TAMS 0x0000000084700000, 0x0000000084700000| Untracked 
|  36|0x0000000084800000, 0x0000000084900000, 0x0000000084900000|100%| O|  |TAMS 0x0000000084800000, 0x0000000084800000| Untracked 
|  37|0x0000000084900000, 0x0000000084a00000, 0x0000000084a00000|100%| O|  |TAMS 0x0000000084900000, 0x0000000084900000| Untracked 
|  38|0x0000000084a00000, 0x0000000084b00000, 0x0000000084b00000|100%| O|  |TAMS 0x0000000084a00000, 0x0000000084a00000| Untracked 
|  39|0x0000000084b00000, 0x0000000084c00000, 0x0000000084c00000|100%| O|  |TAMS 0x0000000084b00000, 0x0000000084b00000| Untracked 
|  40|0x0000000084c00000, 0x0000000084d00000, 0x0000000084d00000|100%| O|  |TAMS 0x0000000084c00000, 0x0000000084c00000| Untracked 
|  41|0x0000000084d00000, 0x0000000084d9f000, 0x0000000084e00000| 62%| O|  |TAMS 0x0000000084d00000, 0x0000000084d00000| Untracked 
|  42|0x0000000084e00000, 0x0000000084e00000, 0x0000000084f00000|  0%| F|  |TAMS 0x0000000084e00000, 0x0000000084e00000| Untracked 
|  43|0x0000000084f00000, 0x0000000084f00000, 0x0000000085000000|  0%| F|  |TAMS 0x0000000084f00000, 0x0000000084f00000| Untracked 
|  44|0x0000000085000000, 0x0000000085000000, 0x0000000085100000|  0%| F|  |TAMS 0x0000000085000000, 0x0000000085000000| Untracked 
|  45|0x0000000085100000, 0x0000000085100000, 0x0000000085200000|  0%| F|  |TAMS 0x0000000085100000, 0x0000000085100000| Untracked 
|  46|0x0000000085200000, 0x0000000085200000, 0x0000000085300000|  0%| F|  |TAMS 0x0000000085200000, 0x0000000085200000| Untracked 
|  47|0x0000000085300000, 0x0000000085300000, 0x0000000085400000|  0%| F|  |TAMS 0x0000000085300000, 0x0000000085300000| Untracked 
|  48|0x0000000085400000, 0x0000000085400000, 0x0000000085500000|  0%| F|  |TAMS 0x0000000085400000, 0x0000000085400000| Untracked 
|  49|0x0000000085500000, 0x0000000085500000, 0x0000000085600000|  0%| F|  |TAMS 0x0000000085500000, 0x0000000085500000| Untracked 
|  50|0x0000000085600000, 0x0000000085600000, 0x0000000085700000|  0%| F|  |TAMS 0x0000000085600000, 0x0000000085600000| Untracked 
|  51|0x0000000085700000, 0x0000000085700000, 0x0000000085800000|  0%| F|  |TAMS 0x0000000085700000, 0x0000000085700000| Untracked 
|  52|0x0000000085800000, 0x0000000085800000, 0x0000000085900000|  0%| F|  |TAMS 0x0000000085800000, 0x0000000085800000| Untracked 
|  53|0x0000000085900000, 0x0000000085900000, 0x0000000085a00000|  0%| F|  |TAMS 0x0000000085900000, 0x0000000085900000| Untracked 
|  54|0x0000000085a00000, 0x0000000085a00000, 0x0000000085b00000|  0%| F|  |TAMS 0x0000000085a00000, 0x0000000085a00000| Untracked 
|  55|0x0000000085b00000, 0x0000000085b00000, 0x0000000085c00000|  0%| F|  |TAMS 0x0000000085b00000, 0x0000000085b00000| Untracked 
|  56|0x0000000085c00000, 0x0000000085c00000, 0x0000000085d00000|  0%| F|  |TAMS 0x0000000085c00000, 0x0000000085c00000| Untracked 
|  57|0x0000000085d00000, 0x0000000085d00000, 0x0000000085e00000|  0%| F|  |TAMS 0x0000000085d00000, 0x0000000085d00000| Untracked 
|  58|0x0000000085e00000, 0x0000000085e00000, 0x0000000085f00000|  0%| F|  |TAMS 0x0000000085e00000, 0x0000000085e00000| Untracked 
|  59|0x0000000085f00000, 0x0000000085f00000, 0x0000000086000000|  0%| F|  |TAMS 0x0000000085f00000, 0x0000000085f00000| Untracked 
|  60|0x0000000086000000, 0x0000000086000000, 0x0000000086100000|  0%| F|  |TAMS 0x0000000086000000, 0x0000000086000000| Untracked 
|  61|0x0000000086100000, 0x0000000086100000, 0x0000000086200000|  0%| F|  |TAMS 0x0000000086100000, 0x0000000086100000| Untracked 
|  62|0x0000000086200000, 0x0000000086200000, 0x0000000086300000|  0%| F|  |TAMS 0x0000000086200000, 0x0000000086200000| Untracked 
|  63|0x0000000086300000, 0x0000000086300000, 0x0000000086400000|  0%| F|  |TAMS 0x0000000086300000, 0x0000000086300000| Untracked 
|  64|0x0000000086400000, 0x0000000086400000, 0x0000000086500000|  0%| F|  |TAMS 0x0000000086400000, 0x0000000086400000| Untracked 
|  65|0x0000000086500000, 0x00000000865d3e30, 0x0000000086600000| 82%| S|CS|TAMS 0x0000000086500000, 0x0000000086500000| Complete 
|  66|0x0000000086600000, 0x0000000086700000, 0x0000000086700000|100%| S|CS|TAMS 0x0000000086600000, 0x0000000086600000| Complete 
|  67|0x0000000086700000, 0x0000000086800000, 0x0000000086800000|100%| S|CS|TAMS 0x0000000086700000, 0x0000000086700000| Complete 
|  68|0x0000000086800000, 0x0000000086800000, 0x0000000086900000|  0%| F|  |TAMS 0x0000000086800000, 0x0000000086800000| Untracked 
|  69|0x0000000086900000, 0x0000000086900000, 0x0000000086a00000|  0%| F|  |TAMS 0x0000000086900000, 0x0000000086900000| Untracked 
|  70|0x0000000086a00000, 0x0000000086a00000, 0x0000000086b00000|  0%| F|  |TAMS 0x0000000086a00000, 0x0000000086a00000| Untracked 
|  71|0x0000000086b00000, 0x0000000086b00000, 0x0000000086c00000|  0%| F|  |TAMS 0x0000000086b00000, 0x0000000086b00000| Untracked 
|  72|0x0000000086c00000, 0x0000000086c00000, 0x0000000086d00000|  0%| F|  |TAMS 0x0000000086c00000, 0x0000000086c00000| Untracked 
|  73|0x0000000086d00000, 0x0000000086d00000, 0x0000000086e00000|  0%| F|  |TAMS 0x0000000086d00000, 0x0000000086d00000| Untracked 
|  74|0x0000000086e00000, 0x0000000086e00000, 0x0000000086f00000|  0%| F|  |TAMS 0x0000000086e00000, 0x0000000086e00000| Untracked 
|  75|0x0000000086f00000, 0x0000000086f00000, 0x0000000087000000|  0%| F|  |TAMS 0x0000000086f00000, 0x0000000086f00000| Untracked 
|  76|0x0000000087000000, 0x0000000087000000, 0x0000000087100000|  0%| F|  |TAMS 0x0000000087000000, 0x0000000087000000| Untracked 
|  77|0x0000000087100000, 0x0000000087100000, 0x0000000087200000|  0%| F|  |TAMS 0x0000000087100000, 0x0000000087100000| Untracked 
|  78|0x0000000087200000, 0x0000000087200000, 0x0000000087300000|  0%| F|  |TAMS 0x0000000087200000, 0x0000000087200000| Untracked 
|  79|0x0000000087300000, 0x0000000087300000, 0x0000000087400000|  0%| F|  |TAMS 0x0000000087300000, 0x0000000087300000| Untracked 
|  80|0x0000000087400000, 0x0000000087400000, 0x0000000087500000|  0%| F|  |TAMS 0x0000000087400000, 0x0000000087400000| Untracked 
|  81|0x0000000087500000, 0x0000000087500000, 0x0000000087600000|  0%| F|  |TAMS 0x0000000087500000, 0x0000000087500000| Untracked 
|  82|0x0000000087600000, 0x0000000087600000, 0x0000000087700000|  0%| F|  |TAMS 0x0000000087600000, 0x0000000087600000| Untracked 
|  83|0x0000000087700000, 0x0000000087700000, 0x0000000087800000|  0%| F|  |TAMS 0x0000000087700000, 0x0000000087700000| Untracked 
|  84|0x0000000087800000, 0x0000000087800000, 0x0000000087900000|  0%| F|  |TAMS 0x0000000087800000, 0x0000000087800000| Untracked 
|  85|0x0000000087900000, 0x0000000087900000, 0x0000000087a00000|  0%| F|  |TAMS 0x0000000087900000, 0x0000000087900000| Untracked 
|  86|0x0000000087a00000, 0x0000000087a00000, 0x0000000087b00000|  0%| F|  |TAMS 0x0000000087a00000, 0x0000000087a00000| Untracked 
|  87|0x0000000087b00000, 0x0000000087b00000, 0x0000000087c00000|  0%| F|  |TAMS 0x0000000087b00000, 0x0000000087b00000| Untracked 
|  88|0x0000000087c00000, 0x0000000087c00000, 0x0000000087d00000|  0%| F|  |TAMS 0x0000000087c00000, 0x0000000087c00000| Untracked 
|  89|0x0000000087d00000, 0x0000000087d00000, 0x0000000087e00000|  0%| F|  |TAMS 0x0000000087d00000, 0x0000000087d00000| Untracked 
|  90|0x0000000087e00000, 0x0000000087e00000, 0x0000000087f00000|  0%| F|  |TAMS 0x0000000087e00000, 0x0000000087e00000| Untracked 
|  91|0x0000000087f00000, 0x0000000087f00000, 0x0000000088000000|  0%| F|  |TAMS 0x0000000087f00000, 0x0000000087f00000| Untracked 
|  92|0x0000000088000000, 0x0000000088000000, 0x0000000088100000|  0%| F|  |TAMS 0x0000000088000000, 0x0000000088000000| Untracked 
|  93|0x0000000088100000, 0x0000000088100000, 0x0000000088200000|  0%| F|  |TAMS 0x0000000088100000, 0x0000000088100000| Untracked 
|  94|0x0000000088200000, 0x0000000088200000, 0x0000000088300000|  0%| F|  |TAMS 0x0000000088200000, 0x0000000088200000| Untracked 
|  95|0x0000000088300000, 0x0000000088300000, 0x0000000088400000|  0%| F|  |TAMS 0x0000000088300000, 0x0000000088300000| Untracked 
|  96|0x0000000088400000, 0x0000000088400000, 0x0000000088500000|  0%| F|  |TAMS 0x0000000088400000, 0x0000000088400000| Untracked 
|  97|0x0000000088500000, 0x0000000088500000, 0x0000000088600000|  0%| F|  |TAMS 0x0000000088500000, 0x0000000088500000| Untracked 
|  98|0x0000000088600000, 0x0000000088600000, 0x0000000088700000|  0%| F|  |TAMS 0x0000000088600000, 0x0000000088600000| Untracked 
|  99|0x0000000088700000, 0x0000000088700000, 0x0000000088800000|  0%| F|  |TAMS 0x0000000088700000, 0x0000000088700000| Untracked 
| 100|0x0000000088800000, 0x0000000088800000, 0x0000000088900000|  0%| F|  |TAMS 0x0000000088800000, 0x0000000088800000| Untracked 
| 101|0x0000000088900000, 0x0000000088900000, 0x0000000088a00000|  0%| F|  |TAMS 0x0000000088900000, 0x0000000088900000| Untracked 
| 102|0x0000000088a00000, 0x0000000088a00000, 0x0000000088b00000|  0%| F|  |TAMS 0x0000000088a00000, 0x0000000088a00000| Untracked 
| 103|0x0000000088b00000, 0x0000000088b00000, 0x0000000088c00000|  0%| F|  |TAMS 0x0000000088b00000, 0x0000000088b00000| Untracked 
| 104|0x0000000088c00000, 0x0000000088c00000, 0x0000000088d00000|  0%| F|  |TAMS 0x0000000088c00000, 0x0000000088c00000| Untracked 
| 105|0x0000000088d00000, 0x0000000088d00000, 0x0000000088e00000|  0%| F|  |TAMS 0x0000000088d00000, 0x0000000088d00000| Untracked 
| 106|0x0000000088e00000, 0x0000000088e00000, 0x0000000088f00000|  0%| F|  |TAMS 0x0000000088e00000, 0x0000000088e00000| Untracked 
| 107|0x0000000088f00000, 0x0000000088f00000, 0x0000000089000000|  0%| F|  |TAMS 0x0000000088f00000, 0x0000000088f00000| Untracked 
| 108|0x0000000089000000, 0x0000000089000000, 0x0000000089100000|  0%| F|  |TAMS 0x0000000089000000, 0x0000000089000000| Untracked 
| 109|0x0000000089100000, 0x0000000089100000, 0x0000000089200000|  0%| F|  |TAMS 0x0000000089100000, 0x0000000089100000| Untracked 
| 110|0x0000000089200000, 0x0000000089200000, 0x0000000089300000|  0%| F|  |TAMS 0x0000000089200000, 0x0000000089200000| Untracked 
| 111|0x0000000089300000, 0x0000000089300000, 0x0000000089400000|  0%| F|  |TAMS 0x0000000089300000, 0x0000000089300000| Untracked 
| 112|0x0000000089400000, 0x0000000089400000, 0x0000000089500000|  0%| F|  |TAMS 0x0000000089400000, 0x0000000089400000| Untracked 
| 113|0x0000000089500000, 0x0000000089500000, 0x0000000089600000|  0%| F|  |TAMS 0x0000000089500000, 0x0000000089500000| Untracked 
| 114|0x0000000089600000, 0x0000000089600000, 0x0000000089700000|  0%| F|  |TAMS 0x0000000089600000, 0x0000000089600000| Untracked 
| 115|0x0000000089700000, 0x0000000089700000, 0x0000000089800000|  0%| F|  |TAMS 0x0000000089700000, 0x0000000089700000| Untracked 
| 116|0x0000000089800000, 0x0000000089800000, 0x0000000089900000|  0%| F|  |TAMS 0x0000000089800000, 0x0000000089800000| Untracked 
| 117|0x0000000089900000, 0x0000000089900000, 0x0000000089a00000|  0%| F|  |TAMS 0x0000000089900000, 0x0000000089900000| Untracked 
| 118|0x0000000089a00000, 0x0000000089a00000, 0x0000000089b00000|  0%| F|  |TAMS 0x0000000089a00000, 0x0000000089a00000| Untracked 
| 119|0x0000000089b00000, 0x0000000089b00000, 0x0000000089c00000|  0%| F|  |TAMS 0x0000000089b00000, 0x0000000089b00000| Untracked 
| 120|0x0000000089c00000, 0x0000000089c00000, 0x0000000089d00000|  0%| F|  |TAMS 0x0000000089c00000, 0x0000000089c00000| Untracked 
| 121|0x0000000089d00000, 0x0000000089d00000, 0x0000000089e00000|  0%| F|  |TAMS 0x0000000089d00000, 0x0000000089d00000| Untracked 
| 122|0x0000000089e00000, 0x0000000089e00000, 0x0000000089f00000|  0%| F|  |TAMS 0x0000000089e00000, 0x0000000089e00000| Untracked 
| 123|0x0000000089f00000, 0x0000000089f00000, 0x000000008a000000|  0%| F|  |TAMS 0x0000000089f00000, 0x0000000089f00000| Untracked 
| 124|0x000000008a000000, 0x000000008a000000, 0x000000008a100000|  0%| F|  |TAMS 0x000000008a000000, 0x000000008a000000| Untracked 
| 125|0x000000008a100000, 0x000000008a100000, 0x000000008a200000|  0%| F|  |TAMS 0x000000008a100000, 0x000000008a100000| Untracked 

Card table byte_map: [0x000001cf18a30000,0x000001cf18e20000] _byte_map_base: 0x000001cf1861e000

Marking Bits (Prev, Next): (CMBitMap*) 0x000001cf129149c0, (CMBitMap*) 0x000001cf12914980
 Prev Bits: [0x000001cf1b180000, 0x000001cf1d0f0000)
 Next Bits: [0x000001cf19210000, 0x000001cf1b180000)

Polling page: 0x000001cf12080000

Metaspace:

Usage:
  Non-class:     29.20 MB used.
      Class:      4.35 MB used.
       Both:     33.56 MB used.

Virtual space:
  Non-class space:       32.00 MB reserved,      29.31 MB ( 92%) committed,  4 nodes.
      Class space:        1.00 GB reserved,       4.50 MB ( <1%) committed,  1 nodes.
             Both:        1.03 GB reserved,      33.81 MB (  3%) committed. 

Chunk freelists:
   Non-Class:  2.50 MB
       Class:  3.53 MB
        Both:  6.03 MB

MaxMetaspaceSize: unlimited
CompressedClassSpaceSize: 1.00 GB
Initial GC threshold: 21.00 MB
Current GC threshold: 35.25 MB
CDS: off
MetaspaceReclaimPolicy: balanced
 - commit_granule_bytes: 65536.
 - commit_granule_words: 8192.
 - virtual_space_node_default_size: 1048576.
 - enlarge_chunks_in_place: 1.
 - new_chunks_are_fully_committed: 0.
 - uncommit_free_chunks: 1.
 - use_allocation_guard: 0.
 - handle_deallocations: 1.


Internal statistics:

num_allocs_failed_limit: 3.
num_arena_births: 304.
num_arena_deaths: 0.
num_vsnodes_births: 5.
num_vsnodes_deaths: 0.
num_space_committed: 541.
num_space_uncommitted: 0.
num_chunks_returned_to_freelist: 3.
num_chunks_taken_from_freelist: 1270.
num_chunk_merges: 3.
num_chunk_splits: 870.
num_chunks_enlarged: 688.
num_purges: 0.
num_inconsistent_stats: 0.

CodeCache: size=49152Kb used=8855Kb max_used=8855Kb free=40296Kb
 bounds [0x000001cf15530000, 0x000001cf15de0000, 0x000001cf18530000]
 total_blobs=4081 nmethods=3559 adapters=446
 compilation: enabled
              stopped_count=0, restarted_count=0
 full_count=0

Compilation events (20 events):
Event: 1.946 Thread 0x000001cf2055a400 nmethod 3547 0x000001cf15dd0290 code [0x000001cf15dd0440, 0x000001cf15dd07e8]
Event: 1.946 Thread 0x000001cf2055a400 3551   !   1       nonapi.io.github.classgraph.fileslice.Slice$1::close (28 bytes)
Event: 1.947 Thread 0x000001cf210a6fc0 nmethod 3550 0x000001cf15dd0910 code [0x000001cf15dd0ac0, 0x000001cf15dd0d48]
Event: 1.947 Thread 0x000001cf207676f0 nmethod 3549 0x000001cf15dd0e90 code [0x000001cf15dd1060, 0x000001cf15dd14a8]
Event: 1.947 Thread 0x000001cf210a6fc0 3552       1       nonapi.io.github.classgraph.recycler.Recycler::recycle (67 bytes)
Event: 1.947 Thread 0x000001cf207676f0 3553       1       nonapi.io.github.classgraph.fastzipfilereader.NestedJarHandler$RecyclableInflater::reset (8 bytes)
Event: 1.947 Thread 0x000001cf207676f0 nmethod 3553 0x000001cf15dd1610 code [0x000001cf15dd17a0, 0x000001cf15dd1888]
Event: 1.947 Thread 0x000001cf207676f0 3555       1       io.github.classgraph.ClasspathElementZip$1::close (28 bytes)
Event: 1.947 Thread 0x000001cf2055a400 nmethod 3551 0x000001cf15dd1990 code [0x000001cf15dd1b60, 0x000001cf15dd1e38]
Event: 1.947 Thread 0x000001cf210a6fc0 nmethod 3552 0x000001cf15dd2010 code [0x000001cf15dd2200, 0x000001cf15dd2568]
Event: 1.947 Thread 0x000001cf210a6ab0 nmethod 3554 0x000001cf15dd2710 code [0x000001cf15dd2980, 0x000001cf15dd31c8]
Event: 1.947 Thread 0x000001cf207676f0 nmethod 3555 0x000001cf15dd3890 code [0x000001cf15dd3a60, 0x000001cf15dd3dd8]
Event: 1.951 Thread 0x000001cf207676f0 3556       1       io.github.classgraph.ClasspathElementZip$1::openClassfile (13 bytes)
Event: 1.951 Thread 0x000001cf210a6ab0 3557   !   1       io.github.classgraph.ClasspathElementZip$1::open (79 bytes)
Event: 1.951 Thread 0x000001cf207676f0 nmethod 3556 0x000001cf15dd4010 code [0x000001cf15dd41c0, 0x000001cf15dd44c8]
Event: 1.951 Thread 0x000001cf210a6fc0 3558       1       nonapi.io.github.classgraph.fileslice.reader.ClassfileReader::<init> (29 bytes)
Event: 1.951 Thread 0x000001cf210a6fc0 nmethod 3558 0x000001cf15dd4590 code [0x000001cf15dd4720, 0x000001cf15dd4998]
Event: 1.952 Thread 0x000001cf210a6ab0 nmethod 3557 0x000001cf15dd4a10 code [0x000001cf15dd4c60, 0x000001cf15dd5518]
Event: 1.952 Thread 0x000001cf210a6fc0 3559       1       java.lang.Throwable::<init> (34 bytes)
Event: 1.953 Thread 0x000001cf210a6fc0 nmethod 3559 0x000001cf15dd5a90 code [0x000001cf15dd5c40, 0x000001cf15dd5ec8]

GC Heap History (20 events):
Event: 0.846 GC heap after
{Heap after GC invocations=3 (full 0):
 garbage-first heap   total 129024K, used 11001K [0x0000000082400000, 0x0000000100000000)
  region size 1024K, 3 young (3072K), 3 survivors (3072K)
 Metaspace       used 21300K, committed 21504K, reserved 1073152K
  class space    used 2593K, committed 2688K, reserved 1048576K
}
Event: 1.012 GC heap before
{Heap before GC invocations=4 (full 0):
 garbage-first heap   total 40960K, used 29433K [0x0000000082400000, 0x0000000100000000)
  region size 1024K, 22 young (22528K), 3 survivors (3072K)
 Metaspace       used 23965K, committed 24256K, reserved 1073152K
  class space    used 2932K, committed 3072K, reserved 1048576K
}
Event: 1.016 GC heap after
{Heap after GC invocations=5 (full 0):
 garbage-first heap   total 40960K, used 12386K [0x0000000082400000, 0x0000000100000000)
  region size 1024K, 5 young (5120K), 5 survivors (5120K)
 Metaspace       used 23965K, committed 24256K, reserved 1073152K
  class space    used 2932K, committed 3072K, reserved 1048576K
}
Event: 1.026 GC heap before
{Heap before GC invocations=5 (full 0):
 garbage-first heap   total 40960K, used 13410K [0x0000000082400000, 0x0000000100000000)
  region size 1024K, 6 young (6144K), 5 survivors (5120K)
 Metaspace       used 24065K, committed 24320K, reserved 1073152K
  class space    used 2940K, committed 3072K, reserved 1048576K
}
Event: 1.031 GC heap after
{Heap after GC invocations=6 (full 0):
 garbage-first heap   total 49152K, used 12640K [0x0000000082400000, 0x0000000100000000)
  region size 1024K, 1 young (1024K), 1 survivors (1024K)
 Metaspace       used 24065K, committed 24320K, reserved 1073152K
  class space    used 2940K, committed 3072K, reserved 1048576K
}
Event: 1.249 GC heap before
{Heap before GC invocations=6 (full 0):
 garbage-first heap   total 49152K, used 31072K [0x0000000082400000, 0x0000000100000000)
  region size 1024K, 20 young (20480K), 1 survivors (1024K)
 Metaspace       used 27102K, committed 27392K, reserved 1073152K
  class space    used 3387K, committed 3520K, reserved 1048576K
}
Event: 1.254 GC heap after
{Heap after GC invocations=7 (full 0):
 garbage-first heap   total 49152K, used 16715K [0x0000000082400000, 0x0000000100000000)
  region size 1024K, 3 young (3072K), 3 survivors (3072K)
 Metaspace       used 27102K, committed 27392K, reserved 1073152K
  class space    used 3387K, committed 3520K, reserved 1048576K
}
Event: 1.443 GC heap before
{Heap before GC invocations=7 (full 0):
 garbage-first heap   total 49152K, used 33099K [0x0000000082400000, 0x0000000100000000)
  region size 1024K, 19 young (19456K), 3 survivors (3072K)
 Metaspace       used 30372K, committed 30592K, reserved 1081344K
  class space    used 3822K, committed 3904K, reserved 1048576K
}
Event: 1.446 GC heap after
{Heap after GC invocations=8 (full 0):
 garbage-first heap   total 49152K, used 17313K [0x0000000082400000, 0x0000000100000000)
  region size 1024K, 2 young (2048K), 2 survivors (2048K)
 Metaspace       used 30372K, committed 30592K, reserved 1081344K
  class space    used 3822K, committed 3904K, reserved 1048576K
}
Event: 1.559 GC heap before
{Heap before GC invocations=8 (full 0):
 garbage-first heap   total 49152K, used 32673K [0x0000000082400000, 0x0000000100000000)
  region size 1024K, 18 young (18432K), 2 survivors (2048K)
 Metaspace       used 31983K, committed 32320K, reserved 1081344K
  class space    used 4050K, committed 4224K, reserved 1048576K
}
Event: 1.561 GC heap after
{Heap after GC invocations=9 (full 0):
 garbage-first heap   total 49152K, used 19720K [0x0000000082400000, 0x0000000100000000)
  region size 1024K, 3 young (3072K), 3 survivors (3072K)
 Metaspace       used 31983K, committed 32320K, reserved 1081344K
  class space    used 4050K, committed 4224K, reserved 1048576K
}
Event: 1.595 GC heap before
{Heap before GC invocations=9 (full 0):
 garbage-first heap   total 49152K, used 34056K [0x0000000082400000, 0x0000000100000000)
  region size 1024K, 18 young (18432K), 3 survivors (3072K)
 Metaspace       used 32162K, committed 32448K, reserved 1081344K
  class space    used 4075K, committed 4224K, reserved 1048576K
}
Event: 1.599 GC heap after
{Heap after GC invocations=10 (full 0):
 garbage-first heap   total 98304K, used 22955K [0x0000000082400000, 0x0000000100000000)
  region size 1024K, 3 young (3072K), 3 survivors (3072K)
 Metaspace       used 32162K, committed 32448K, reserved 1081344K
  class space    used 4075K, committed 4224K, reserved 1048576K
}
Event: 1.771 GC heap before
{Heap before GC invocations=10 (full 0):
 garbage-first heap   total 98304K, used 66987K [0x0000000082400000, 0x0000000100000000)
  region size 1024K, 47 young (48128K), 3 survivors (3072K)
 Metaspace       used 34029K, committed 34304K, reserved 1081344K
  class space    used 4424K, committed 4544K, reserved 1048576K
}
Event: 1.778 GC heap after
{Heap after GC invocations=11 (full 0):
 garbage-first heap   total 98304K, used 33086K [0x0000000082400000, 0x0000000100000000)
  region size 1024K, 6 young (6144K), 6 survivors (6144K)
 Metaspace       used 34029K, committed 34304K, reserved 1081344K
  class space    used 4424K, committed 4544K, reserved 1048576K
}
Event: 1.923 GC heap before
{Heap before GC invocations=11 (full 0):
 garbage-first heap   total 98304K, used 63806K [0x0000000082400000, 0x0000000100000000)
  region size 1024K, 37 young (37888K), 6 survivors (6144K)
 Metaspace       used 34122K, committed 34368K, reserved 1081344K
  class space    used 4435K, committed 4544K, reserved 1048576K
}
Event: 1.934 GC heap after
{Heap after GC invocations=12 (full 0):
 garbage-first heap   total 98304K, used 41955K [0x0000000082400000, 0x0000000100000000)
  region size 1024K, 5 young (5120K), 5 survivors (5120K)
 Metaspace       used 34122K, committed 34368K, reserved 1081344K
  class space    used 4435K, committed 4544K, reserved 1048576K
}
Event: 1.957 GC heap before
{Heap before GC invocations=12 (full 0):
 garbage-first heap   total 98304K, used 67555K [0x0000000082400000, 0x0000000100000000)
  region size 1024K, 31 young (31744K), 5 survivors (5120K)
 Metaspace       used 34360K, committed 34624K, reserved 1081344K
  class space    used 4457K, committed 4608K, reserved 1048576K
}
Event: 1.960 GC heap after
{Heap after GC invocations=13 (full 0):
 garbage-first heap   total 98304K, used 44489K [0x0000000082400000, 0x0000000100000000)
  region size 1024K, 2 young (2048K), 2 survivors (2048K)
 Metaspace       used 34360K, committed 34624K, reserved 1081344K
  class space    used 4457K, committed 4608K, reserved 1048576K
}
Event: 1.974 GC heap before
{Heap before GC invocations=13 (full 0):
 garbage-first heap   total 98304K, used 70089K [0x0000000082400000, 0x0000000100000000)
  region size 1024K, 28 young (28672K), 2 survivors (2048K)
 Metaspace       used 34360K, committed 34624K, reserved 1081344K
  class space    used 4457K, committed 4608K, reserved 1048576K
}

Deoptimization events (16 events):
Event: 0.466 Thread 0x000001cf128b9bb0 DEOPT PACKING pc=0x000001cf15956175 sp=0x000000446befda80
Event: 0.466 Thread 0x000001cf128b9bb0 DEOPT UNPACKING pc=0x000001cf15582b43 sp=0x000000446befcef0 mode 3
Event: 0.862 Thread 0x000001cf128b9bb0 DEOPT PACKING pc=0x000001cf15a69519 sp=0x000000446befd230
Event: 0.862 Thread 0x000001cf128b9bb0 DEOPT UNPACKING pc=0x000001cf15582b43 sp=0x000000446befc710 mode 3
Event: 1.073 Thread 0x000001cf128b9bb0 DEOPT PACKING pc=0x000001cf15b2e7f5 sp=0x000000446befcf00
Event: 1.073 Thread 0x000001cf128b9bb0 DEOPT UNPACKING pc=0x000001cf15582b43 sp=0x000000446befc370 mode 3
Event: 1.418 Thread 0x000001cf128b9bb0 DEOPT PACKING pc=0x000001cf15bcf299 sp=0x000000446befc7a0
Event: 1.418 Thread 0x000001cf128b9bb0 DEOPT UNPACKING pc=0x000001cf15582b43 sp=0x000000446befbc80 mode 3
Event: 1.482 Thread 0x000001cf224010e0 DEOPT PACKING pc=0x000001cf15c292ab sp=0x000000446d9fe580
Event: 1.482 Thread 0x000001cf224010e0 DEOPT UNPACKING pc=0x000001cf15582b43 sp=0x000000446d9fdac8 mode 3
Event: 1.633 Thread 0x000001cf2227b0b0 DEOPT PACKING pc=0x000001cf15a65b81 sp=0x000000446e4fec10
Event: 1.633 Thread 0x000001cf2227b0b0 DEOPT UNPACKING pc=0x000001cf15582b43 sp=0x000000446e4fe0a0 mode 3
Event: 1.690 Thread 0x000001cf22279d70 DEOPT PACKING pc=0x000001cf15d683b5 sp=0x000000446edfd7e0
Event: 1.690 Thread 0x000001cf22279d70 DEOPT UNPACKING pc=0x000001cf15582b43 sp=0x000000446edfcd08 mode 3
Event: 1.717 Thread 0x000001cf2227a240 DEOPT PACKING pc=0x000001cf15a63097 sp=0x000000446eeff090
Event: 1.717 Thread 0x000001cf2227a240 DEOPT UNPACKING pc=0x000001cf15582b43 sp=0x000000446eefe4e8 mode 3

Classes unloaded (0 events):
No events

Classes redefined (0 events):
No events

Internal exceptions (20 events):
Event: 1.956 Thread 0x000001cf2227abe0 Exception <a 'sun/nio/fs/WindowsException'{0x0000000086b62608}> (0x0000000086b62608) 
thrown [e:\jenkins\tmp\workspace\build\src\src\hotspot\share\prims\jni.cpp, line 516]
Event: 1.956 Thread 0x000001cf2227a710 Exception <a 'sun/nio/fs/WindowsException'{0x0000000086b56ba0}> (0x0000000086b56ba0) 
thrown [e:\jenkins\tmp\workspace\build\src\src\hotspot\share\prims\jni.cpp, line 516]
Event: 1.956 Thread 0x000001cf2227abe0 Exception <a 'sun/nio/fs/WindowsException'{0x0000000086b62a88}> (0x0000000086b62a88) 
thrown [e:\jenkins\tmp\workspace\build\src\src\hotspot\share\prims\jni.cpp, line 516]
Event: 1.957 Thread 0x000001cf2227a710 Exception <a 'sun/nio/fs/WindowsException'{0x0000000086b57040}> (0x0000000086b57040) 
thrown [e:\jenkins\tmp\workspace\build\src\src\hotspot\share\prims\jni.cpp, line 516]
Event: 1.962 Thread 0x000001cf2227abe0 Exception <a 'sun/nio/fs/WindowsException'{0x0000000088ec2980}> (0x0000000088ec2980) 
thrown [e:\jenkins\tmp\workspace\build\src\src\hotspot\share\prims\jni.cpp, line 516]
Event: 1.962 Thread 0x000001cf22564b40 Exception <a 'sun/nio/fs/WindowsException'{0x0000000088eda920}> (0x0000000088eda920) 
thrown [e:\jenkins\tmp\workspace\build\src\src\hotspot\share\prims\jni.cpp, line 516]
Event: 1.962 Thread 0x000001cf2227abe0 Exception <a 'sun/nio/fs/WindowsException'{0x0000000088db2cc0}> (0x0000000088db2cc0) 
thrown [e:\jenkins\tmp\workspace\build\src\src\hotspot\share\prims\jni.cpp, line 516]
Event: 1.962 Thread 0x000001cf22564b40 Exception <a 'sun/nio/fs/WindowsException'{0x0000000088edad80}> (0x0000000088edad80) 
thrown [e:\jenkins\tmp\workspace\build\src\src\hotspot\share\prims\jni.cpp, line 516]
Event: 1.965 Thread 0x000001cf2227ba50 Exception <a 'sun/nio/fs/WindowsException'{0x0000000087c29c90}> (0x0000000087c29c90) 
thrown [e:\jenkins\tmp\workspace\build\src\src\hotspot\share\prims\jni.cpp, line 516]
Event: 1.965 Thread 0x000001cf2227ba50 Exception <a 'sun/nio/fs/WindowsException'{0x0000000087c2a110}> (0x0000000087c2a110) 
thrown [e:\jenkins\tmp\workspace\build\src\src\hotspot\share\prims\jni.cpp, line 516]
Event: 1.967 Thread 0x000001cf2227b0b0 Exception <a 'sun/nio/fs/WindowsException'{0x000000008784d6a0}> (0x000000008784d6a0) 
thrown [e:\jenkins\tmp\workspace\build\src\src\hotspot\share\prims\jni.cpp, line 516]
Event: 1.967 Thread 0x000001cf2227b0b0 Exception <a 'sun/nio/fs/WindowsException'{0x00000000877cf1c8}> (0x00000000877cf1c8) 
thrown [e:\jenkins\tmp\workspace\build\src\src\hotspot\share\prims\jni.cpp, line 516]
Event: 1.971 Thread 0x000001cf2227a710 Exception <a 'sun/nio/fs/WindowsException'{0x0000000086fd2638}> (0x0000000086fd2638) 
thrown [e:\jenkins\tmp\workspace\build\src\src\hotspot\share\prims\jni.cpp, line 516]
Event: 1.971 Thread 0x000001cf2227a710 Exception <a 'sun/nio/fs/WindowsException'{0x0000000086fd2a78}> (0x0000000086fd2a78) 
thrown [e:\jenkins\tmp\workspace\build\src\src\hotspot\share\prims\jni.cpp, line 516]
Event: 1.974 Thread 0x000001cf2227abe0 Exception <a 'sun/nio/fs/WindowsException'{0x0000000086bf6ff0}> (0x0000000086bf6ff0) 
thrown [e:\jenkins\tmp\workspace\build\src\src\hotspot\share\prims\jni.cpp, line 516]
Event: 1.974 Thread 0x000001cf2227abe0 Exception <a 'sun/nio/fs/WindowsException'{0x0000000086bf74b0}> (0x0000000086bf74b0) 
thrown [e:\jenkins\tmp\workspace\build\src\src\hotspot\share\prims\jni.cpp, line 516]
Event: 1.974 Thread 0x000001cf22278560 Exception <a 'sun/nio/fs/WindowsException'{0x0000000086bae488}> (0x0000000086bae488) 
thrown [e:\jenkins\tmp\workspace\build\src\src\hotspot\share\prims\jni.cpp, line 516]
Event: 1.974 Thread 0x000001cf22278560 Exception <a 'sun/nio/fs/WindowsException'{0x0000000086bae8c0}> (0x0000000086bae8c0) 
thrown [e:\jenkins\tmp\workspace\build\src\src\hotspot\share\prims\jni.cpp, line 516]
Event: 1.974 Thread 0x000001cf22278560 Exception <a 'sun/nio/fs/WindowsException'{0x0000000086a7e038}> (0x0000000086a7e038) 
thrown [e:\jenkins\tmp\workspace\build\src\src\hotspot\share\prims\jni.cpp, line 516]
Event: 1.974 Thread 0x000001cf22278560 Exception <a 'sun/nio/fs/WindowsException'{0x0000000086a7e488}> (0x0000000086a7e488) 
thrown [e:\jenkins\tmp\workspace\build\src\src\hotspot\share\prims\jni.cpp, line 516]

VM Operations (20 events):
Event: 1.938 Executing VM operation: ICBufferFull done
Event: 1.938 Executing VM operation: ICBufferFull
Event: 1.939 Executing VM operation: ICBufferFull done
Event: 1.939 Executing VM operation: ICBufferFull
Event: 1.939 Executing VM operation: ICBufferFull done
Event: 1.939 Executing VM operation: ICBufferFull
Event: 1.939 Executing VM operation: ICBufferFull done
Event: 1.939 Executing VM operation: ICBufferFull
Event: 1.939 Executing VM operation: ICBufferFull done
Event: 1.939 Executing VM operation: ICBufferFull
Event: 1.939 Executing VM operation: ICBufferFull done
Event: 1.940 Executing VM operation: HandshakeAllThreads
Event: 1.940 Executing VM operation: HandshakeAllThreads done
Event: 1.941 Executing VM operation: HandshakeAllThreads
Event: 1.941 Executing VM operation: HandshakeAllThreads done
Event: 1.957 Executing VM operation: G1CollectForAllocation
Event: 1.957 Executing VM operation: G1CollectForAllocation done
Event: 1.957 Executing VM operation: G1CollectForAllocation
Event: 1.960 Executing VM operation: G1CollectForAllocation done
Event: 1.974 Executing VM operation: G1CollectForAllocation

Events (20 events):
Event: 1.721 loading class java/util/concurrent/CompletableFuture$UniCompose done
Event: 1.721 Thread 0x000001cf22920f60 Thread added: 0x000001cf22920f60
Event: 1.722 Thread 0x000001cf22924920 Thread added: 0x000001cf22924920
Event: 1.722 loading class java/util/concurrent/CompletableFuture$UniRelay
Event: 1.722 loading class java/util/concurrent/CompletableFuture$UniRelay done
Event: 1.758 Thread 0x000001cf22925c60 Thread added: 0x000001cf22925c60
Event: 1.760 loading class java/util/concurrent/CompletionException
Event: 1.760 loading class java/util/concurrent/CompletionException done
Event: 1.764 loading class java/io/PrintWriter
Event: 1.764 loading class java/io/PrintWriter done
Event: 1.765 loading class sun/nio/cs/StringUTF16
Event: 1.765 loading class sun/nio/cs/StringUTF16 done
Event: 1.766 loading class java/util/WeakHashMap$EntrySet
Event: 1.766 loading class java/util/WeakHashMap$EntrySet done
Event: 1.766 loading class java/util/WeakHashMap$EntryIterator
Event: 1.766 loading class java/util/WeakHashMap$HashIterator
Event: 1.766 loading class java/util/WeakHashMap$HashIterator done
Event: 1.766 loading class java/util/WeakHashMap$EntryIterator done
Event: 1.899 loading class sun/nio/fs/WindowsChannelFactory$2
Event: 1.899 loading class sun/nio/fs/WindowsChannelFactory$2 done


Dynamic libraries:
0x00007ff6e3260000 - 0x00007ff6e326e000 	c:\Users\Fadilou Sy\.vscode\extensions\redhat.java-1.7.0-win32-x64\jre\17.0.3-win32-x86_64\bin\java.exe
0x00007ff9cc7b0000 - 0x00007ff9cc9a5000 	C:\WINDOWS\SYSTEM32\ntdll.dll
0x00007ff9cacf0000 - 0x00007ff9cadad000 	C:\WINDOWS\System32\KERNEL32.DLL
0x00007ff9c9f20000 - 0x00007ff9ca1ed000 	C:\WINDOWS\System32\KERNELBASE.dll
0x00007ff9c73a0000 - 0x00007ff9c7430000 	C:\WINDOWS\SYSTEM32\apphelp.dll
0x00007ff9ca300000 - 0x00007ff9ca400000 	C:\WINDOWS\System32\ucrtbase.dll
0x00007ff9a7f00000 - 0x00007ff9a7f18000 	c:\Users\Fadilou Sy\.vscode\extensions\redhat.java-1.7.0-win32-x64\jre\17.0.3-win32-x86_64\bin\jli.dll
0x00007ff9a7ea0000 - 0x00007ff9a7eb9000 	c:\Users\Fadilou Sy\.vscode\extensions\redhat.java-1.7.0-win32-x64\jre\17.0.3-win32-x86_64\bin\VCRUNTIME140.dll
0x00007ff9cadb0000 - 0x00007ff9caf50000 	C:\WINDOWS\System32\USER32.dll
0x00007ff9ca550000 - 0x00007ff9ca572000 	C:\WINDOWS\System32\win32u.dll
0x00007ff9b6a70000 - 0x00007ff9b6d0a000 	C:\WINDOWS\WinSxS\amd64_microsoft.windows.common-controls_6595b64144ccf1df_6.0.19041.1110_none_60b5254171f9507e\COMCTL32.dll
0x00007ff9cb0a0000 - 0x00007ff9cb0ca000 	C:\WINDOWS\System32\GDI32.dll
0x00007ff9ca1f0000 - 0x00007ff9ca2fb000 	C:\WINDOWS\System32\gdi32full.dll
0x00007ff9cb0d0000 - 0x00007ff9cb16e000 	C:\WINDOWS\System32\msvcrt.dll
0x00007ff9ca580000 - 0x00007ff9ca61d000 	C:\WINDOWS\System32\msvcp_win.dll
0x00007ff9caf50000 - 0x00007ff9caf80000 	C:\WINDOWS\System32\IMM32.DLL
0x00007ff9a7ef0000 - 0x00007ff9a7efc000 	c:\Users\Fadilou Sy\.vscode\extensions\redhat.java-1.7.0-win32-x64\jre\17.0.3-win32-x86_64\bin\vcruntime140_1.dll
0x00007ff9a11e0000 - 0x00007ff9a1271000 	c:\Users\Fadilou Sy\.vscode\extensions\redhat.java-1.7.0-win32-x64\jre\17.0.3-win32-x86_64\bin\msvcp140.dll
0x00007ff967df0000 - 0x00007ff968a38000 	c:\Users\Fadilou Sy\.vscode\extensions\redhat.java-1.7.0-win32-x64\jre\17.0.3-win32-x86_64\bin\server\jvm.dll
0x00007ff9cbe90000 - 0x00007ff9cbf3e000 	C:\WINDOWS\System32\ADVAPI32.dll
0x00007ff9cc6d0000 - 0x00007ff9cc76c000 	C:\WINDOWS\System32\sechost.dll
0x00007ff9ca860000 - 0x00007ff9ca985000 	C:\WINDOWS\System32\RPCRT4.dll
0x00007ff9cb530000 - 0x00007ff9cb538000 	C:\WINDOWS\System32\PSAPI.DLL
0x00007ff9b1a00000 - 0x00007ff9b1a09000 	C:\WINDOWS\SYSTEM32\WSOCK32.dll
0x00007ff9b3bd0000 - 0x00007ff9b3bf7000 	C:\WINDOWS\SYSTEM32\WINMM.dll
0x00007ff9c3970000 - 0x00007ff9c397a000 	C:\WINDOWS\SYSTEM32\VERSION.dll
0x00007ff9cbfa0000 - 0x00007ff9cc00b000 	C:\WINDOWS\System32\WS2_32.dll
0x00007ff9c8800000 - 0x00007ff9c8812000 	C:\WINDOWS\SYSTEM32\kernel.appcore.dll
0x00007ff9a7e90000 - 0x00007ff9a7e9a000 	c:\Users\Fadilou Sy\.vscode\extensions\redhat.java-1.7.0-win32-x64\jre\17.0.3-win32-x86_64\bin\jimage.dll
0x00007ff9c7b70000 - 0x00007ff9c7d54000 	C:\WINDOWS\SYSTEM32\DBGHELP.DLL
0x00007ff9afb60000 - 0x00007ff9afb8c000 	C:\WINDOWS\SYSTEM32\dbgcore.DLL
0x00007ff9ca670000 - 0x00007ff9ca6f2000 	C:\WINDOWS\System32\bcryptPrimitives.dll
0x00007ff9a50c0000 - 0x00007ff9a50e5000 	c:\Users\Fadilou Sy\.vscode\extensions\redhat.java-1.7.0-win32-x64\jre\17.0.3-win32-x86_64\bin\java.dll
0x00007ff9a7e50000 - 0x00007ff9a7e68000 	c:\Users\Fadilou Sy\.vscode\extensions\redhat.java-1.7.0-win32-x64\jre\17.0.3-win32-x86_64\bin\zip.dll
0x00007ff9cb740000 - 0x00007ff9cbe84000 	C:\WINDOWS\System32\SHELL32.dll
0x00007ff9c8000000 - 0x00007ff9c8794000 	C:\WINDOWS\SYSTEM32\windows.storage.dll
0x00007ff9cb170000 - 0x00007ff9cb4c4000 	C:\WINDOWS\System32\combase.dll
0x00007ff9c9980000 - 0x00007ff9c99ac000 	C:\WINDOWS\SYSTEM32\Wldp.dll
0x00007ff9cabd0000 - 0x00007ff9cac7d000 	C:\WINDOWS\System32\SHCORE.dll
0x00007ff9cb4d0000 - 0x00007ff9cb525000 	C:\WINDOWS\System32\shlwapi.dll
0x00007ff9c9e60000 - 0x00007ff9c9e7f000 	C:\WINDOWS\SYSTEM32\profapi.dll
0x00007ff9a59d0000 - 0x00007ff9a59e9000 	C:\Users\Fadilou Sy\.vscode\extensions\redhat.java-1.7.0-win32-x64\jre\17.0.3-win32-x86_64\bin\net.dll
0x00007ff9b70d0000 - 0x00007ff9b71da000 	C:\WINDOWS\SYSTEM32\WINHTTP.dll
0x00007ff9c96e0000 - 0x00007ff9c974a000 	C:\WINDOWS\system32\mswsock.dll
0x00007ff9a5020000 - 0x00007ff9a5035000 	C:\Users\Fadilou Sy\.vscode\extensions\redhat.java-1.7.0-win32-x64\jre\17.0.3-win32-x86_64\bin\nio.dll
0x00007ff9a7e40000 - 0x00007ff9a7e50000 	c:\Users\Fadilou Sy\.vscode\extensions\redhat.java-1.7.0-win32-x64\jre\17.0.3-win32-x86_64\bin\verify.dll
0x00007ff9c4cf0000 - 0x00007ff9c4cf9000 	C:\Users\Fadilou Sy\.vscode\extensions\redhat.java-1.7.0-win32-x64\jre\17.0.3-win32-x86_64\bin\management.dll
0x00007ff9c4ce0000 - 0x00007ff9c4ceb000 	C:\Users\Fadilou Sy\.vscode\extensions\redhat.java-1.7.0-win32-x64\jre\17.0.3-win32-x86_64\bin\management_ext.dll
0x00007ff98aae0000 - 0x00007ff98aaf7000 	C:\WINDOWS\system32\napinsp.dll
0x00007ff97e740000 - 0x00007ff97e75b000 	C:\WINDOWS\system32\pnrpnsp.dll
0x00007ff9c5080000 - 0x00007ff9c5095000 	C:\WINDOWS\system32\wshbth.dll
0x00007ff9c4c90000 - 0x00007ff9c4cad000 	C:\WINDOWS\system32\NLAapi.dll
0x00007ff9c9380000 - 0x00007ff9c93bb000 	C:\WINDOWS\SYSTEM32\IPHLPAPI.DLL
0x00007ff9c93d0000 - 0x00007ff9c949b000 	C:\WINDOWS\SYSTEM32\DNSAPI.dll
0x00007ff9cace0000 - 0x00007ff9cace8000 	C:\WINDOWS\System32\NSI.dll
0x00007ff97e720000 - 0x00007ff97e732000 	C:\WINDOWS\System32\winrnr.dll
0x000000006a180000 - 0x000000006a1a6000 	C:\Program Files\Bonjour\mdnsNSP.dll
0x00007ff9b6e80000 - 0x00007ff9b6e8a000 	C:\Windows\System32\rasadhlp.dll
0x00007ff9b6f40000 - 0x00007ff9b6fc0000 	C:\WINDOWS\System32\fwpuclnt.dll
0x00007ff9ca400000 - 0x00007ff9ca427000 	C:\WINDOWS\System32\bcrypt.dll
0x00007ff9c98d0000 - 0x00007ff9c98e8000 	C:\WINDOWS\SYSTEM32\CRYPTSP.dll
0x00007ff9c8ff0000 - 0x00007ff9c9024000 	C:\WINDOWS\system32\rsaenh.dll
0x00007ff9c9e20000 - 0x00007ff9c9e4e000 	C:\WINDOWS\SYSTEM32\USERENV.dll
0x00007ff9c98f0000 - 0x00007ff9c98fc000 	C:\WINDOWS\SYSTEM32\CRYPTBASE.dll
0x00007ff9c16d0000 - 0x00007ff9c16e7000 	C:\WINDOWS\SYSTEM32\dhcpcsvc6.DLL
0x00007ff9c1920000 - 0x00007ff9c193d000 	C:\WINDOWS\SYSTEM32\dhcpcsvc.DLL

dbghelp: loaded successfully - version: 4.0.5 - missing functions: none
symbol engine: initialized successfully - sym options: 0x614 - pdb path: .;c:\Users\Fadilou Sy\.vscode\extensions\redhat.java-1.7.0-win32-x64\jre\17.0.3-win32-x86_64\bin;C:\WINDOWS\SYSTEM32;C:\WINDOWS\WinSxS\amd64_microsoft.windows.common-controls_6595b64144ccf1df_6.0.19041.1110_none_60b5254171f9507e;c:\Users\Fadilou Sy\.vscode\extensions\redhat.java-1.7.0-win32-x64\jre\17.0.3-win32-x86_64\bin\server;C:\Program Files\Bonjour

VM Arguments:
jvm_args: --add-modules=ALL-SYSTEM --add-exports=jdk.compiler/com.sun.tools.javac.file=ALL-UNNAMED --add-exports=jdk.compiler/com.sun.tools.javac.util=ALL-UNNAMED --add-exports=jdk.compiler/com.sun.tools.javac.comp=ALL-UNNAMED --add-exports=jdk.compiler/com.sun.tools.javac.main=ALL-UNNAMED --add-exports=jdk.compiler/com.sun.tools.javac.tree=ALL-UNNAMED --add-exports=jdk.compiler/com.sun.tools.javac.code=ALL-UNNAMED -Dsts.lsp.client=vscode -Dsts.log.file=/dev/null -XX:TieredStopAtLevel=1 -Dspring.config.location=file:c:\Users\Fadilou Sy\.vscode\extensions\pivotal.vscode-spring-boot-1.35.0\language-server\BOOT-INF\classes\application.properties 
java_command: org.springframework.ide.vscode.boot.app.BootLanguageServerBootApp
java_class_path (initial): c:\Users\Fadilou Sy\.vscode\extensions\pivotal.vscode-spring-boot-1.35.0\language-server\BOOT-INF\classes;c:\Users\Fadilou Sy\.vscode\extensions\pivotal.vscode-spring-boot-1.35.0\language-server\BOOT-INF\lib\annotations-23.0.0.jar;c:\Users\Fadilou Sy\.vscode\extensions\pivotal.vscode-spring-boot-1.35.0\language-server\BOOT-INF\lib\antlr-runtime-3.5.2.jar;c:\Users\Fadilou Sy\.vscode\extensions\pivotal.vscode-spring-boot-1.35.0\language-server\BOOT-INF\lib\antlr4-4.9.3.jar;c:\Users\Fadilou Sy\.vscode\extensions\pivotal.vscode-spring-boot-1.35.0\language-server\BOOT-INF\lib\antlr4-runtime-4.9.3.jar;c:\Users\Fadilou Sy\.vscode\extensions\pivotal.vscode-spring-boot-1.35.0\language-server\BOOT-INF\lib\asm-9.3.jar;c:\Users\Fadilou Sy\.vscode\extensions\pivotal.vscode-spring-boot-1.35.0\language-server\BOOT-INF\lib\asm-analysis-9.3.jar;c:\Users\Fadilou Sy\.vscode\extensions\pivotal.vscode-spring-boot-1.35.0\language-server\BOOT-INF\lib\asm-tree-9.3.jar;c:\Users\Fadilou Sy\.vscode\extensions\pivotal.vscode-spring-boot-1.35.0\language-server\BOOT-INF\lib\asm-util-9.3.jar;c:\Users\Fadilou Sy\.vscode\extensions\pivotal.vscode-spring-boot-1.35.0\language-server\BOOT-INF\lib\byte-buddy-1.10.18.jar;c:\Users\Fadilou Sy\.vscode\extensions\pivotal.vscode-spring-boot-1.35.0\language-server\BOOT-INF\lib\caffeine-2.8.6.jar;c:\Users\Fadilou Sy\.vscode\extensions\pivotal.vscode-spring-boot-1.35.0\language-server\BOOT-INF\lib\checker-qual-3.12.0.jar;c:\Users\Fadilou Sy\.vscode\extensions\pivotal.vscode-spring-boot-1.35.0\language-server\BOOT-INF\lib\classgraph-4.8.146.jar;c:\Users\Fadilou Sy\.vscode\extensions\pivotal.vscode-spring-boot-1.35.0\language-server\BOOT-INF\lib\commons-codec-1.14.jar;c:\Users\Fadilou Sy\.vscode\extensions\pivotal.vscode-spring-boot-1.35.0\language-server\BOOT-INF\lib\commons-compress-1.21.jar;c:\Users\Fadilou Sy\.vscode\extensions\pivotal.vscode-spring-boot-1.35.0\language-server\BOOT-INF\lib\commons-exec-1.3.jar;c:\Users\Fadilou Sy\
Launcher Type: SUN_STANDARD

[Global flags]
     intx CICompilerCount                          = 4                                         {product} {ergonomic}
     uint ConcGCThreads                            = 2                                         {product} {ergonomic}
     uint G1ConcRefinementThreads                  = 8                                         {product} {ergonomic}
   size_t G1HeapRegionSize                         = 1048576                                   {product} {ergonomic}
    uintx GCDrainStackTargetSize                   = 64                                        {product} {ergonomic}
   size_t InitialHeapSize                          = 132120576                                 {product} {ergonomic}
   size_t MarkStackSize                            = 4194304                                   {product} {ergonomic}
   size_t MaxHeapSize                              = 2109734912                                {product} {ergonomic}
   size_t MaxNewSize                               = 1265631232                                {product} {ergonomic}
   size_t MinHeapDeltaBytes                        = 1048576                                   {product} {ergonomic}
   size_t MinHeapSize                              = 8388608                                   {product} {ergonomic}
    uintx NonProfiledCodeHeapSize                  = 0                                      {pd product} {ergonomic}
     bool ProfileInterpreter                       = false                                  {pd product} {command line}
    uintx ProfiledCodeHeapSize                     = 0                                      {pd product} {ergonomic}
   size_t SoftMaxHeapSize                          = 2109734912                             {manageable} {ergonomic}
     intx TieredStopAtLevel                        = 1                                         {product} {command line}
     bool UseCompressedClassPointers               = true                           {product lp64_product} {ergonomic}
     bool UseCompressedOops                        = true                           {product lp64_product} {ergonomic}
     bool UseG1GC                                  = true                                      {product} {ergonomic}
     bool UseLargePagesIndividualAllocation        = false                                  {pd product} {ergonomic}

Logging:
Log output configuration:
 #0: stdout all=warning uptime,level,tags
 #1: stderr all=off uptime,level,tags

Environment Variables:
PATH=C:\Program Files (x86)\Common Files\Oracle\Java\javapath;C:\ProgramData\Oracle\Java\javapath;C:\WINDOWS\system32;C:\WINDOWS;C:\WINDOWS\System32\Wbem;C:\WINDOWS\System32\WindowsPowerShell\v1.0\;C:\WINDOWS\System32\OpenSSH\;C:\Program Files\Git\cmd;C:\Users\Fadilou Sy\AppData\Local\Microsoft\WindowsApps;;C:\Users\Fadilou Sy\AppData\Local\Programs\Microsoft VS Code\bin
USERNAME=Fadilou Sy
OS=Windows_NT
PROCESSOR_IDENTIFIER=Intel64 Family 6 Model 142 Stepping 12, GenuineIntel



---------------  S Y S T E M  ---------------

OS:
 Windows 10 , 64 bit Build 19041 (10.0.19041.1706)
OS uptime: 2 days 7:29 hours

CPU: total 8 (initial active 8) (4 cores per cpu, 2 threads per core) family 6 model 142 stepping 12 microcode 0xf0, cx8, cmov, fxsr, ht, mmx, 3dnowpref, sse, sse2, sse3, ssse3, sse4.1, sse4.2, popcnt, lzcnt, tsc, tscinvbit, avx, avx2, aes, erms, clmul, bmi1, bmi2, adx, fma, vzeroupper, clflush, clflushopt

Memory: 4k page, system-wide physical 8040M (599M free)
TotalPageFile size 24907M (AvailPageFile size 21M)
current process WorkingSet (physical memory assigned to process): 191M, peak: 191M
current process commit charge ("private bytes"): 263M, peak: 318M

vm_info: OpenJDK 64-Bit Server VM (17.0.3+7) for windows-amd64 JRE (17.0.3+7), built on Apr 19 2022 16:55:35 by "" with MS VC++ 16.7 (VS2019)

END.
